This file contains any messages produced by compilers while
running configure, to aid debugging if configure makes a mistake.

It was created by npth configure 1.2, which was
generated by GNU Autoconf 2.69.  Invocation command line was

  $ /home/parallels/Documents/gnupg-2.1.8/PLAY/src/npth/configure --silent --enable-maintainer-mode --prefix=/usr/local

## --------- ##
## Platform. ##
## --------- ##

hostname = ubuntu
uname -m = x86_64
uname -r = 3.13.0-32-generic
uname -s = Linux
uname -v = #57-Ubuntu SMP Tue Jul 15 03:51:08 UTC 2014

/usr/bin/uname -p = unknown
/bin/uname -X     = unknown

/bin/arch              = unknown
/usr/bin/arch -k       = unknown
/usr/convex/getsysinfo = unknown
/usr/bin/hostinfo      = unknown
/bin/machine           = unknown
/usr/bin/oslevel       = unknown
/bin/universe          = unknown

PATH: /usr/local/bin
PATH: /usr/local/sbin
PATH: /usr/local/bin
PATH: /usr/sbin
PATH: /usr/bin
PATH: /sbin
PATH: /bin


## ----------- ##
## Core tests. ##
## ----------- ##

configure:2368: checking for a BSD-compatible install
configure:2436: result: /usr/bin/install -c
configure:2447: checking whether build environment is sane
configure:2502: result: yes
configure:2653: checking for a thread-safe mkdir -p
configure:2692: result: /bin/mkdir -p
configure:2699: checking for gawk
configure:2729: result: no
configure:2699: checking for mawk
configure:2715: found /usr/bin/mawk
configure:2726: result: mawk
configure:2737: checking whether make sets $(MAKE)
configure:2759: result: yes
configure:2788: checking whether make supports nested variables
configure:2805: result: yes
configure:2932: checking whether to enable maintainer-specific portions of Makefiles
configure:2941: result: yes
configure:2958: checking build system type
configure:2972: result: x86_64-unknown-linux-gnu
configure:2992: checking host system type
configure:3005: result: x86_64-unknown-linux-gnu
configure:3036: checking whether make supports nested variables
configure:3053: result: yes
configure:3078: checking for style of include used by make
configure:3106: result: GNU
configure:3177: checking for gcc
configure:3193: found /usr/bin/gcc
configure:3204: result: gcc
configure:3433: checking for C compiler version
configure:3442: gcc --version >&5
gcc (Ubuntu 4.8.4-2ubuntu1~14.04.3) 4.8.4
Copyright (C) 2013 Free Software Foundation, Inc.
This is free software; see the source for copying conditions.  There is NO
warranty; not even for MERCHANTABILITY or FITNESS FOR A PARTICULAR PURPOSE.

configure:3453: $? = 0
configure:3442: gcc -v >&5
Using built-in specs.
COLLECT_GCC=gcc
COLLECT_LTO_WRAPPER=/usr/lib/gcc/x86_64-linux-gnu/4.8/lto-wrapper
Target: x86_64-linux-gnu
Configured with: ../src/configure -v --with-pkgversion='Ubuntu 4.8.4-2ubuntu1~14.04.3' --with-bugurl=file:///usr/share/doc/gcc-4.8/README.Bugs --enable-languages=c,c++,java,go,d,fortran,objc,obj-c++ --prefix=/usr --program-suffix=-4.8 --enable-shared --enable-linker-build-id --libexecdir=/usr/lib --without-included-gettext --enable-threads=posix --with-gxx-include-dir=/usr/include/c++/4.8 --libdir=/usr/lib --enable-nls --with-sysroot=/ --enable-clocale=gnu --enable-libstdcxx-debug --enable-libstdcxx-time=yes --enable-gnu-unique-object --disable-libmudflap --enable-plugin --with-system-zlib --disable-browser-plugin --enable-java-awt=gtk --enable-gtk-cairo --with-java-home=/usr/lib/jvm/java-1.5.0-gcj-4.8-amd64/jre --enable-java-home --with-jvm-root-dir=/usr/lib/jvm/java-1.5.0-gcj-4.8-amd64 --with-jvm-jar-dir=/usr/lib/jvm-exports/java-1.5.0-gcj-4.8-amd64 --with-arch-directory=amd64 --with-ecj-jar=/usr/share/java/eclipse-ecj.jar --enable-objc-gc --enable-multiarch --disable-werror --with-arch-32=i686 --with-abi=m64 --with-multilib-list=m32,m64,mx32 --with-tune=generic --enable-checking=release --build=x86_64-linux-gnu --host=x86_64-linux-gnu --target=x86_64-linux-gnu
Thread model: posix
gcc version 4.8.4 (Ubuntu 4.8.4-2ubuntu1~14.04.3) 
configure:3453: $? = 0
configure:3442: gcc -V >&5
gcc: error: unrecognized command line option '-V'
gcc: fatal error: no input files
compilation terminated.
configure:3453: $? = 4
configure:3442: gcc -qversion >&5
gcc: error: unrecognized command line option '-qversion'
gcc: fatal error: no input files
compilation terminated.
configure:3453: $? = 4
configure:3473: checking whether the C compiler works
configure:3495: gcc    conftest.c  >&5
configure:3499: $? = 0
configure:3547: result: yes
configure:3550: checking for C compiler default output file name
configure:3552: result: a.out
configure:3558: checking for suffix of executables
configure:3565: gcc -o conftest    conftest.c  >&5
configure:3569: $? = 0
configure:3591: result: 
configure:3613: checking whether we are cross compiling
configure:3621: gcc -o conftest    conftest.c  >&5
configure:3625: $? = 0
configure:3632: ./conftest
configure:3636: $? = 0
configure:3651: result: no
configure:3656: checking for suffix of object files
configure:3678: gcc -c   conftest.c >&5
configure:3682: $? = 0
configure:3703: result: o
configure:3707: checking whether we are using the GNU C compiler
configure:3726: gcc -c   conftest.c >&5
configure:3726: $? = 0
configure:3735: result: yes
configure:3744: checking whether gcc accepts -g
configure:3764: gcc -c -g  conftest.c >&5
configure:3764: $? = 0
configure:3805: result: yes
configure:3822: checking for gcc option to accept ISO C89
configure:3885: gcc  -c -g -O2  conftest.c >&5
configure:3885: $? = 0
configure:3898: result: none needed
configure:3923: checking whether gcc understands -c and -o together
configure:3945: gcc -c conftest.c -o conftest2.o
configure:3948: $? = 0
configure:3945: gcc -c conftest.c -o conftest2.o
configure:3948: $? = 0
configure:3960: result: yes
configure:3979: checking dependency style of gcc
configure:4090: result: gcc3
configure:4111: checking how to run the C preprocessor
configure:4142: gcc -E  conftest.c
configure:4142: $? = 0
configure:4156: gcc -E  conftest.c
conftest.c:11:28: fatal error: ac_nonexistent.h: No such file or directory
 #include <ac_nonexistent.h>
                            ^
compilation terminated.
configure:4156: $? = 1
configure: failed program was:
| /* confdefs.h */
| #define PACKAGE_NAME "npth"
| #define PACKAGE_TARNAME "npth"
| #define PACKAGE_VERSION "1.2"
| #define PACKAGE_STRING "npth 1.2"
| #define PACKAGE_BUGREPORT "gnupg-devel@gnupg.org"
| #define PACKAGE_URL ""
| #define PACKAGE "npth"
| #define VERSION "1.2"
| /* end confdefs.h.  */
| #include <ac_nonexistent.h>
configure:4181: result: gcc -E
configure:4201: gcc -E  conftest.c
configure:4201: $? = 0
configure:4215: gcc -E  conftest.c
conftest.c:11:28: fatal error: ac_nonexistent.h: No such file or directory
 #include <ac_nonexistent.h>
                            ^
compilation terminated.
configure:4215: $? = 1
configure: failed program was:
| /* confdefs.h */
| #define PACKAGE_NAME "npth"
| #define PACKAGE_TARNAME "npth"
| #define PACKAGE_VERSION "1.2"
| #define PACKAGE_STRING "npth 1.2"
| #define PACKAGE_BUGREPORT "gnupg-devel@gnupg.org"
| #define PACKAGE_URL ""
| #define PACKAGE "npth"
| #define VERSION "1.2"
| /* end confdefs.h.  */
| #include <ac_nonexistent.h>
configure:4244: checking for grep that handles long lines and -e
configure:4302: result: /bin/grep
configure:4307: checking for egrep
configure:4369: result: /bin/grep -E
configure:4374: checking for ANSI C header files
configure:4394: gcc -c -g -O2  conftest.c >&5
configure:4394: $? = 0
configure:4467: gcc -o conftest -g -O2   conftest.c  >&5
configure:4467: $? = 0
configure:4467: ./conftest
configure:4467: $? = 0
configure:4478: result: yes
configure:4491: checking for sys/types.h
configure:4491: gcc -c -g -O2  conftest.c >&5
configure:4491: $? = 0
configure:4491: result: yes
configure:4491: checking for sys/stat.h
configure:4491: gcc -c -g -O2  conftest.c >&5
configure:4491: $? = 0
configure:4491: result: yes
configure:4491: checking for stdlib.h
configure:4491: gcc -c -g -O2  conftest.c >&5
configure:4491: $? = 0
configure:4491: result: yes
configure:4491: checking for string.h
configure:4491: gcc -c -g -O2  conftest.c >&5
configure:4491: $? = 0
configure:4491: result: yes
configure:4491: checking for memory.h
configure:4491: gcc -c -g -O2  conftest.c >&5
configure:4491: $? = 0
configure:4491: result: yes
configure:4491: checking for strings.h
configure:4491: gcc -c -g -O2  conftest.c >&5
configure:4491: $? = 0
configure:4491: result: yes
configure:4491: checking for inttypes.h
configure:4491: gcc -c -g -O2  conftest.c >&5
configure:4491: $? = 0
configure:4491: result: yes
configure:4491: checking for stdint.h
configure:4491: gcc -c -g -O2  conftest.c >&5
configure:4491: $? = 0
configure:4491: result: yes
configure:4491: checking for unistd.h
configure:4491: gcc -c -g -O2  conftest.c >&5
configure:4491: $? = 0
configure:4491: result: yes
configure:4504: checking minix/config.h usability
configure:4504: gcc -c -g -O2  conftest.c >&5
conftest.c:54:26: fatal error: minix/config.h: No such file or directory
 #include <minix/config.h>
                          ^
compilation terminated.
configure:4504: $? = 1
configure: failed program was:
| /* confdefs.h */
| #define PACKAGE_NAME "npth"
| #define PACKAGE_TARNAME "npth"
| #define PACKAGE_VERSION "1.2"
| #define PACKAGE_STRING "npth 1.2"
| #define PACKAGE_BUGREPORT "gnupg-devel@gnupg.org"
| #define PACKAGE_URL ""
| #define PACKAGE "npth"
| #define VERSION "1.2"
| #define STDC_HEADERS 1
| #define HAVE_SYS_TYPES_H 1
| #define HAVE_SYS_STAT_H 1
| #define HAVE_STDLIB_H 1
| #define HAVE_STRING_H 1
| #define HAVE_MEMORY_H 1
| #define HAVE_STRINGS_H 1
| #define HAVE_INTTYPES_H 1
| #define HAVE_STDINT_H 1
| #define HAVE_UNISTD_H 1
| /* end confdefs.h.  */
| #include <stdio.h>
| #ifdef HAVE_SYS_TYPES_H
| # include <sys/types.h>
| #endif
| #ifdef HAVE_SYS_STAT_H
| # include <sys/stat.h>
| #endif
| #ifdef STDC_HEADERS
| # include <stdlib.h>
| # include <stddef.h>
| #else
| # ifdef HAVE_STDLIB_H
| #  include <stdlib.h>
| # endif
| #endif
| #ifdef HAVE_STRING_H
| # if !defined STDC_HEADERS && defined HAVE_MEMORY_H
| #  include <memory.h>
| # endif
| # include <string.h>
| #endif
| #ifdef HAVE_STRINGS_H
| # include <strings.h>
| #endif
| #ifdef HAVE_INTTYPES_H
| # include <inttypes.h>
| #endif
| #ifdef HAVE_STDINT_H
| # include <stdint.h>
| #endif
| #ifdef HAVE_UNISTD_H
| # include <unistd.h>
| #endif
| #include <minix/config.h>
configure:4504: result: no
configure:4504: checking minix/config.h presence
configure:4504: gcc -E  conftest.c
conftest.c:21:26: fatal error: minix/config.h: No such file or directory
 #include <minix/config.h>
                          ^
compilation terminated.
configure:4504: $? = 1
configure: failed program was:
| /* confdefs.h */
| #define PACKAGE_NAME "npth"
| #define PACKAGE_TARNAME "npth"
| #define PACKAGE_VERSION "1.2"
| #define PACKAGE_STRING "npth 1.2"
| #define PACKAGE_BUGREPORT "gnupg-devel@gnupg.org"
| #define PACKAGE_URL ""
| #define PACKAGE "npth"
| #define VERSION "1.2"
| #define STDC_HEADERS 1
| #define HAVE_SYS_TYPES_H 1
| #define HAVE_SYS_STAT_H 1
| #define HAVE_STDLIB_H 1
| #define HAVE_STRING_H 1
| #define HAVE_MEMORY_H 1
| #define HAVE_STRINGS_H 1
| #define HAVE_INTTYPES_H 1
| #define HAVE_STDINT_H 1
| #define HAVE_UNISTD_H 1
| /* end confdefs.h.  */
| #include <minix/config.h>
configure:4504: result: no
configure:4504: checking for minix/config.h
configure:4504: result: no
configure:4525: checking whether it is safe to define __EXTENSIONS__
configure:4543: gcc -c -g -O2  conftest.c >&5
configure:4543: $? = 0
configure:4550: result: yes
configure:4617: checking for gcc
configure:4644: result: gcc
configure:4873: checking for C compiler version
configure:4882: gcc --version >&5
gcc (Ubuntu 4.8.4-2ubuntu1~14.04.3) 4.8.4
Copyright (C) 2013 Free Software Foundation, Inc.
This is free software; see the source for copying conditions.  There is NO
warranty; not even for MERCHANTABILITY or FITNESS FOR A PARTICULAR PURPOSE.

configure:4893: $? = 0
configure:4882: gcc -v >&5
Using built-in specs.
COLLECT_GCC=gcc
COLLECT_LTO_WRAPPER=/usr/lib/gcc/x86_64-linux-gnu/4.8/lto-wrapper
Target: x86_64-linux-gnu
Configured with: ../src/configure -v --with-pkgversion='Ubuntu 4.8.4-2ubuntu1~14.04.3' --with-bugurl=file:///usr/share/doc/gcc-4.8/README.Bugs --enable-languages=c,c++,java,go,d,fortran,objc,obj-c++ --prefix=/usr --program-suffix=-4.8 --enable-shared --enable-linker-build-id --libexecdir=/usr/lib --without-included-gettext --enable-threads=posix --with-gxx-include-dir=/usr/include/c++/4.8 --libdir=/usr/lib --enable-nls --with-sysroot=/ --enable-clocale=gnu --enable-libstdcxx-debug --enable-libstdcxx-time=yes --enable-gnu-unique-object --disable-libmudflap --enable-plugin --with-system-zlib --disable-browser-plugin --enable-java-awt=gtk --enable-gtk-cairo --with-java-home=/usr/lib/jvm/java-1.5.0-gcj-4.8-amd64/jre --enable-java-home --with-jvm-root-dir=/usr/lib/jvm/java-1.5.0-gcj-4.8-amd64 --with-jvm-jar-dir=/usr/lib/jvm-exports/java-1.5.0-gcj-4.8-amd64 --with-arch-directory=amd64 --with-ecj-jar=/usr/share/java/eclipse-ecj.jar --enable-objc-gc --enable-multiarch --disable-werror --with-arch-32=i686 --with-abi=m64 --with-multilib-list=m32,m64,mx32 --with-tune=generic --enable-checking=release --build=x86_64-linux-gnu --host=x86_64-linux-gnu --target=x86_64-linux-gnu
Thread model: posix
gcc version 4.8.4 (Ubuntu 4.8.4-2ubuntu1~14.04.3) 
configure:4893: $? = 0
configure:4882: gcc -V >&5
gcc: error: unrecognized command line option '-V'
gcc: fatal error: no input files
compilation terminated.
configure:4893: $? = 4
configure:4882: gcc -qversion >&5
gcc: error: unrecognized command line option '-qversion'
gcc: fatal error: no input files
compilation terminated.
configure:4893: $? = 4
configure:4897: checking whether we are using the GNU C compiler
configure:4925: result: yes
configure:4934: checking whether gcc accepts -g
configure:4995: result: yes
configure:5012: checking for gcc option to accept ISO C89
configure:5088: result: none needed
configure:5113: checking whether gcc understands -c and -o together
configure:5150: result: yes
configure:5169: checking dependency style of gcc
configure:5280: result: gcc3
configure:5377: checking how to print strings
configure:5404: result: printf
configure:5425: checking for a sed that does not truncate output
configure:5489: result: /bin/sed
configure:5507: checking for fgrep
configure:5569: result: /bin/grep -F
configure:5604: checking for ld used by gcc
configure:5671: result: /usr/bin/ld
configure:5678: checking if the linker (/usr/bin/ld) is GNU ld
configure:5693: result: yes
configure:5705: checking for BSD- or MS-compatible name lister (nm)
configure:5754: result: /usr/bin/nm -B
configure:5884: checking the name lister (/usr/bin/nm -B) interface
configure:5891: gcc -c -g -O2  conftest.c >&5
configure:5894: /usr/bin/nm -B "conftest.o"
configure:5897: output
0000000000000000 B some_variable
configure:5904: result: BSD nm
configure:5907: checking whether ln -s works
configure:5911: result: yes
configure:5919: checking the maximum length of command line arguments
configure:6049: result: 3458764513820540925
configure:6066: checking whether the shell understands some XSI constructs
configure:6076: result: yes
configure:6080: checking whether the shell understands "+="
configure:6086: result: yes
configure:6121: checking how to convert x86_64-unknown-linux-gnu file names to x86_64-unknown-linux-gnu format
configure:6161: result: func_convert_file_noop
configure:6168: checking how to convert x86_64-unknown-linux-gnu file names to toolchain format
configure:6188: result: func_convert_file_noop
configure:6195: checking for /usr/bin/ld option to reload object files
configure:6202: result: -r
configure:6276: checking for objdump
configure:6292: found /usr/bin/objdump
configure:6303: result: objdump
configure:6332: checking how to recognize dependent libraries
configure:6530: result: pass_all
configure:6615: checking for dlltool
configure:6645: result: no
configure:6672: checking how to associate runtime and link libraries
configure:6699: result: printf %s\n
configure:6759: checking for ar
configure:6775: found /usr/bin/ar
configure:6786: result: ar
configure:6823: checking for archiver @FILE support
configure:6840: gcc -c -g -O2  conftest.c >&5
configure:6840: $? = 0
configure:6843: ar cru libconftest.a @conftest.lst >&5
configure:6846: $? = 0
configure:6851: ar cru libconftest.a @conftest.lst >&5
ar: conftest.o: No such file or directory
configure:6854: $? = 1
configure:6866: result: @
configure:6924: checking for strip
configure:6940: found /usr/bin/strip
configure:6951: result: strip
configure:7023: checking for ranlib
configure:7039: found /usr/bin/ranlib
configure:7050: result: ranlib
configure:7152: checking command to parse /usr/bin/nm -B output from gcc object
configure:7272: gcc -c -g -O2  conftest.c >&5
configure:7275: $? = 0
configure:7279: /usr/bin/nm -B conftest.o \| sed -n -e 's/^.*[ ]\([ABCDGIRSTW][ABCDGIRSTW]*\)[ ][ ]*\([_A-Za-z][_A-Za-z0-9]*\)$/\1 \2 \2/p' | sed '/ __gnu_lto/d' \> conftest.nm
configure:7282: $? = 0
configure:7348: gcc -o conftest -g -O2   conftest.c conftstm.o >&5
configure:7351: $? = 0
configure:7389: result: ok
configure:7426: checking for sysroot
configure:7456: result: no
configure:7533: gcc -c -g -O2  conftest.c >&5
configure:7536: $? = 0
configure:7712: checking for mt
configure:7728: found /bin/mt
configure:7739: result: mt
configure:7762: checking if mt is a manifest tool
configure:7768: mt '-?'
configure:7776: result: no
configure:8415: checking for dlfcn.h
configure:8415: gcc -c -g -O2  conftest.c >&5
configure:8415: $? = 0
configure:8415: result: yes
configure:8918: checking for objdir
configure:8933: result: .libs
configure:9204: checking if gcc supports -fno-rtti -fno-exceptions
configure:9222: gcc -c -g -O2  -fno-rtti -fno-exceptions conftest.c >&5
cc1: warning: command line option '-fno-rtti' is valid for C++/ObjC++ but not for C [enabled by default]
configure:9226: $? = 0
configure:9239: result: no
configure:9566: checking for gcc option to produce PIC
configure:9573: result: -fPIC -DPIC
configure:9581: checking if gcc PIC flag -fPIC -DPIC works
configure:9599: gcc -c -g -O2  -fPIC -DPIC -DPIC conftest.c >&5
configure:9603: $? = 0
configure:9616: result: yes
configure:9645: checking if gcc static flag -static works
configure:9673: result: yes
configure:9688: checking if gcc supports -c -o file.o
configure:9709: gcc -c -g -O2  -o out/conftest2.o conftest.c >&5
configure:9713: $? = 0
configure:9735: result: yes
configure:9743: checking if gcc supports -c -o file.o
configure:9790: result: yes
configure:9823: checking whether the gcc linker (/usr/bin/ld -m elf_x86_64) supports shared libraries
configure:10980: result: yes
configure:11017: checking whether -lc should be explicitly linked in
configure:11025: gcc -c -g -O2  conftest.c >&5
configure:11028: $? = 0
configure:11043: gcc -shared  -fPIC -DPIC conftest.o  -v -Wl,-soname -Wl,conftest -o conftest 2\>\&1 \| /bin/grep  -lc  \>/dev/null 2\>\&1
configure:11046: $? = 0
configure:11060: result: no
configure:11220: checking dynamic linker characteristics
configure:11740: gcc -o conftest -g -O2   -Wl,-rpath -Wl,/foo conftest.c  >&5
configure:11740: $? = 0
configure:11974: result: GNU/Linux ld.so
configure:12081: checking how to hardcode library paths into programs
configure:12106: result: immediate
configure:12646: checking whether stripping libraries is possible
configure:12651: result: yes
configure:12686: checking if libtool supports shared libraries
configure:12688: result: yes
configure:12691: checking whether to build shared libraries
configure:12712: result: yes
configure:12715: checking whether to build static libraries
configure:12719: result: no
configure:12799: checking for windres
configure:12829: result: no
configure:13034: checking sys/socket.h usability
configure:13034: gcc -c -g -O2  conftest.c >&5
configure:13034: $? = 0
configure:13034: result: yes
configure:13034: checking sys/socket.h presence
configure:13034: gcc -E  conftest.c
configure:13034: $? = 0
configure:13034: result: yes
configure:13034: checking for sys/socket.h
configure:13034: result: yes
configure:13034: checking sys/select.h usability
configure:13034: gcc -c -g -O2  conftest.c >&5
configure:13034: $? = 0
configure:13034: result: yes
configure:13034: checking sys/select.h presence
configure:13034: gcc -E  conftest.c
configure:13034: $? = 0
configure:13034: result: yes
configure:13034: checking for sys/select.h
configure:13034: result: yes
configure:13034: checking for unistd.h
configure:13034: result: yes
configure:13034: checking sys/time.h usability
configure:13034: gcc -c -g -O2  conftest.c >&5
configure:13034: $? = 0
configure:13034: result: yes
configure:13034: checking sys/time.h presence
configure:13034: gcc -E  conftest.c
configure:13034: $? = 0
configure:13034: result: yes
configure:13034: checking for sys/time.h
configure:13034: result: yes
configure:13034: checking time.h usability
configure:13034: gcc -c -g -O2  conftest.c >&5
configure:13034: $? = 0
configure:13034: result: yes
configure:13034: checking time.h presence
configure:13034: gcc -E  conftest.c
configure:13034: $? = 0
configure:13034: result: yes
configure:13034: checking for time.h
configure:13034: result: yes
configure:13034: checking signal.h usability
configure:13034: gcc -c -g -O2  conftest.c >&5
configure:13034: $? = 0
configure:13034: result: yes
configure:13034: checking signal.h presence
configure:13034: gcc -E  conftest.c
configure:13034: $? = 0
configure:13034: result: yes
configure:13034: checking for signal.h
configure:13034: result: yes
configure:13073: checking for sys/socket.h
configure:13073: result: yes
configure:13108: checking for socklen_t
configure:13108: gcc -c -g -O2  conftest.c >&5
configure:13108: $? = 0
configure:13108: gcc -c -g -O2  conftest.c >&5
conftest.c: In function 'main':
conftest.c:47:24: error: expected expression before ')' token
 if (sizeof ((socklen_t)))
                        ^
configure:13108: $? = 1
configure: failed program was:
| /* confdefs.h */
| #define PACKAGE_NAME "npth"
| #define PACKAGE_TARNAME "npth"
| #define PACKAGE_VERSION "1.2"
| #define PACKAGE_STRING "npth 1.2"
| #define PACKAGE_BUGREPORT "gnupg-devel@gnupg.org"
| #define PACKAGE_URL ""
| #define PACKAGE "npth"
| #define VERSION "1.2"
| #define STDC_HEADERS 1
| #define HAVE_SYS_TYPES_H 1
| #define HAVE_SYS_STAT_H 1
| #define HAVE_STDLIB_H 1
| #define HAVE_STRING_H 1
| #define HAVE_MEMORY_H 1
| #define HAVE_STRINGS_H 1
| #define HAVE_INTTYPES_H 1
| #define HAVE_STDINT_H 1
| #define HAVE_UNISTD_H 1
| #define __EXTENSIONS__ 1
| #define _ALL_SOURCE 1
| #define _GNU_SOURCE 1
| #define _POSIX_PTHREAD_SEMANTICS 1
| #define _TANDEM_SOURCE 1
| #define PACKAGE "npth"
| #define VERSION "1.2"
| #define HAVE_DLFCN_H 1
| #define LT_OBJDIR ".libs/"
| #define HAVE_SYS_SOCKET_H 1
| #define HAVE_SYS_SELECT_H 1
| #define HAVE_UNISTD_H 1
| #define HAVE_SYS_TIME_H 1
| #define HAVE_TIME_H 1
| #define HAVE_SIGNAL_H 1
| #define HAVE_SYS_SOCKET_H 1
| /* end confdefs.h.  */
| #include <sys/types.h>
|       #if HAVE_SYS_SOCKET_H
|       # include <sys/socket.h>
|       #elif HAVE_WS2TCPIP_H
|       # include <ws2tcpip.h>
|       #endif
| 
| int
| main ()
| {
| if (sizeof ((socklen_t)))
| 	    return 0;
|   ;
|   return 0;
| }
configure:13108: result: yes
configure:13185: checking for pid_t
configure:13185: gcc -c -g -O2  conftest.c >&5
configure:13185: $? = 0
configure:13185: gcc -c -g -O2  conftest.c >&5
conftest.c: In function 'main':
conftest.c:73:20: error: expected expression before ')' token
 if (sizeof ((pid_t)))
                    ^
configure:13185: $? = 1
configure: failed program was:
| /* confdefs.h */
| #define PACKAGE_NAME "npth"
| #define PACKAGE_TARNAME "npth"
| #define PACKAGE_VERSION "1.2"
| #define PACKAGE_STRING "npth 1.2"
| #define PACKAGE_BUGREPORT "gnupg-devel@gnupg.org"
| #define PACKAGE_URL ""
| #define PACKAGE "npth"
| #define VERSION "1.2"
| #define STDC_HEADERS 1
| #define HAVE_SYS_TYPES_H 1
| #define HAVE_SYS_STAT_H 1
| #define HAVE_STDLIB_H 1
| #define HAVE_STRING_H 1
| #define HAVE_MEMORY_H 1
| #define HAVE_STRINGS_H 1
| #define HAVE_INTTYPES_H 1
| #define HAVE_STDINT_H 1
| #define HAVE_UNISTD_H 1
| #define __EXTENSIONS__ 1
| #define _ALL_SOURCE 1
| #define _GNU_SOURCE 1
| #define _POSIX_PTHREAD_SEMANTICS 1
| #define _TANDEM_SOURCE 1
| #define PACKAGE "npth"
| #define VERSION "1.2"
| #define HAVE_DLFCN_H 1
| #define LT_OBJDIR ".libs/"
| #define HAVE_SYS_SOCKET_H 1
| #define HAVE_SYS_SELECT_H 1
| #define HAVE_UNISTD_H 1
| #define HAVE_SYS_TIME_H 1
| #define HAVE_TIME_H 1
| #define HAVE_SIGNAL_H 1
| #define HAVE_SYS_SOCKET_H 1
| /* end confdefs.h.  */
| #include <stdio.h>
| #ifdef HAVE_SYS_TYPES_H
| # include <sys/types.h>
| #endif
| #ifdef HAVE_SYS_STAT_H
| # include <sys/stat.h>
| #endif
| #ifdef STDC_HEADERS
| # include <stdlib.h>
| # include <stddef.h>
| #else
| # ifdef HAVE_STDLIB_H
| #  include <stdlib.h>
| # endif
| #endif
| #ifdef HAVE_STRING_H
| # if !defined STDC_HEADERS && defined HAVE_MEMORY_H
| #  include <memory.h>
| # endif
| # include <string.h>
| #endif
| #ifdef HAVE_STRINGS_H
| # include <strings.h>
| #endif
| #ifdef HAVE_INTTYPES_H
| # include <inttypes.h>
| #endif
| #ifdef HAVE_STDINT_H
| # include <stdint.h>
| #endif
| #ifdef HAVE_UNISTD_H
| # include <unistd.h>
| #endif
| int
| main ()
| {
| if (sizeof ((pid_t)))
| 	    return 0;
|   ;
|   return 0;
| }
configure:13185: result: yes
configure:13196: checking for size_t
configure:13196: gcc -c -g -O2  conftest.c >&5
configure:13196: $? = 0
configure:13196: gcc -c -g -O2  conftest.c >&5
conftest.c: In function 'main':
conftest.c:73:21: error: expected expression before ')' token
 if (sizeof ((size_t)))
                     ^
configure:13196: $? = 1
configure: failed program was:
| /* confdefs.h */
| #define PACKAGE_NAME "npth"
| #define PACKAGE_TARNAME "npth"
| #define PACKAGE_VERSION "1.2"
| #define PACKAGE_STRING "npth 1.2"
| #define PACKAGE_BUGREPORT "gnupg-devel@gnupg.org"
| #define PACKAGE_URL ""
| #define PACKAGE "npth"
| #define VERSION "1.2"
| #define STDC_HEADERS 1
| #define HAVE_SYS_TYPES_H 1
| #define HAVE_SYS_STAT_H 1
| #define HAVE_STDLIB_H 1
| #define HAVE_STRING_H 1
| #define HAVE_MEMORY_H 1
| #define HAVE_STRINGS_H 1
| #define HAVE_INTTYPES_H 1
| #define HAVE_STDINT_H 1
| #define HAVE_UNISTD_H 1
| #define __EXTENSIONS__ 1
| #define _ALL_SOURCE 1
| #define _GNU_SOURCE 1
| #define _POSIX_PTHREAD_SEMANTICS 1
| #define _TANDEM_SOURCE 1
| #define PACKAGE "npth"
| #define VERSION "1.2"
| #define HAVE_DLFCN_H 1
| #define LT_OBJDIR ".libs/"
| #define HAVE_SYS_SOCKET_H 1
| #define HAVE_SYS_SELECT_H 1
| #define HAVE_UNISTD_H 1
| #define HAVE_SYS_TIME_H 1
| #define HAVE_TIME_H 1
| #define HAVE_SIGNAL_H 1
| #define HAVE_SYS_SOCKET_H 1
| /* end confdefs.h.  */
| #include <stdio.h>
| #ifdef HAVE_SYS_TYPES_H
| # include <sys/types.h>
| #endif
| #ifdef HAVE_SYS_STAT_H
| # include <sys/stat.h>
| #endif
| #ifdef STDC_HEADERS
| # include <stdlib.h>
| # include <stddef.h>
| #else
| # ifdef HAVE_STDLIB_H
| #  include <stdlib.h>
| # endif
| #endif
| #ifdef HAVE_STRING_H
| # if !defined STDC_HEADERS && defined HAVE_MEMORY_H
| #  include <memory.h>
| # endif
| # include <string.h>
| #endif
| #ifdef HAVE_STRINGS_H
| # include <strings.h>
| #endif
| #ifdef HAVE_INTTYPES_H
| # include <inttypes.h>
| #endif
| #ifdef HAVE_STDINT_H
| # include <stdint.h>
| #endif
| #ifdef HAVE_UNISTD_H
| # include <unistd.h>
| #endif
| int
| main ()
| {
| if (sizeof ((size_t)))
| 	    return 0;
|   ;
|   return 0;
| }
configure:13196: result: yes
configure:13207: checking for ssize_t
configure:13207: gcc -c -g -O2  conftest.c >&5
configure:13207: $? = 0
configure:13207: gcc -c -g -O2  conftest.c >&5
conftest.c: In function 'main':
conftest.c:73:22: error: expected expression before ')' token
 if (sizeof ((ssize_t)))
                      ^
configure:13207: $? = 1
configure: failed program was:
| /* confdefs.h */
| #define PACKAGE_NAME "npth"
| #define PACKAGE_TARNAME "npth"
| #define PACKAGE_VERSION "1.2"
| #define PACKAGE_STRING "npth 1.2"
| #define PACKAGE_BUGREPORT "gnupg-devel@gnupg.org"
| #define PACKAGE_URL ""
| #define PACKAGE "npth"
| #define VERSION "1.2"
| #define STDC_HEADERS 1
| #define HAVE_SYS_TYPES_H 1
| #define HAVE_SYS_STAT_H 1
| #define HAVE_STDLIB_H 1
| #define HAVE_STRING_H 1
| #define HAVE_MEMORY_H 1
| #define HAVE_STRINGS_H 1
| #define HAVE_INTTYPES_H 1
| #define HAVE_STDINT_H 1
| #define HAVE_UNISTD_H 1
| #define __EXTENSIONS__ 1
| #define _ALL_SOURCE 1
| #define _GNU_SOURCE 1
| #define _POSIX_PTHREAD_SEMANTICS 1
| #define _TANDEM_SOURCE 1
| #define PACKAGE "npth"
| #define VERSION "1.2"
| #define HAVE_DLFCN_H 1
| #define LT_OBJDIR ".libs/"
| #define HAVE_SYS_SOCKET_H 1
| #define HAVE_SYS_SELECT_H 1
| #define HAVE_UNISTD_H 1
| #define HAVE_SYS_TIME_H 1
| #define HAVE_TIME_H 1
| #define HAVE_SIGNAL_H 1
| #define HAVE_SYS_SOCKET_H 1
| /* end confdefs.h.  */
| #include <stdio.h>
| #ifdef HAVE_SYS_TYPES_H
| # include <sys/types.h>
| #endif
| #ifdef HAVE_SYS_STAT_H
| # include <sys/stat.h>
| #endif
| #ifdef STDC_HEADERS
| # include <stdlib.h>
| # include <stddef.h>
| #else
| # ifdef HAVE_STDLIB_H
| #  include <stdlib.h>
| # endif
| #endif
| #ifdef HAVE_STRING_H
| # if !defined STDC_HEADERS && defined HAVE_MEMORY_H
| #  include <memory.h>
| # endif
| # include <string.h>
| #endif
| #ifdef HAVE_STRINGS_H
| # include <strings.h>
| #endif
| #ifdef HAVE_INTTYPES_H
| # include <inttypes.h>
| #endif
| #ifdef HAVE_STDINT_H
| # include <stdint.h>
| #endif
| #ifdef HAVE_UNISTD_H
| # include <unistd.h>
| #endif
| int
| main ()
| {
| if (sizeof ((ssize_t)))
| 	    return 0;
|   ;
|   return 0;
| }
configure:13207: result: yes
configure:13224: checking for library containing pthread_create
configure:13255: gcc -o conftest -g -O2   conftest.c  >&5
/tmp/ccyvubu5.o: In function `main':
/home/parallels/Documents/gnupg-2.1.8/PLAY/build/npth/conftest.c:48: undefined reference to `pthread_create'
collect2: error: ld returned 1 exit status
configure:13255: $? = 1
configure: failed program was:
| /* confdefs.h */
| #define PACKAGE_NAME "npth"
| #define PACKAGE_TARNAME "npth"
| #define PACKAGE_VERSION "1.2"
| #define PACKAGE_STRING "npth 1.2"
| #define PACKAGE_BUGREPORT "gnupg-devel@gnupg.org"
| #define PACKAGE_URL ""
| #define PACKAGE "npth"
| #define VERSION "1.2"
| #define STDC_HEADERS 1
| #define HAVE_SYS_TYPES_H 1
| #define HAVE_SYS_STAT_H 1
| #define HAVE_STDLIB_H 1
| #define HAVE_STRING_H 1
| #define HAVE_MEMORY_H 1
| #define HAVE_STRINGS_H 1
| #define HAVE_INTTYPES_H 1
| #define HAVE_STDINT_H 1
| #define HAVE_UNISTD_H 1
| #define __EXTENSIONS__ 1
| #define _ALL_SOURCE 1
| #define _GNU_SOURCE 1
| #define _POSIX_PTHREAD_SEMANTICS 1
| #define _TANDEM_SOURCE 1
| #define PACKAGE "npth"
| #define VERSION "1.2"
| #define HAVE_DLFCN_H 1
| #define LT_OBJDIR ".libs/"
| #define HAVE_SYS_SOCKET_H 1
| #define HAVE_SYS_SELECT_H 1
| #define HAVE_UNISTD_H 1
| #define HAVE_SYS_TIME_H 1
| #define HAVE_TIME_H 1
| #define HAVE_SIGNAL_H 1
| #define HAVE_SYS_SOCKET_H 1
| /* end confdefs.h.  */
| 
| /* Override any GCC internal prototype to avoid an error.
|    Use char because int might match the return type of a GCC
|    builtin and then its argument prototype would still apply.  */
| #ifdef __cplusplus
| extern "C"
| #endif
| char pthread_create ();
| int
| main ()
| {
| return pthread_create ();
|   ;
|   return 0;
| }
configure:13255: gcc -o conftest -g -O2   conftest.c -lpthread   >&5
configure:13255: $? = 0
configure:13272: result: -lpthread
configure:13299: checking for pthread_tryjoin_np
configure:13299: gcc -o conftest -g -O2   conftest.c -lpthread  >&5
configure:13299: $? = 0
configure:13299: result: yes
configure:13299: checking for pthread_setname_np
configure:13299: gcc -o conftest -g -O2   conftest.c -lpthread  >&5
configure:13299: $? = 0
configure:13299: result: yes
configure:13299: checking for pthread_getname_np
configure:13299: gcc -o conftest -g -O2   conftest.c -lpthread  >&5
configure:13299: $? = 0
configure:13299: result: yes
configure:13310: checking for pthread_mutex_timedlock
configure:13310: gcc -o conftest -g -O2   conftest.c -lpthread  >&5
configure:13310: $? = 0
configure:13310: result: yes
configure:13322: checking for pthread_rwlock_rdlock
configure:13322: gcc -o conftest -g -O2   conftest.c -lpthread  >&5
configure:13322: $? = 0
configure:13322: result: yes
configure:13322: checking for pthread_rwlock_wrlock
configure:13322: gcc -o conftest -g -O2   conftest.c -lpthread  >&5
configure:13322: $? = 0
configure:13322: result: yes
configure:13334: checking for pthread_rwlock_timedrdlock
configure:13334: gcc -o conftest -g -O2   conftest.c -lpthread  >&5
configure:13334: $? = 0
configure:13334: result: yes
configure:13334: checking for pthread_rwlock_timedwrlock
configure:13334: gcc -o conftest -g -O2   conftest.c -lpthread  >&5
configure:13334: $? = 0
configure:13334: result: yes
configure:13346: checking for pthread_rwlock_tryrdlock
configure:13346: gcc -o conftest -g -O2   conftest.c -lpthread  >&5
configure:13346: $? = 0
configure:13346: result: yes
configure:13346: checking for pthread_rwlock_trywrlock
configure:13346: gcc -o conftest -g -O2   conftest.c -lpthread  >&5
configure:13346: $? = 0
configure:13346: result: yes
configure:13357: checking for pthread_atfork
configure:13357: gcc -o conftest -g -O2   conftest.c -lpthread  >&5
configure:13357: $? = 0
configure:13357: result: yes
configure:13372: checking for select
configure:13372: gcc -o conftest -g -O2   conftest.c -lpthread  >&5
configure:13372: $? = 0
configure:13372: result: yes
configure:13372: checking for pselect
configure:13372: gcc -o conftest -g -O2   conftest.c -lpthread  >&5
configure:13372: $? = 0
configure:13372: result: yes
configure:13372: checking for gettimeofday
configure:13372: gcc -o conftest -g -O2   conftest.c -lpthread  >&5
configure:13372: $? = 0
configure:13372: result: yes
configure:13384: checking for library containing setsockopt
configure:13406: gcc -o conftest -g -O2   conftest.c -lpthread  >&5
configure:13406: $? = 0
configure:13487: result: none needed
configure:13496: checking for library containing clock_gettime
configure:13527: gcc -o conftest -g -O2   conftest.c -lpthread  >&5
configure:13527: $? = 0
configure:13544: result: none required
configure:13738: checking that generated files are newer than configure
configure:13744: result: done
configure:13791: creating ./config.status

## ---------------------- ##
## Running config.status. ##
## ---------------------- ##

This file was extended by npth config.status 1.2, which was
generated by GNU Autoconf 2.69.  Invocation command line was

  CONFIG_FILES    = 
  CONFIG_HEADERS  = 
  CONFIG_LINKS    = 
  CONFIG_COMMANDS = 
  $ ./config.status --quiet

on ubuntu

config.status:1194: creating Makefile
config.status:1194: creating src/npth.h
config.status:1194: creating src/Makefile
config.status:1194: creating w32/Makefile
config.status:1194: creating tests/Makefile
config.status:1194: creating npth-config
config.status:1194: creating config.h
config.status:1408: executing depfiles commands
config.status:1408: executing libtool commands

## ---------------- ##
## Cache variables. ##
## ---------------- ##

ac_cv_build=x86_64-unknown-linux-gnu
ac_cv_c_compiler_gnu=yes
ac_cv_env_CC_set=
ac_cv_env_CC_value=
ac_cv_env_CFLAGS_set=
ac_cv_env_CFLAGS_value=
ac_cv_env_CPPFLAGS_set=
ac_cv_env_CPPFLAGS_value=
ac_cv_env_CPP_set=
ac_cv_env_CPP_value=
ac_cv_env_LDFLAGS_set=
ac_cv_env_LDFLAGS_value=
ac_cv_env_LIBS_set=
ac_cv_env_LIBS_value=
ac_cv_env_build_alias_set=
ac_cv_env_build_alias_value=
ac_cv_env_host_alias_set=
ac_cv_env_host_alias_value=
ac_cv_env_target_alias_set=
ac_cv_env_target_alias_value=
ac_cv_func_gettimeofday=yes
ac_cv_func_pselect=yes
ac_cv_func_pthread_atfork=yes
ac_cv_func_pthread_getname_np=yes
ac_cv_func_pthread_mutex_timedlock=yes
ac_cv_func_pthread_rwlock_rdlock=yes
ac_cv_func_pthread_rwlock_timedrdlock=yes
ac_cv_func_pthread_rwlock_timedwrlock=yes
ac_cv_func_pthread_rwlock_tryrdlock=yes
ac_cv_func_pthread_rwlock_trywrlock=yes
ac_cv_func_pthread_rwlock_wrlock=yes
ac_cv_func_pthread_setname_np=yes
ac_cv_func_pthread_tryjoin_np=yes
ac_cv_func_select=yes
ac_cv_header_dlfcn_h=yes
ac_cv_header_inttypes_h=yes
ac_cv_header_memory_h=yes
ac_cv_header_minix_config_h=no
ac_cv_header_signal_h=yes
ac_cv_header_stdc=yes
ac_cv_header_stdint_h=yes
ac_cv_header_stdlib_h=yes
ac_cv_header_string_h=yes
ac_cv_header_strings_h=yes
ac_cv_header_sys_select_h=yes
ac_cv_header_sys_socket_h=yes
ac_cv_header_sys_stat_h=yes
ac_cv_header_sys_time_h=yes
ac_cv_header_sys_types_h=yes
ac_cv_header_time_h=yes
ac_cv_header_unistd_h=yes
ac_cv_host=x86_64-unknown-linux-gnu
ac_cv_objext=o
ac_cv_path_EGREP='/bin/grep -E'
ac_cv_path_FGREP='/bin/grep -F'
ac_cv_path_GREP=/bin/grep
ac_cv_path_SED=/bin/sed
ac_cv_path_install='/usr/bin/install -c'
ac_cv_path_mkdir=/bin/mkdir
ac_cv_prog_AWK=mawk
ac_cv_prog_CPP='gcc -E'
ac_cv_prog_ac_ct_AR=ar
ac_cv_prog_ac_ct_CC=gcc
ac_cv_prog_ac_ct_MANIFEST_TOOL=mt
ac_cv_prog_ac_ct_OBJDUMP=objdump
ac_cv_prog_ac_ct_RANLIB=ranlib
ac_cv_prog_ac_ct_STRIP=strip
ac_cv_prog_cc_c89=
ac_cv_prog_cc_g=yes
ac_cv_prog_make_make_set=yes
ac_cv_safe_to_define___extensions__=yes
ac_cv_search_clock_gettime='none required'
ac_cv_search_pthread_create=-lpthread
ac_cv_type_pid_t=yes
ac_cv_type_size_t=yes
ac_cv_type_socklen_t=yes
ac_cv_type_ssize_t=yes
am_cv_CC_dependencies_compiler_type=gcc3
am_cv_make_support_nested_variables=yes
am_cv_prog_cc_c_o=yes
lt_cv_ar_at_file=@
lt_cv_archive_cmds_need_lc=no
lt_cv_deplibs_check_method=pass_all
lt_cv_file_magic_cmd='$MAGIC_CMD'
lt_cv_file_magic_test_file=
lt_cv_ld_reload_flag=-r
lt_cv_nm_interface='BSD nm'
lt_cv_objdir=.libs
lt_cv_path_LD=/usr/bin/ld
lt_cv_path_NM='/usr/bin/nm -B'
lt_cv_path_mainfest_tool=no
lt_cv_prog_compiler_c_o=yes
lt_cv_prog_compiler_c_o_RC=yes
lt_cv_prog_compiler_pic='-fPIC -DPIC'
lt_cv_prog_compiler_pic_works=yes
lt_cv_prog_compiler_rtti_exceptions=no
lt_cv_prog_compiler_static_works=yes
lt_cv_prog_gnu_ld=yes
lt_cv_sharedlib_from_linklib_cmd='printf %s\n'
lt_cv_shlibpath_overrides_runpath=no
lt_cv_sys_global_symbol_pipe='sed -n -e '\''s/^.*[	 ]\([ABCDGIRSTW][ABCDGIRSTW]*\)[	 ][	 ]*\([_A-Za-z][_A-Za-z0-9]*\)$/\1 \2 \2/p'\'' | sed '\''/ __gnu_lto/d'\'''
lt_cv_sys_global_symbol_to_c_name_address='sed -n -e '\''s/^: \([^ ]*\)[ ]*$/  {\"\1\", (void *) 0},/p'\'' -e '\''s/^[ABCDGIRSTW]* \([^ ]*\) \([^ ]*\)$/  {"\2", (void *) \&\2},/p'\'''
lt_cv_sys_global_symbol_to_c_name_address_lib_prefix='sed -n -e '\''s/^: \([^ ]*\)[ ]*$/  {\"\1\", (void *) 0},/p'\'' -e '\''s/^[ABCDGIRSTW]* \([^ ]*\) \(lib[^ ]*\)$/  {"\2", (void *) \&\2},/p'\'' -e '\''s/^[ABCDGIRSTW]* \([^ ]*\) \([^ ]*\)$/  {"lib\2", (void *) \&\2},/p'\'''
lt_cv_sys_global_symbol_to_cdecl='sed -n -e '\''s/^T .* \(.*\)$/extern int \1();/p'\'' -e '\''s/^[ABCDGIRSTW]* .* \(.*\)$/extern char \1;/p'\'''
lt_cv_sys_max_cmd_len=3458764513820540925
lt_cv_to_host_file_cmd=func_convert_file_noop
lt_cv_to_tool_file_cmd=func_convert_file_noop
npth_cv_lib_socket='none needed'

## ----------------- ##
## Output variables. ##
## ----------------- ##

ACLOCAL='${SHELL} /home/parallels/Documents/gnupg-2.1.8/PLAY/src/npth/build-aux/missing aclocal-1.14'
AMDEPBACKSLASH='\'
AMDEP_FALSE='#'
AMDEP_TRUE=''
AMTAR='$${TAR-tar}'
AM_BACKSLASH='\'
AM_DEFAULT_V='$(AM_DEFAULT_VERBOSITY)'
AM_DEFAULT_VERBOSITY='1'
AM_V='$(V)'
AR='ar'
AS='as'
AUTOCONF='${SHELL} /home/parallels/Documents/gnupg-2.1.8/PLAY/src/npth/build-aux/missing autoconf'
AUTOHEADER='${SHELL} /home/parallels/Documents/gnupg-2.1.8/PLAY/src/npth/build-aux/missing autoheader'
AUTOMAKE='${SHELL} /home/parallels/Documents/gnupg-2.1.8/PLAY/src/npth/build-aux/missing automake-1.14'
AWK='mawk'
BUILD_FILEVERSION=''
BUILD_ISODATE=''
BUILD_TIMESTAMP=''
CC='gcc'
CCDEPMODE='depmode=gcc3'
CFLAGS='-g -O2'
CPP='gcc -E'
CPPFLAGS=''
CYGPATH_W='echo'
DEFS='-DHAVE_CONFIG_H'
DEPDIR='.deps'
DLLTOOL='false'
DSYMUTIL=''
DUMPBIN=''
ECHO_C=''
ECHO_N='-n'
ECHO_T=''
EGREP='/bin/grep -E'
EXEEXT=''
FGREP='/bin/grep -F'
GREP='/bin/grep'
HAVE_LD_VERSION_SCRIPT_FALSE='#'
HAVE_LD_VERSION_SCRIPT_TRUE=''
HAVE_W32_SYSTEM_FALSE=''
HAVE_W32_SYSTEM_TRUE='#'
HAVE_W64_SYSTEM_FALSE=''
HAVE_W64_SYSTEM_TRUE='#'
INSERT_SIGNAL_H='include <signal.h>'
INSERT_SOCKLEN_T='define _npth_socklen_t socklen_t'
INSERT_SYS_SELECT_H='include <sys/select.h>'
INSERT_SYS_TIME_H='include <sys/time.h>'
INSERT_TIME_H='include <time.h>'
INSTALL_DATA='${INSTALL} -m 644'
INSTALL_PROGRAM='${INSTALL}'
INSTALL_SCRIPT='${INSTALL}'
INSTALL_STRIP_PROGRAM='$(install_sh) -c -s'
LD='/usr/bin/ld -m elf_x86_64'
LDFLAGS=''
LIBNPTH_LT_AGE='0'
LIBNPTH_LT_CURRENT='0'
LIBNPTH_LT_REVISION='5'
LIBOBJS=''
LIBS='-lpthread '
LIBSOCKET=''
LIBTOOL='$(SHELL) $(top_builddir)/libtool'
LIPO=''
LN_S='ln -s'
LTLIBOBJS=''
MAINT=''
MAINTAINER_MODE_FALSE='#'
MAINTAINER_MODE_TRUE=''
MAKEINFO='${SHELL} /home/parallels/Documents/gnupg-2.1.8/PLAY/src/npth/build-aux/missing makeinfo'
MANIFEST_TOOL=':'
MKDIR_P='/bin/mkdir -p'
NETLIBS=''
NM='/usr/bin/nm -B'
NMEDIT=''
NPTH_CONFIG_API_VERSION='1'
NPTH_CONFIG_CFLAGS=''
NPTH_CONFIG_HOST='x86_64-unknown-linux-gnu'
NPTH_CONFIG_LIBS='-lnpth -lpthread '
OBJDUMP='objdump'
OBJEXT='o'
OTOOL64=''
OTOOL=''
PACKAGE='npth'
PACKAGE_BUGREPORT='gnupg-devel@gnupg.org'
PACKAGE_NAME='npth'
PACKAGE_STRING='npth 1.2'
PACKAGE_TARNAME='npth'
PACKAGE_URL=''
PACKAGE_VERSION='1.2'
PATH_SEPARATOR=':'
RANLIB='ranlib'
RC=''
RUN_TESTS_FALSE='#'
RUN_TESTS_TRUE=''
SED='/bin/sed'
SET_MAKE=''
SHELL='/bin/bash'
STRIP='strip'
SYS_SOCKET_H=''
VERSION='1.2'
ac_ct_AR='ar'
ac_ct_CC='gcc'
ac_ct_DUMPBIN=''
am__EXEEXT_FALSE=''
am__EXEEXT_TRUE='#'
am__fastdepCC_FALSE='#'
am__fastdepCC_TRUE=''
am__include='include'
am__isrc=' -I$(srcdir)'
am__leading_dot='.'
am__nodep='_no'
am__quote=''
am__tar='$${TAR-tar} chof - "$$tardir"'
am__untar='$${TAR-tar} xf -'
bindir='${exec_prefix}/bin'
build='x86_64-unknown-linux-gnu'
build_alias=''
build_cpu='x86_64'
build_os='linux-gnu'
build_vendor='unknown'
datadir='${datarootdir}'
datarootdir='${prefix}/share'
docdir='${datarootdir}/doc/${PACKAGE_TARNAME}'
dvidir='${docdir}'
emacs_local_vars_begin='Local Variables:'
emacs_local_vars_end='End:'
emacs_local_vars_read_only='buffer-read-only: t'
exec_prefix='${prefix}'
host='x86_64-unknown-linux-gnu'
host_alias=''
host_cpu='x86_64'
host_os='linux-gnu'
host_vendor='unknown'
htmldir='${docdir}'
includedir='${prefix}/include'
infodir='${datarootdir}/info'
install_sh='${SHELL} /home/parallels/Documents/gnupg-2.1.8/PLAY/src/npth/build-aux/install-sh'
libdir='${exec_prefix}/lib'
libexecdir='${exec_prefix}/libexec'
localedir='${datarootdir}/locale'
localstatedir='${prefix}/var'
mandir='${datarootdir}/man'
mkdir_p='$(MKDIR_P)'
oldincludedir='/usr/include'
pdfdir='${docdir}'
prefix='/usr/local'
program_transform_name='s,x,x,'
psdir='${docdir}'
sbindir='${exec_prefix}/sbin'
sharedstatedir='${prefix}/com'
sysconfdir='${prefix}/etc'
target_alias=''

## ----------- ##
## confdefs.h. ##
## ----------- ##

/* confdefs.h */
#define PACKAGE_NAME "npth"
#define PACKAGE_TARNAME "npth"
#define PACKAGE_VERSION "1.2"
#define PACKAGE_STRING "npth 1.2"
#define PACKAGE_BUGREPORT "gnupg-devel@gnupg.org"
#define PACKAGE_URL ""
#define PACKAGE "npth"
#define VERSION "1.2"
#define STDC_HEADERS 1
#define HAVE_SYS_TYPES_H 1
#define HAVE_SYS_STAT_H 1
#define HAVE_STDLIB_H 1
#define HAVE_STRING_H 1
#define HAVE_MEMORY_H 1
#define HAVE_STRINGS_H 1
#define HAVE_INTTYPES_H 1
#define HAVE_STDINT_H 1
#define HAVE_UNISTD_H 1
#define __EXTENSIONS__ 1
#define _ALL_SOURCE 1
#define _GNU_SOURCE 1
#define _POSIX_PTHREAD_SEMANTICS 1
#define _TANDEM_SOURCE 1
#define PACKAGE "npth"
#define VERSION "1.2"
#define HAVE_DLFCN_H 1
#define LT_OBJDIR ".libs/"
#define HAVE_SYS_SOCKET_H 1
#define HAVE_SYS_SELECT_H 1
#define HAVE_UNISTD_H 1
#define HAVE_SYS_TIME_H 1
#define HAVE_TIME_H 1
#define HAVE_SIGNAL_H 1
#define HAVE_SYS_SOCKET_H 1
#define HAVE_PTHREAD 1
#define HAVE_PTHREAD_TRYJOIN_NP 1
#define HAVE_PTHREAD_SETNAME_NP 1
#define HAVE_PTHREAD_GETNAME_NP 1
#define HAVE_PTHREAD_MUTEX_TIMEDLOCK 1
#define HAVE_PTHREAD_RWLOCK_RDLOCK 1
#define HAVE_PTHREAD_RWLOCK_WRLOCK 1
#define HAVE_PTHREAD_RWLOCK_TIMEDRDLOCK 1
#define HAVE_PTHREAD_RWLOCK_TIMEDWRLOCK 1
#define HAVE_PTHREAD_RWLOCK_TRYRDLOCK 1
#define HAVE_PTHREAD_RWLOCK_TRYWRLOCK 1
#define HAVE_PTHREAD_ATFORK 1
#define HAVE_SELECT 1
#define HAVE_PSELECT 1
#define HAVE_GETTIMEOFDAY 1
#define HAVE_CLOCK_GETTIME 1

configure: exit 0
