This file contains any messages produced by compilers while
running configure, to aid debugging if configure makes a mistake.

It was created by libksba configure 1.3.5, which was
generated by GNU Autoconf 2.69.  Invocation command line was

  $ /home/parallels/Documents/gnupg-2.1.8/PLAY/src/libksba/configure --silent --enable-maintainer-mode --prefix=/usr/local --disable-static

## --------- ##
## Platform. ##
## --------- ##

hostname = ubuntu
uname -m = x86_64
uname -r = 3.13.0-32-generic
uname -s = Linux
uname -v = #57-Ubuntu SMP Tue Jul 15 03:51:08 UTC 2014

/usr/bin/uname -p = unknown
/bin/uname -X     = unknown

/bin/arch              = unknown
/usr/bin/arch -k       = unknown
/usr/convex/getsysinfo = unknown
/usr/bin/hostinfo      = unknown
/bin/machine           = unknown
/usr/bin/oslevel       = unknown
/bin/universe          = unknown

PATH: /usr/local/bin
PATH: /usr/local/sbin
PATH: /usr/local/bin
PATH: /usr/sbin
PATH: /usr/bin
PATH: /sbin
PATH: /bin


## ----------- ##
## Core tests. ##
## ----------- ##

configure:2575: checking for a BSD-compatible install
configure:2643: result: /usr/bin/install -c
configure:2654: checking whether build environment is sane
configure:2709: result: yes
configure:2860: checking for a thread-safe mkdir -p
configure:2899: result: /bin/mkdir -p
configure:2906: checking for gawk
configure:2936: result: no
configure:2906: checking for mawk
configure:2922: found /usr/bin/mawk
configure:2933: result: mawk
configure:2944: checking whether make sets $(MAKE)
configure:2966: result: yes
configure:2995: checking whether make supports nested variables
configure:3012: result: yes
configure:3145: checking build system type
configure:3159: result: x86_64-pc-linux-gnu
configure:3179: checking host system type
configure:3192: result: x86_64-pc-linux-gnu
configure:3216: autobuild project... libksba
configure:3218: autobuild revision... 1.3.5
configure:3222: autobuild hostname... ubuntu
configure:3231: autobuild timestamp... 20161015-031042
configure:3248: checking for style of include used by make
configure:3276: result: GNU
configure:3347: checking for gcc
configure:3363: found /usr/bin/gcc
configure:3374: result: gcc
configure:3603: checking for C compiler version
configure:3612: gcc --version >&5
gcc (Ubuntu 4.8.4-2ubuntu1~14.04.3) 4.8.4
Copyright (C) 2013 Free Software Foundation, Inc.
This is free software; see the source for copying conditions.  There is NO
warranty; not even for MERCHANTABILITY or FITNESS FOR A PARTICULAR PURPOSE.

configure:3623: $? = 0
configure:3612: gcc -v >&5
Using built-in specs.
COLLECT_GCC=gcc
COLLECT_LTO_WRAPPER=/usr/lib/gcc/x86_64-linux-gnu/4.8/lto-wrapper
Target: x86_64-linux-gnu
Configured with: ../src/configure -v --with-pkgversion='Ubuntu 4.8.4-2ubuntu1~14.04.3' --with-bugurl=file:///usr/share/doc/gcc-4.8/README.Bugs --enable-languages=c,c++,java,go,d,fortran,objc,obj-c++ --prefix=/usr --program-suffix=-4.8 --enable-shared --enable-linker-build-id --libexecdir=/usr/lib --without-included-gettext --enable-threads=posix --with-gxx-include-dir=/usr/include/c++/4.8 --libdir=/usr/lib --enable-nls --with-sysroot=/ --enable-clocale=gnu --enable-libstdcxx-debug --enable-libstdcxx-time=yes --enable-gnu-unique-object --disable-libmudflap --enable-plugin --with-system-zlib --disable-browser-plugin --enable-java-awt=gtk --enable-gtk-cairo --with-java-home=/usr/lib/jvm/java-1.5.0-gcj-4.8-amd64/jre --enable-java-home --with-jvm-root-dir=/usr/lib/jvm/java-1.5.0-gcj-4.8-amd64 --with-jvm-jar-dir=/usr/lib/jvm-exports/java-1.5.0-gcj-4.8-amd64 --with-arch-directory=amd64 --with-ecj-jar=/usr/share/java/eclipse-ecj.jar --enable-objc-gc --enable-multiarch --disable-werror --with-arch-32=i686 --with-abi=m64 --with-multilib-list=m32,m64,mx32 --with-tune=generic --enable-checking=release --build=x86_64-linux-gnu --host=x86_64-linux-gnu --target=x86_64-linux-gnu
Thread model: posix
gcc version 4.8.4 (Ubuntu 4.8.4-2ubuntu1~14.04.3) 
configure:3623: $? = 0
configure:3612: gcc -V >&5
gcc: error: unrecognized command line option '-V'
gcc: fatal error: no input files
compilation terminated.
configure:3623: $? = 4
configure:3612: gcc -qversion >&5
gcc: error: unrecognized command line option '-qversion'
gcc: fatal error: no input files
compilation terminated.
configure:3623: $? = 4
configure:3643: checking whether the C compiler works
configure:3665: gcc    conftest.c  >&5
configure:3669: $? = 0
configure:3717: result: yes
configure:3720: checking for C compiler default output file name
configure:3722: result: a.out
configure:3728: checking for suffix of executables
configure:3735: gcc -o conftest    conftest.c  >&5
configure:3739: $? = 0
configure:3761: result: 
configure:3783: checking whether we are cross compiling
configure:3791: gcc -o conftest    conftest.c  >&5
configure:3795: $? = 0
configure:3802: ./conftest
configure:3806: $? = 0
configure:3821: result: no
configure:3826: checking for suffix of object files
configure:3848: gcc -c   conftest.c >&5
configure:3852: $? = 0
configure:3873: result: o
configure:3877: checking whether we are using the GNU C compiler
configure:3896: gcc -c   conftest.c >&5
configure:3896: $? = 0
configure:3905: result: yes
configure:3914: checking whether gcc accepts -g
configure:3934: gcc -c -g  conftest.c >&5
configure:3934: $? = 0
configure:3975: result: yes
configure:3992: checking for gcc option to accept ISO C89
configure:4055: gcc  -c -g -O2  conftest.c >&5
configure:4055: $? = 0
configure:4068: result: none needed
configure:4093: checking whether gcc understands -c and -o together
configure:4115: gcc -c conftest.c -o conftest2.o
configure:4118: $? = 0
configure:4115: gcc -c conftest.c -o conftest2.o
configure:4118: $? = 0
configure:4130: result: yes
configure:4149: checking dependency style of gcc
configure:4260: result: gcc3
configure:4281: checking how to run the C preprocessor
configure:4312: gcc -E  conftest.c
configure:4312: $? = 0
configure:4326: gcc -E  conftest.c
conftest.c:11:28: fatal error: ac_nonexistent.h: No such file or directory
 #include <ac_nonexistent.h>
                            ^
compilation terminated.
configure:4326: $? = 1
configure: failed program was:
| /* confdefs.h */
| #define PACKAGE_NAME "libksba"
| #define PACKAGE_TARNAME "libksba"
| #define PACKAGE_VERSION "1.3.5"
| #define PACKAGE_STRING "libksba 1.3.5"
| #define PACKAGE_BUGREPORT "http://bugs.gnupg.org"
| #define PACKAGE_URL ""
| #define PACKAGE "libksba"
| #define VERSION "1.3.5"
| /* end confdefs.h.  */
| #include <ac_nonexistent.h>
configure:4351: result: gcc -E
configure:4371: gcc -E  conftest.c
configure:4371: $? = 0
configure:4385: gcc -E  conftest.c
conftest.c:11:28: fatal error: ac_nonexistent.h: No such file or directory
 #include <ac_nonexistent.h>
                            ^
compilation terminated.
configure:4385: $? = 1
configure: failed program was:
| /* confdefs.h */
| #define PACKAGE_NAME "libksba"
| #define PACKAGE_TARNAME "libksba"
| #define PACKAGE_VERSION "1.3.5"
| #define PACKAGE_STRING "libksba 1.3.5"
| #define PACKAGE_BUGREPORT "http://bugs.gnupg.org"
| #define PACKAGE_URL ""
| #define PACKAGE "libksba"
| #define VERSION "1.3.5"
| /* end confdefs.h.  */
| #include <ac_nonexistent.h>
configure:4414: checking for grep that handles long lines and -e
configure:4472: result: /bin/grep
configure:4477: checking for egrep
configure:4539: result: /bin/grep -E
configure:4544: checking for ANSI C header files
configure:4564: gcc -c -g -O2  conftest.c >&5
configure:4564: $? = 0
configure:4637: gcc -o conftest -g -O2   conftest.c  >&5
configure:4637: $? = 0
configure:4637: ./conftest
configure:4637: $? = 0
configure:4648: result: yes
configure:4661: checking for sys/types.h
configure:4661: gcc -c -g -O2  conftest.c >&5
configure:4661: $? = 0
configure:4661: result: yes
configure:4661: checking for sys/stat.h
configure:4661: gcc -c -g -O2  conftest.c >&5
configure:4661: $? = 0
configure:4661: result: yes
configure:4661: checking for stdlib.h
configure:4661: gcc -c -g -O2  conftest.c >&5
configure:4661: $? = 0
configure:4661: result: yes
configure:4661: checking for string.h
configure:4661: gcc -c -g -O2  conftest.c >&5
configure:4661: $? = 0
configure:4661: result: yes
configure:4661: checking for memory.h
configure:4661: gcc -c -g -O2  conftest.c >&5
configure:4661: $? = 0
configure:4661: result: yes
configure:4661: checking for strings.h
configure:4661: gcc -c -g -O2  conftest.c >&5
configure:4661: $? = 0
configure:4661: result: yes
configure:4661: checking for inttypes.h
configure:4661: gcc -c -g -O2  conftest.c >&5
configure:4661: $? = 0
configure:4661: result: yes
configure:4661: checking for stdint.h
configure:4661: gcc -c -g -O2  conftest.c >&5
configure:4661: $? = 0
configure:4661: result: yes
configure:4661: checking for unistd.h
configure:4661: gcc -c -g -O2  conftest.c >&5
configure:4661: $? = 0
configure:4661: result: yes
configure:4674: checking minix/config.h usability
configure:4674: gcc -c -g -O2  conftest.c >&5
conftest.c:54:26: fatal error: minix/config.h: No such file or directory
 #include <minix/config.h>
                          ^
compilation terminated.
configure:4674: $? = 1
configure: failed program was:
| /* confdefs.h */
| #define PACKAGE_NAME "libksba"
| #define PACKAGE_TARNAME "libksba"
| #define PACKAGE_VERSION "1.3.5"
| #define PACKAGE_STRING "libksba 1.3.5"
| #define PACKAGE_BUGREPORT "http://bugs.gnupg.org"
| #define PACKAGE_URL ""
| #define PACKAGE "libksba"
| #define VERSION "1.3.5"
| #define STDC_HEADERS 1
| #define HAVE_SYS_TYPES_H 1
| #define HAVE_SYS_STAT_H 1
| #define HAVE_STDLIB_H 1
| #define HAVE_STRING_H 1
| #define HAVE_MEMORY_H 1
| #define HAVE_STRINGS_H 1
| #define HAVE_INTTYPES_H 1
| #define HAVE_STDINT_H 1
| #define HAVE_UNISTD_H 1
| /* end confdefs.h.  */
| #include <stdio.h>
| #ifdef HAVE_SYS_TYPES_H
| # include <sys/types.h>
| #endif
| #ifdef HAVE_SYS_STAT_H
| # include <sys/stat.h>
| #endif
| #ifdef STDC_HEADERS
| # include <stdlib.h>
| # include <stddef.h>
| #else
| # ifdef HAVE_STDLIB_H
| #  include <stdlib.h>
| # endif
| #endif
| #ifdef HAVE_STRING_H
| # if !defined STDC_HEADERS && defined HAVE_MEMORY_H
| #  include <memory.h>
| # endif
| # include <string.h>
| #endif
| #ifdef HAVE_STRINGS_H
| # include <strings.h>
| #endif
| #ifdef HAVE_INTTYPES_H
| # include <inttypes.h>
| #endif
| #ifdef HAVE_STDINT_H
| # include <stdint.h>
| #endif
| #ifdef HAVE_UNISTD_H
| # include <unistd.h>
| #endif
| #include <minix/config.h>
configure:4674: result: no
configure:4674: checking minix/config.h presence
configure:4674: gcc -E  conftest.c
conftest.c:21:26: fatal error: minix/config.h: No such file or directory
 #include <minix/config.h>
                          ^
compilation terminated.
configure:4674: $? = 1
configure: failed program was:
| /* confdefs.h */
| #define PACKAGE_NAME "libksba"
| #define PACKAGE_TARNAME "libksba"
| #define PACKAGE_VERSION "1.3.5"
| #define PACKAGE_STRING "libksba 1.3.5"
| #define PACKAGE_BUGREPORT "http://bugs.gnupg.org"
| #define PACKAGE_URL ""
| #define PACKAGE "libksba"
| #define VERSION "1.3.5"
| #define STDC_HEADERS 1
| #define HAVE_SYS_TYPES_H 1
| #define HAVE_SYS_STAT_H 1
| #define HAVE_STDLIB_H 1
| #define HAVE_STRING_H 1
| #define HAVE_MEMORY_H 1
| #define HAVE_STRINGS_H 1
| #define HAVE_INTTYPES_H 1
| #define HAVE_STDINT_H 1
| #define HAVE_UNISTD_H 1
| /* end confdefs.h.  */
| #include <minix/config.h>
configure:4674: result: no
configure:4674: checking for minix/config.h
configure:4674: result: no
configure:4695: checking whether it is safe to define __EXTENSIONS__
configure:4713: gcc -c -g -O2  conftest.c >&5
configure:4713: $? = 0
configure:4720: result: yes
configure:4783: checking how to print strings
configure:4810: result: printf
configure:4831: checking for a sed that does not truncate output
configure:4895: result: /bin/sed
configure:4913: checking for fgrep
configure:4975: result: /bin/grep -F
configure:5010: checking for ld used by gcc
configure:5077: result: /usr/bin/ld
configure:5084: checking if the linker (/usr/bin/ld) is GNU ld
configure:5099: result: yes
configure:5111: checking for BSD- or MS-compatible name lister (nm)
configure:5160: result: /usr/bin/nm -B
configure:5290: checking the name lister (/usr/bin/nm -B) interface
configure:5297: gcc -c -g -O2  conftest.c >&5
configure:5300: /usr/bin/nm -B "conftest.o"
configure:5303: output
0000000000000000 B some_variable
configure:5310: result: BSD nm
configure:5313: checking whether ln -s works
configure:5317: result: yes
configure:5325: checking the maximum length of command line arguments
configure:5455: result: 3458764513820540925
configure:5472: checking whether the shell understands some XSI constructs
configure:5482: result: yes
configure:5486: checking whether the shell understands "+="
configure:5492: result: yes
configure:5527: checking how to convert x86_64-pc-linux-gnu file names to x86_64-pc-linux-gnu format
configure:5567: result: func_convert_file_noop
configure:5574: checking how to convert x86_64-pc-linux-gnu file names to toolchain format
configure:5594: result: func_convert_file_noop
configure:5601: checking for /usr/bin/ld option to reload object files
configure:5608: result: -r
configure:5682: checking for objdump
configure:5698: found /usr/bin/objdump
configure:5709: result: objdump
configure:5738: checking how to recognize dependent libraries
configure:5940: result: pass_all
configure:6025: checking for dlltool
configure:6055: result: no
configure:6082: checking how to associate runtime and link libraries
configure:6109: result: printf %s\n
configure:6169: checking for ar
configure:6185: found /usr/bin/ar
configure:6196: result: ar
configure:6233: checking for archiver @FILE support
configure:6250: gcc -c -g -O2  conftest.c >&5
configure:6250: $? = 0
configure:6253: ar cru libconftest.a @conftest.lst >&5
configure:6256: $? = 0
configure:6261: ar cru libconftest.a @conftest.lst >&5
ar: conftest.o: No such file or directory
configure:6264: $? = 1
configure:6276: result: @
configure:6334: checking for strip
configure:6350: found /usr/bin/strip
configure:6361: result: strip
configure:6433: checking for ranlib
configure:6449: found /usr/bin/ranlib
configure:6460: result: ranlib
configure:6562: checking command to parse /usr/bin/nm -B output from gcc object
configure:6682: gcc -c -g -O2  conftest.c >&5
configure:6685: $? = 0
configure:6689: /usr/bin/nm -B conftest.o \| sed -n -e 's/^.*[ ]\([ABCDGIRSTW][ABCDGIRSTW]*\)[ ][ ]*\([_A-Za-z][_A-Za-z0-9]*\)$/\1 \2 \2/p' | sed '/ __gnu_lto/d' \> conftest.nm
configure:6692: $? = 0
configure:6758: gcc -o conftest -g -O2   conftest.c conftstm.o >&5
configure:6761: $? = 0
configure:6799: result: ok
configure:6836: checking for sysroot
configure:6866: result: no
configure:6943: gcc -c -g -O2  conftest.c >&5
configure:6946: $? = 0
configure:7128: checking for mt
configure:7144: found /bin/mt
configure:7155: result: mt
configure:7178: checking if mt is a manifest tool
configure:7184: mt '-?'
configure:7192: result: no
configure:7831: checking for dlfcn.h
configure:7831: gcc -c -g -O2  conftest.c >&5
configure:7831: $? = 0
configure:7831: result: yes
configure:8334: checking for objdir
configure:8349: result: .libs
configure:8620: checking if gcc supports -fno-rtti -fno-exceptions
configure:8638: gcc -c -g -O2  -fno-rtti -fno-exceptions conftest.c >&5
cc1: warning: command line option '-fno-rtti' is valid for C++/ObjC++ but not for C [enabled by default]
configure:8642: $? = 0
configure:8655: result: no
configure:8982: checking for gcc option to produce PIC
configure:8989: result: -fPIC -DPIC
configure:8997: checking if gcc PIC flag -fPIC -DPIC works
configure:9015: gcc -c -g -O2  -fPIC -DPIC -DPIC conftest.c >&5
configure:9019: $? = 0
configure:9032: result: yes
configure:9061: checking if gcc static flag -static works
configure:9089: result: yes
configure:9104: checking if gcc supports -c -o file.o
configure:9125: gcc -c -g -O2  -o out/conftest2.o conftest.c >&5
configure:9129: $? = 0
configure:9151: result: yes
configure:9159: checking if gcc supports -c -o file.o
configure:9206: result: yes
configure:9239: checking whether the gcc linker (/usr/bin/ld -m elf_x86_64) supports shared libraries
configure:10396: result: yes
configure:10433: checking whether -lc should be explicitly linked in
configure:10441: gcc -c -g -O2  conftest.c >&5
configure:10444: $? = 0
configure:10459: gcc -shared  -fPIC -DPIC conftest.o  -v -Wl,-soname -Wl,conftest -o conftest 2\>\&1 \| /bin/grep  -lc  \>/dev/null 2\>\&1
configure:10462: $? = 0
configure:10476: result: no
configure:10636: checking dynamic linker characteristics
configure:11167: gcc -o conftest -g -O2   -Wl,-rpath -Wl,/foo conftest.c  >&5
configure:11167: $? = 0
configure:11401: result: GNU/Linux ld.so
configure:11508: checking how to hardcode library paths into programs
configure:11533: result: immediate
configure:12073: checking whether stripping libraries is possible
configure:12078: result: yes
configure:12113: checking if libtool supports shared libraries
configure:12115: result: yes
configure:12118: checking whether to build shared libraries
configure:12139: result: yes
configure:12142: checking whether to build static libraries
configure:12146: result: no
configure:12226: checking for windres
configure:12256: result: no
configure:12362: checking whether to enable maintainer-specific portions of Makefiles
configure:12371: result: yes
configure:12436: checking whether make supports nested variables
configure:12453: result: yes
configure:12468: checking for gawk
configure:12495: result: mawk
configure:12554: checking for gcc
configure:12581: result: gcc
configure:12810: checking for C compiler version
configure:12819: gcc --version >&5
gcc (Ubuntu 4.8.4-2ubuntu1~14.04.3) 4.8.4
Copyright (C) 2013 Free Software Foundation, Inc.
This is free software; see the source for copying conditions.  There is NO
warranty; not even for MERCHANTABILITY or FITNESS FOR A PARTICULAR PURPOSE.

configure:12830: $? = 0
configure:12819: gcc -v >&5
Using built-in specs.
COLLECT_GCC=gcc
COLLECT_LTO_WRAPPER=/usr/lib/gcc/x86_64-linux-gnu/4.8/lto-wrapper
Target: x86_64-linux-gnu
Configured with: ../src/configure -v --with-pkgversion='Ubuntu 4.8.4-2ubuntu1~14.04.3' --with-bugurl=file:///usr/share/doc/gcc-4.8/README.Bugs --enable-languages=c,c++,java,go,d,fortran,objc,obj-c++ --prefix=/usr --program-suffix=-4.8 --enable-shared --enable-linker-build-id --libexecdir=/usr/lib --without-included-gettext --enable-threads=posix --with-gxx-include-dir=/usr/include/c++/4.8 --libdir=/usr/lib --enable-nls --with-sysroot=/ --enable-clocale=gnu --enable-libstdcxx-debug --enable-libstdcxx-time=yes --enable-gnu-unique-object --disable-libmudflap --enable-plugin --with-system-zlib --disable-browser-plugin --enable-java-awt=gtk --enable-gtk-cairo --with-java-home=/usr/lib/jvm/java-1.5.0-gcj-4.8-amd64/jre --enable-java-home --with-jvm-root-dir=/usr/lib/jvm/java-1.5.0-gcj-4.8-amd64 --with-jvm-jar-dir=/usr/lib/jvm-exports/java-1.5.0-gcj-4.8-amd64 --with-arch-directory=amd64 --with-ecj-jar=/usr/share/java/eclipse-ecj.jar --enable-objc-gc --enable-multiarch --disable-werror --with-arch-32=i686 --with-abi=m64 --with-multilib-list=m32,m64,mx32 --with-tune=generic --enable-checking=release --build=x86_64-linux-gnu --host=x86_64-linux-gnu --target=x86_64-linux-gnu
Thread model: posix
gcc version 4.8.4 (Ubuntu 4.8.4-2ubuntu1~14.04.3) 
configure:12830: $? = 0
configure:12819: gcc -V >&5
gcc: error: unrecognized command line option '-V'
gcc: fatal error: no input files
compilation terminated.
configure:12830: $? = 4
configure:12819: gcc -qversion >&5
gcc: error: unrecognized command line option '-qversion'
gcc: fatal error: no input files
compilation terminated.
configure:12830: $? = 4
configure:12834: checking whether we are using the GNU C compiler
configure:12862: result: yes
configure:12871: checking whether gcc accepts -g
configure:12932: result: yes
configure:12949: checking for gcc option to accept ISO C89
configure:13025: result: none needed
configure:13050: checking whether gcc understands -c and -o together
configure:13087: result: yes
configure:13106: checking dependency style of gcc
configure:13217: result: gcc3
configure:13237: checking how to run the C preprocessor
configure:13307: result: gcc -E
configure:13327: gcc -E  conftest.c
configure:13327: $? = 0
configure:13341: gcc -E  conftest.c
conftest.c:30:28: fatal error: ac_nonexistent.h: No such file or directory
 #include <ac_nonexistent.h>
                            ^
compilation terminated.
configure:13341: $? = 1
configure: failed program was:
| /* confdefs.h */
| #define PACKAGE_NAME "libksba"
| #define PACKAGE_TARNAME "libksba"
| #define PACKAGE_VERSION "1.3.5"
| #define PACKAGE_STRING "libksba 1.3.5"
| #define PACKAGE_BUGREPORT "http://bugs.gnupg.org"
| #define PACKAGE_URL ""
| #define PACKAGE "libksba"
| #define VERSION "1.3.5"
| #define STDC_HEADERS 1
| #define HAVE_SYS_TYPES_H 1
| #define HAVE_SYS_STAT_H 1
| #define HAVE_STDLIB_H 1
| #define HAVE_STRING_H 1
| #define HAVE_MEMORY_H 1
| #define HAVE_STRINGS_H 1
| #define HAVE_INTTYPES_H 1
| #define HAVE_STDINT_H 1
| #define HAVE_UNISTD_H 1
| #define __EXTENSIONS__ 1
| #define _ALL_SOURCE 1
| #define _GNU_SOURCE 1
| #define _POSIX_PTHREAD_SEMANTICS 1
| #define _TANDEM_SOURCE 1
| #define HAVE_DLFCN_H 1
| #define LT_OBJDIR ".libs/"
| #define PACKAGE "libksba"
| #define VERSION "1.3.5"
| /* end confdefs.h.  */
| #include <ac_nonexistent.h>
configure:13374: checking whether ln -s works
configure:13378: result: yes
configure:13385: checking whether make sets $(MAKE)
configure:13407: result: yes
configure:13423: checking for bison
configure:13453: result: no
configure:13423: checking for byacc
configure:13453: result: no
configure:13462: checking for inline
configure:13478: gcc -c -g -O2  conftest.c >&5
configure:13478: $? = 0
configure:13486: result: inline
configure:13508: checking for cc for build
configure:13515: result: gcc
configure:13538: checking if gcc supports -Wno-missing-field-initializers
configure:13553: gcc -c -Wno-missing-field-initializers  conftest.c >&5
configure:13553: $? = 0
configure:13559: result: yes
configure:13566: checking if gcc supports -Wdeclaration-after-statement
configure:13581: gcc -c -Wdeclaration-after-statement  conftest.c >&5
configure:13581: $? = 0
configure:13587: result: yes
configure:13595: checking if gcc supports -Wpointer-arith
configure:13610: gcc -c -Wpointer-arith  conftest.c >&5
configure:13610: $? = 0
configure:13616: result: yes
configure:13623: checking if gcc supports -Wno-pointer-sign
configure:13638: gcc -c -Wno-pointer-sign  conftest.c >&5
configure:13638: $? = 0
configure:13644: result: yes
configure:13726: checking whether the visibility attribute is supported
configure:13749: result: yes
configure:13752: checking for broken visibility attribute
configure:13776: result: no
configure:13780: checking for broken alias attribute
configure:13806: result: no
configure:13810: checking if gcc supports -fvisibility=hidden
configure:13829: gcc -c -fvisibility=hidden  conftest.c >&5
configure:13829: $? = 0
configure:13836: result: yes
configure:13892: checking for gpg-error-config
configure:13923: result: /usr/local/bin/gpg-error-config
configure:13932: checking for GPG Error - version >= 1.8
configure:13961: result: yes (1.24)
configure:14011: checking for ANSI C header files
configure:14115: result: yes
configure:14125: checking for string.h
configure:14125: result: yes
configure:14137: checking for an ANSI C-conforming const
configure:14203: gcc -c -g -O2 -Wall -Wcast-align -Wshadow -Wstrict-prototypes -Wformat -Wno-format-y2k -Wformat-security -W -Wno-sign-compare -Wno-missing-field-initializers -Wdeclaration-after-statement -Wpointer-arith -Wno-pointer-sign -fvisibility=hidden  conftest.c >&5
conftest.c:36:1: warning: function declaration isn't a prototype [-Wstrict-prototypes]
 main ()
 ^
configure:14203: $? = 0
configure:14210: result: yes
configure:14219: checking whether byte ordering is bigendian
configure:14234: gcc -c -g -O2 -Wall -Wcast-align -Wshadow -Wstrict-prototypes -Wformat -Wno-format-y2k -Wformat-security -W -Wno-sign-compare -Wno-missing-field-initializers -Wdeclaration-after-statement -Wpointer-arith -Wno-pointer-sign -fvisibility=hidden  conftest.c >&5
conftest.c:35:9: error: unknown type name 'not'
         not a universal capable compiler
         ^
conftest.c:35:15: error: expected '=', ',', ';', 'asm' or '__attribute__' before 'universal'
         not a universal capable compiler
               ^
conftest.c:35:15: error: unknown type name 'universal'
configure:14234: $? = 1
configure: failed program was:
| /* confdefs.h */
| #define PACKAGE_NAME "libksba"
| #define PACKAGE_TARNAME "libksba"
| #define PACKAGE_VERSION "1.3.5"
| #define PACKAGE_STRING "libksba 1.3.5"
| #define PACKAGE_BUGREPORT "http://bugs.gnupg.org"
| #define PACKAGE_URL ""
| #define PACKAGE "libksba"
| #define VERSION "1.3.5"
| #define STDC_HEADERS 1
| #define HAVE_SYS_TYPES_H 1
| #define HAVE_SYS_STAT_H 1
| #define HAVE_STDLIB_H 1
| #define HAVE_STRING_H 1
| #define HAVE_MEMORY_H 1
| #define HAVE_STRINGS_H 1
| #define HAVE_INTTYPES_H 1
| #define HAVE_STDINT_H 1
| #define HAVE_UNISTD_H 1
| #define __EXTENSIONS__ 1
| #define _ALL_SOURCE 1
| #define _GNU_SOURCE 1
| #define _POSIX_PTHREAD_SEMANTICS 1
| #define _TANDEM_SOURCE 1
| #define HAVE_DLFCN_H 1
| #define LT_OBJDIR ".libs/"
| #define PACKAGE "libksba"
| #define VERSION "1.3.5"
| #define KSBA_USE_VISIBILITY 1
| #define GPG_ERR_SOURCE_DEFAULT GPG_ERR_SOURCE_KSBA
| #define STDC_HEADERS 1
| #define HAVE_STRING_H 1
| /* end confdefs.h.  */
| #ifndef __APPLE_CC__
| 	       not a universal capable compiler
| 	     #endif
| 	     typedef int dummy;
| 
configure:14279: gcc -c -g -O2 -Wall -Wcast-align -Wshadow -Wstrict-prototypes -Wformat -Wno-format-y2k -Wformat-security -W -Wno-sign-compare -Wno-missing-field-initializers -Wdeclaration-after-statement -Wpointer-arith -Wno-pointer-sign -fvisibility=hidden  conftest.c >&5
conftest.c:38:1: warning: function declaration isn't a prototype [-Wstrict-prototypes]
 main ()
 ^
configure:14279: $? = 0
configure:14297: gcc -c -g -O2 -Wall -Wcast-align -Wshadow -Wstrict-prototypes -Wformat -Wno-format-y2k -Wformat-security -W -Wno-sign-compare -Wno-missing-field-initializers -Wdeclaration-after-statement -Wpointer-arith -Wno-pointer-sign -fvisibility=hidden  conftest.c >&5
conftest.c:38:1: warning: function declaration isn't a prototype [-Wstrict-prototypes]
 main ()
 ^
conftest.c: In function 'main':
conftest.c:41:4: error: unknown type name 'not'
    not big endian
    ^
conftest.c:41:12: error: expected '=', ',', ';', 'asm' or '__attribute__' before 'endian'
    not big endian
            ^
configure:14297: $? = 1
configure: failed program was:
| /* confdefs.h */
| #define PACKAGE_NAME "libksba"
| #define PACKAGE_TARNAME "libksba"
| #define PACKAGE_VERSION "1.3.5"
| #define PACKAGE_STRING "libksba 1.3.5"
| #define PACKAGE_BUGREPORT "http://bugs.gnupg.org"
| #define PACKAGE_URL ""
| #define PACKAGE "libksba"
| #define VERSION "1.3.5"
| #define STDC_HEADERS 1
| #define HAVE_SYS_TYPES_H 1
| #define HAVE_SYS_STAT_H 1
| #define HAVE_STDLIB_H 1
| #define HAVE_STRING_H 1
| #define HAVE_MEMORY_H 1
| #define HAVE_STRINGS_H 1
| #define HAVE_INTTYPES_H 1
| #define HAVE_STDINT_H 1
| #define HAVE_UNISTD_H 1
| #define __EXTENSIONS__ 1
| #define _ALL_SOURCE 1
| #define _GNU_SOURCE 1
| #define _POSIX_PTHREAD_SEMANTICS 1
| #define _TANDEM_SOURCE 1
| #define HAVE_DLFCN_H 1
| #define LT_OBJDIR ".libs/"
| #define PACKAGE "libksba"
| #define VERSION "1.3.5"
| #define KSBA_USE_VISIBILITY 1
| #define GPG_ERR_SOURCE_DEFAULT GPG_ERR_SOURCE_KSBA
| #define STDC_HEADERS 1
| #define HAVE_STRING_H 1
| /* end confdefs.h.  */
| #include <sys/types.h>
| 		#include <sys/param.h>
| 
| int
| main ()
| {
| #if BYTE_ORDER != BIG_ENDIAN
| 		 not big endian
| 		#endif
| 
|   ;
|   return 0;
| }
configure:14425: result: no
configure:14448: checking size of unsigned int
configure:14453: gcc -o conftest -g -O2 -Wall -Wcast-align -Wshadow -Wstrict-prototypes -Wformat -Wno-format-y2k -Wformat-security -W -Wno-sign-compare -Wno-missing-field-initializers -Wdeclaration-after-statement -Wpointer-arith -Wno-pointer-sign -fvisibility=hidden   conftest.c  >&5
conftest.c:67:17: warning: function declaration isn't a prototype [-Wstrict-prototypes]
 static long int longval () { return (long int) (sizeof (unsigned int)); }
                 ^
conftest.c:68:26: warning: function declaration isn't a prototype [-Wstrict-prototypes]
 static unsigned long int ulongval () { return (long int) (sizeof (unsigned int)); }
                          ^
conftest.c:72:1: warning: function declaration isn't a prototype [-Wstrict-prototypes]
 main ()
 ^
configure:14453: $? = 0
configure:14453: ./conftest
configure:14453: $? = 0
configure:14467: result: 4
configure:14481: checking size of unsigned long
configure:14486: gcc -o conftest -g -O2 -Wall -Wcast-align -Wshadow -Wstrict-prototypes -Wformat -Wno-format-y2k -Wformat-security -W -Wno-sign-compare -Wno-missing-field-initializers -Wdeclaration-after-statement -Wpointer-arith -Wno-pointer-sign -fvisibility=hidden   conftest.c  >&5
conftest.c:68:17: warning: function declaration isn't a prototype [-Wstrict-prototypes]
 static long int longval () { return (long int) (sizeof (unsigned long)); }
                 ^
conftest.c:69:26: warning: function declaration isn't a prototype [-Wstrict-prototypes]
 static unsigned long int ulongval () { return (long int) (sizeof (unsigned long)); }
                          ^
conftest.c:73:1: warning: function declaration isn't a prototype [-Wstrict-prototypes]
 main ()
 ^
configure:14486: $? = 0
configure:14486: ./conftest
configure:14486: $? = 0
configure:14500: result: 8
configure:14510: checking for u32 typedef
configure:14531: gcc -c -g -O2 -Wall -Wcast-align -Wshadow -Wstrict-prototypes -Wformat -Wno-format-y2k -Wformat-security -W -Wno-sign-compare -Wno-missing-field-initializers -Wdeclaration-after-statement -Wpointer-arith -Wno-pointer-sign -fvisibility=hidden  conftest.c >&5
conftest.c:40:1: warning: function declaration isn't a prototype [-Wstrict-prototypes]
 main ()
 ^
conftest.c: In function 'main':
conftest.c:44:20: error: 'u32' undeclared (first use in this function)
     int a = sizeof(u32);
                    ^
conftest.c:44:20: note: each undeclared identifier is reported only once for each function it appears in
conftest.c:44:9: warning: unused variable 'a' [-Wunused-variable]
     int a = sizeof(u32);
         ^
configure:14531: $? = 1
configure: failed program was:
| /* confdefs.h */
| #define PACKAGE_NAME "libksba"
| #define PACKAGE_TARNAME "libksba"
| #define PACKAGE_VERSION "1.3.5"
| #define PACKAGE_STRING "libksba 1.3.5"
| #define PACKAGE_BUGREPORT "http://bugs.gnupg.org"
| #define PACKAGE_URL ""
| #define PACKAGE "libksba"
| #define VERSION "1.3.5"
| #define STDC_HEADERS 1
| #define HAVE_SYS_TYPES_H 1
| #define HAVE_SYS_STAT_H 1
| #define HAVE_STDLIB_H 1
| #define HAVE_STRING_H 1
| #define HAVE_MEMORY_H 1
| #define HAVE_STRINGS_H 1
| #define HAVE_INTTYPES_H 1
| #define HAVE_STDINT_H 1
| #define HAVE_UNISTD_H 1
| #define __EXTENSIONS__ 1
| #define _ALL_SOURCE 1
| #define _GNU_SOURCE 1
| #define _POSIX_PTHREAD_SEMANTICS 1
| #define _TANDEM_SOURCE 1
| #define HAVE_DLFCN_H 1
| #define LT_OBJDIR ".libs/"
| #define PACKAGE "libksba"
| #define VERSION "1.3.5"
| #define KSBA_USE_VISIBILITY 1
| #define GPG_ERR_SOURCE_DEFAULT GPG_ERR_SOURCE_KSBA
| #define STDC_HEADERS 1
| #define HAVE_STRING_H 1
| #define SIZEOF_UNSIGNED_INT 4
| #define SIZEOF_UNSIGNED_LONG 8
| /* end confdefs.h.  */
| #define _GNU_SOURCE 1
|     #include <stdlib.h>
|     #include <sys/types.h>
| int
| main ()
| {
| 
|     #undef u32
|     int a = sizeof(u32);
| 
|   ;
|   return 0;
| }
configure:14539: result: no
configure:14553: checking for memmove
configure:14553: gcc -o conftest -g -O2 -Wall -Wcast-align -Wshadow -Wstrict-prototypes -Wformat -Wno-format-y2k -Wformat-security -W -Wno-sign-compare -Wno-missing-field-initializers -Wdeclaration-after-statement -Wpointer-arith -Wno-pointer-sign -fvisibility=hidden   conftest.c  >&5
conftest.c:59:1: warning: function declaration isn't a prototype [-Wstrict-prototypes]
 char memmove ();
 ^
conftest.c:59:6: warning: conflicting types for built-in function 'memmove' [enabled by default]
 char memmove ();
      ^
conftest.c:68:1: warning: function declaration isn't a prototype [-Wstrict-prototypes]
 main ()
 ^
configure:14553: $? = 0
configure:14553: result: yes
configure:14553: checking for strchr
configure:14553: gcc -o conftest -g -O2 -Wall -Wcast-align -Wshadow -Wstrict-prototypes -Wformat -Wno-format-y2k -Wformat-security -W -Wno-sign-compare -Wno-missing-field-initializers -Wdeclaration-after-statement -Wpointer-arith -Wno-pointer-sign -fvisibility=hidden   conftest.c  >&5
conftest.c:60:1: warning: function declaration isn't a prototype [-Wstrict-prototypes]
 char strchr ();
 ^
conftest.c:60:6: warning: conflicting types for built-in function 'strchr' [enabled by default]
 char strchr ();
      ^
conftest.c:69:1: warning: function declaration isn't a prototype [-Wstrict-prototypes]
 main ()
 ^
configure:14553: $? = 0
configure:14553: result: yes
configure:14553: checking for strtol
configure:14553: gcc -o conftest -g -O2 -Wall -Wcast-align -Wshadow -Wstrict-prototypes -Wformat -Wno-format-y2k -Wformat-security -W -Wno-sign-compare -Wno-missing-field-initializers -Wdeclaration-after-statement -Wpointer-arith -Wno-pointer-sign -fvisibility=hidden   conftest.c  >&5
conftest.c:61:1: warning: function declaration isn't a prototype [-Wstrict-prototypes]
 char strtol ();
 ^
conftest.c:70:1: warning: function declaration isn't a prototype [-Wstrict-prototypes]
 main ()
 ^
configure:14553: $? = 0
configure:14553: result: yes
configure:14553: checking for strtoul
configure:14553: gcc -o conftest -g -O2 -Wall -Wcast-align -Wshadow -Wstrict-prototypes -Wformat -Wno-format-y2k -Wformat-security -W -Wno-sign-compare -Wno-missing-field-initializers -Wdeclaration-after-statement -Wpointer-arith -Wno-pointer-sign -fvisibility=hidden   conftest.c  >&5
conftest.c:62:1: warning: function declaration isn't a prototype [-Wstrict-prototypes]
 char strtoul ();
 ^
conftest.c:71:1: warning: function declaration isn't a prototype [-Wstrict-prototypes]
 main ()
 ^
configure:14553: $? = 0
configure:14553: result: yes
configure:14553: checking for stpcpy
configure:14553: gcc -o conftest -g -O2 -Wall -Wcast-align -Wshadow -Wstrict-prototypes -Wformat -Wno-format-y2k -Wformat-security -W -Wno-sign-compare -Wno-missing-field-initializers -Wdeclaration-after-statement -Wpointer-arith -Wno-pointer-sign -fvisibility=hidden   conftest.c  >&5
conftest.c:63:1: warning: function declaration isn't a prototype [-Wstrict-prototypes]
 char stpcpy ();
 ^
conftest.c:63:6: warning: conflicting types for built-in function 'stpcpy' [enabled by default]
 char stpcpy ();
      ^
conftest.c:72:1: warning: function declaration isn't a prototype [-Wstrict-prototypes]
 main ()
 ^
configure:14553: $? = 0
configure:14553: result: yes
configure:14553: checking for gmtime_r
configure:14553: gcc -o conftest -g -O2 -Wall -Wcast-align -Wshadow -Wstrict-prototypes -Wformat -Wno-format-y2k -Wformat-security -W -Wno-sign-compare -Wno-missing-field-initializers -Wdeclaration-after-statement -Wpointer-arith -Wno-pointer-sign -fvisibility=hidden   conftest.c  >&5
conftest.c:64:1: warning: function declaration isn't a prototype [-Wstrict-prototypes]
 char gmtime_r ();
 ^
conftest.c:73:1: warning: function declaration isn't a prototype [-Wstrict-prototypes]
 main ()
 ^
configure:14553: $? = 0
configure:14553: result: yes
configure:14553: checking for getenv
configure:14553: gcc -o conftest -g -O2 -Wall -Wcast-align -Wshadow -Wstrict-prototypes -Wformat -Wno-format-y2k -Wformat-security -W -Wno-sign-compare -Wno-missing-field-initializers -Wdeclaration-after-statement -Wpointer-arith -Wno-pointer-sign -fvisibility=hidden   conftest.c  >&5
conftest.c:65:1: warning: function declaration isn't a prototype [-Wstrict-prototypes]
 char getenv ();
 ^
conftest.c:74:1: warning: function declaration isn't a prototype [-Wstrict-prototypes]
 main ()
 ^
configure:14553: $? = 0
configure:14553: result: yes
configure:14568: checking for size_t
configure:14568: gcc -c -g -O2 -Wall -Wcast-align -Wshadow -Wstrict-prototypes -Wformat -Wno-format-y2k -Wformat-security -W -Wno-sign-compare -Wno-missing-field-initializers -Wdeclaration-after-statement -Wpointer-arith -Wno-pointer-sign -fvisibility=hidden  conftest.c >&5
conftest.c:77:1: warning: function declaration isn't a prototype [-Wstrict-prototypes]
 main ()
 ^
configure:14568: $? = 0
configure:14568: gcc -c -g -O2 -Wall -Wcast-align -Wshadow -Wstrict-prototypes -Wformat -Wno-format-y2k -Wformat-security -W -Wno-sign-compare -Wno-missing-field-initializers -Wdeclaration-after-statement -Wpointer-arith -Wno-pointer-sign -fvisibility=hidden  conftest.c >&5
conftest.c:77:1: warning: function declaration isn't a prototype [-Wstrict-prototypes]
 main ()
 ^
conftest.c: In function 'main':
conftest.c:79:21: error: expected expression before ')' token
 if (sizeof ((size_t)))
                     ^
configure:14568: $? = 1
configure: failed program was:
| /* confdefs.h */
| #define PACKAGE_NAME "libksba"
| #define PACKAGE_TARNAME "libksba"
| #define PACKAGE_VERSION "1.3.5"
| #define PACKAGE_STRING "libksba 1.3.5"
| #define PACKAGE_BUGREPORT "http://bugs.gnupg.org"
| #define PACKAGE_URL ""
| #define PACKAGE "libksba"
| #define VERSION "1.3.5"
| #define STDC_HEADERS 1
| #define HAVE_SYS_TYPES_H 1
| #define HAVE_SYS_STAT_H 1
| #define HAVE_STDLIB_H 1
| #define HAVE_STRING_H 1
| #define HAVE_MEMORY_H 1
| #define HAVE_STRINGS_H 1
| #define HAVE_INTTYPES_H 1
| #define HAVE_STDINT_H 1
| #define HAVE_UNISTD_H 1
| #define __EXTENSIONS__ 1
| #define _ALL_SOURCE 1
| #define _GNU_SOURCE 1
| #define _POSIX_PTHREAD_SEMANTICS 1
| #define _TANDEM_SOURCE 1
| #define HAVE_DLFCN_H 1
| #define LT_OBJDIR ".libs/"
| #define PACKAGE "libksba"
| #define VERSION "1.3.5"
| #define KSBA_USE_VISIBILITY 1
| #define GPG_ERR_SOURCE_DEFAULT GPG_ERR_SOURCE_KSBA
| #define STDC_HEADERS 1
| #define HAVE_STRING_H 1
| #define SIZEOF_UNSIGNED_INT 4
| #define SIZEOF_UNSIGNED_LONG 8
| #define HAVE_MEMMOVE 1
| #define HAVE_STRCHR 1
| #define HAVE_STRTOL 1
| #define HAVE_STRTOUL 1
| #define HAVE_STPCPY 1
| #define HAVE_GMTIME_R 1
| #define HAVE_GETENV 1
| /* end confdefs.h.  */
| #include <stdio.h>
| #ifdef HAVE_SYS_TYPES_H
| # include <sys/types.h>
| #endif
| #ifdef HAVE_SYS_STAT_H
| # include <sys/stat.h>
| #endif
| #ifdef STDC_HEADERS
| # include <stdlib.h>
| # include <stddef.h>
| #else
| # ifdef HAVE_STDLIB_H
| #  include <stdlib.h>
| # endif
| #endif
| #ifdef HAVE_STRING_H
| # if !defined STDC_HEADERS && defined HAVE_MEMORY_H
| #  include <memory.h>
| # endif
| # include <string.h>
| #endif
| #ifdef HAVE_STRINGS_H
| # include <strings.h>
| #endif
| #ifdef HAVE_INTTYPES_H
| # include <inttypes.h>
| #endif
| #ifdef HAVE_STDINT_H
| # include <stdint.h>
| #endif
| #ifdef HAVE_UNISTD_H
| # include <unistd.h>
| #endif
| int
| main ()
| {
| if (sizeof ((size_t)))
| 	    return 0;
|   ;
|   return 0;
| }
configure:14568: result: yes
configure:14581: checking for working alloca.h
configure:14598: gcc -o conftest -g -O2 -Wall -Wcast-align -Wshadow -Wstrict-prototypes -Wformat -Wno-format-y2k -Wformat-security -W -Wno-sign-compare -Wno-missing-field-initializers -Wdeclaration-after-statement -Wpointer-arith -Wno-pointer-sign -fvisibility=hidden   conftest.c  >&5
conftest.c:45:1: warning: function declaration isn't a prototype [-Wstrict-prototypes]
 main ()
 ^
configure:14598: $? = 0
configure:14606: result: yes
configure:14614: checking for alloca
configure:14651: gcc -o conftest -g -O2 -Wall -Wcast-align -Wshadow -Wstrict-prototypes -Wformat -Wno-format-y2k -Wformat-security -W -Wno-sign-compare -Wno-missing-field-initializers -Wdeclaration-after-statement -Wpointer-arith -Wno-pointer-sign -fvisibility=hidden   conftest.c  >&5
conftest.c:66:1: warning: function declaration isn't a prototype [-Wstrict-prototypes]
 main ()
 ^
configure:14651: $? = 0
configure:14659: result: yes
configure:14822: checking for valgrind
configure:14852: result: no
configure:14873: checking whether self tests are run under valgrind
configure:14875: result: no
configure:15044: checking that generated files are newer than configure
configure:15050: result: done
configure:15098: creating ./config.status

## ---------------------- ##
## Running config.status. ##
## ---------------------- ##

This file was extended by libksba config.status 1.3.5, which was
generated by GNU Autoconf 2.69.  Invocation command line was

  CONFIG_FILES    = 
  CONFIG_HEADERS  = 
  CONFIG_LINKS    = 
  CONFIG_COMMANDS = 
  $ ./config.status --quiet

on ubuntu

config.status:1194: creating Makefile
config.status:1194: creating m4/Makefile
config.status:1194: creating gl/Makefile
config.status:1194: creating src/Makefile
config.status:1194: creating src/ksba-config
config.status:1194: creating src/versioninfo.rc
config.status:1194: creating tests/Makefile
config.status:1194: creating doc/Makefile
config.status:1194: creating config.h
config.status:1408: executing depfiles commands
config.status:1408: executing libtool commands

## ---------------- ##
## Cache variables. ##
## ---------------- ##

ac_cv_build=x86_64-pc-linux-gnu
ac_cv_c_bigendian=no
ac_cv_c_compiler_gnu=yes
ac_cv_c_const=yes
ac_cv_c_inline=inline
ac_cv_env_CC_FOR_BUILD_set=
ac_cv_env_CC_FOR_BUILD_value=
ac_cv_env_CC_set=
ac_cv_env_CC_value=
ac_cv_env_CFLAGS_set=
ac_cv_env_CFLAGS_value=
ac_cv_env_CPPFLAGS_set=
ac_cv_env_CPPFLAGS_value=
ac_cv_env_CPP_set=
ac_cv_env_CPP_value=
ac_cv_env_LDFLAGS_set=
ac_cv_env_LDFLAGS_value=
ac_cv_env_LIBS_set=
ac_cv_env_LIBS_value=
ac_cv_env_YACC_set=
ac_cv_env_YACC_value=
ac_cv_env_YFLAGS_set=
ac_cv_env_YFLAGS_value=
ac_cv_env_build_alias_set=
ac_cv_env_build_alias_value=
ac_cv_env_host_alias_set=
ac_cv_env_host_alias_value=
ac_cv_env_target_alias_set=
ac_cv_env_target_alias_value=
ac_cv_func_alloca_works=yes
ac_cv_func_getenv=yes
ac_cv_func_gmtime_r=yes
ac_cv_func_memmove=yes
ac_cv_func_stpcpy=yes
ac_cv_func_strchr=yes
ac_cv_func_strtol=yes
ac_cv_func_strtoul=yes
ac_cv_header_dlfcn_h=yes
ac_cv_header_inttypes_h=yes
ac_cv_header_memory_h=yes
ac_cv_header_minix_config_h=no
ac_cv_header_stdc=yes
ac_cv_header_stdint_h=yes
ac_cv_header_stdlib_h=yes
ac_cv_header_string_h=yes
ac_cv_header_strings_h=yes
ac_cv_header_sys_stat_h=yes
ac_cv_header_sys_types_h=yes
ac_cv_header_unistd_h=yes
ac_cv_host=x86_64-pc-linux-gnu
ac_cv_objext=o
ac_cv_path_EGREP='/bin/grep -E'
ac_cv_path_FGREP='/bin/grep -F'
ac_cv_path_GPG_ERROR_CONFIG=/usr/local/bin/gpg-error-config
ac_cv_path_GREP=/bin/grep
ac_cv_path_SED=/bin/sed
ac_cv_path_install='/usr/bin/install -c'
ac_cv_path_mkdir=/bin/mkdir
ac_cv_prog_AWK=mawk
ac_cv_prog_CPP='gcc -E'
ac_cv_prog_ac_ct_AR=ar
ac_cv_prog_ac_ct_CC=gcc
ac_cv_prog_ac_ct_MANIFEST_TOOL=mt
ac_cv_prog_ac_ct_OBJDUMP=objdump
ac_cv_prog_ac_ct_RANLIB=ranlib
ac_cv_prog_ac_ct_STRIP=strip
ac_cv_prog_cc_c89=
ac_cv_prog_cc_g=yes
ac_cv_prog_make_make_set=yes
ac_cv_safe_to_define___extensions__=yes
ac_cv_sizeof_unsigned_int=4
ac_cv_sizeof_unsigned_long=8
ac_cv_type_size_t=yes
ac_cv_working_alloca_h=yes
am_cv_CC_dependencies_compiler_type=gcc3
am_cv_make_support_nested_variables=yes
am_cv_prog_cc_c_o=yes
gnupg_cv_typedef_u32=no
ksba_cv_broken_alias_attribute=no
ksba_cv_broken_visibility_attribute=no
ksba_cv_gcc_has_f_visibility=yes
ksba_cv_visibility_attribute=yes
lt_cv_ar_at_file=@
lt_cv_archive_cmds_need_lc=no
lt_cv_deplibs_check_method=pass_all
lt_cv_file_magic_cmd='$MAGIC_CMD'
lt_cv_file_magic_test_file=
lt_cv_ld_reload_flag=-r
lt_cv_nm_interface='BSD nm'
lt_cv_objdir=.libs
lt_cv_path_LD=/usr/bin/ld
lt_cv_path_NM='/usr/bin/nm -B'
lt_cv_path_mainfest_tool=no
lt_cv_prog_compiler_c_o=yes
lt_cv_prog_compiler_c_o_RC=yes
lt_cv_prog_compiler_pic='-fPIC -DPIC'
lt_cv_prog_compiler_pic_works=yes
lt_cv_prog_compiler_rtti_exceptions=no
lt_cv_prog_compiler_static_works=yes
lt_cv_prog_gnu_ld=yes
lt_cv_sharedlib_from_linklib_cmd='printf %s\n'
lt_cv_shlibpath_overrides_runpath=no
lt_cv_sys_global_symbol_pipe='sed -n -e '\''s/^.*[	 ]\([ABCDGIRSTW][ABCDGIRSTW]*\)[	 ][	 ]*\([_A-Za-z][_A-Za-z0-9]*\)$/\1 \2 \2/p'\'' | sed '\''/ __gnu_lto/d'\'''
lt_cv_sys_global_symbol_to_c_name_address='sed -n -e '\''s/^: \([^ ]*\)[ ]*$/  {\"\1\", (void *) 0},/p'\'' -e '\''s/^[ABCDGIRSTW]* \([^ ]*\) \([^ ]*\)$/  {"\2", (void *) \&\2},/p'\'''
lt_cv_sys_global_symbol_to_c_name_address_lib_prefix='sed -n -e '\''s/^: \([^ ]*\)[ ]*$/  {\"\1\", (void *) 0},/p'\'' -e '\''s/^[ABCDGIRSTW]* \([^ ]*\) \(lib[^ ]*\)$/  {"\2", (void *) \&\2},/p'\'' -e '\''s/^[ABCDGIRSTW]* \([^ ]*\) \([^ ]*\)$/  {"lib\2", (void *) \&\2},/p'\'''
lt_cv_sys_global_symbol_to_cdecl='sed -n -e '\''s/^T .* \(.*\)$/extern int \1();/p'\'' -e '\''s/^[ABCDGIRSTW]* .* \(.*\)$/extern char \1;/p'\'''
lt_cv_sys_max_cmd_len=3458764513820540925
lt_cv_to_host_file_cmd=func_convert_file_noop
lt_cv_to_tool_file_cmd=func_convert_file_noop

## ----------------- ##
## Output variables. ##
## ----------------- ##

ACLOCAL='${SHELL} /home/parallels/Documents/gnupg-2.1.8/PLAY/src/libksba/build-aux/missing aclocal-1.14'
ALLOCA=''
ALLOCA_H='alloca.h'
AMDEPBACKSLASH='\'
AMDEP_FALSE='#'
AMDEP_TRUE=''
AMTAR='$${TAR-tar}'
AM_BACKSLASH='\'
AM_DEFAULT_V='$(AM_DEFAULT_VERBOSITY)'
AM_DEFAULT_VERBOSITY='1'
AM_V='$(V)'
AR='ar'
AS='as'
AUTOCONF='${SHELL} /home/parallels/Documents/gnupg-2.1.8/PLAY/src/libksba/build-aux/missing autoconf'
AUTOHEADER='${SHELL} /home/parallels/Documents/gnupg-2.1.8/PLAY/src/libksba/build-aux/missing autoheader'
AUTOMAKE='${SHELL} /home/parallels/Documents/gnupg-2.1.8/PLAY/src/libksba/build-aux/missing automake-1.14'
AWK='mawk'
BUILD_FILEVERSION=''
BUILD_REVISION='25cc42c'
BUILD_TIMESTAMP='<none>'
CC='gcc'
CCDEPMODE='depmode=gcc3'
CC_FOR_BUILD='gcc'
CFLAGS='-g -O2 -Wall -Wcast-align -Wshadow -Wstrict-prototypes -Wformat -Wno-format-y2k -Wformat-security -W -Wno-sign-compare -Wno-missing-field-initializers -Wdeclaration-after-statement -Wpointer-arith -Wno-pointer-sign -fvisibility=hidden'
CPP='gcc -E'
CPPFLAGS=''
CROSS_COMPILING_FALSE=''
CROSS_COMPILING_TRUE='#'
CYGPATH_W='echo'
DEFS='-DHAVE_CONFIG_H'
DEPDIR='.deps'
DLLTOOL='false'
DSYMUTIL=''
DUMPBIN=''
ECHO_C=''
ECHO_N='-n'
ECHO_T=''
EGREP='/bin/grep -E'
EXEEXT=''
FGREP='/bin/grep -F'
GPG_ERROR_CFLAGS='-I/usr/local/include'
GPG_ERROR_CONFIG='/usr/local/bin/gpg-error-config'
GPG_ERROR_LIBS='-L/usr/local/lib -lgpg-error'
GPG_ERROR_MT_CFLAGS='-I/usr/local/include'
GPG_ERROR_MT_LIBS='-L/usr/local/lib -lgpg-error -lpthread'
GREP='/bin/grep'
HAVE_LD_VERSION_SCRIPT_FALSE='#'
HAVE_LD_VERSION_SCRIPT_TRUE=''
HAVE_W32CE_SYSTEM_FALSE=''
HAVE_W32CE_SYSTEM_TRUE='#'
HAVE_W32_SYSTEM_FALSE=''
HAVE_W32_SYSTEM_TRUE='#'
INSTALL_DATA='${INSTALL} -m 644'
INSTALL_PROGRAM='${INSTALL}'
INSTALL_SCRIPT='${INSTALL}'
INSTALL_STRIP_PROGRAM='$(install_sh) -c -s'
KSBA_CONFIG_API_VERSION='1'
KSBA_CONFIG_CFLAGS=''
KSBA_CONFIG_HOST='x86_64-pc-linux-gnu'
KSBA_CONFIG_LIBS='-lksba'
LD='/usr/bin/ld -m elf_x86_64'
LDFLAGS=''
LIBKSBA_LT_AGE='11'
LIBKSBA_LT_CURRENT='19'
LIBKSBA_LT_REVISION='6'
LIBOBJS=''
LIBS=''
LIBTOOL='$(SHELL) $(top_builddir)/libtool'
LIPO=''
LN_S='ln -s'
LTALLOCA=''
LTLIBOBJS=''
MAINT=''
MAINTAINER_MODE_FALSE='#'
MAINTAINER_MODE_TRUE=''
MAKEINFO='${SHELL} /home/parallels/Documents/gnupg-2.1.8/PLAY/src/libksba/build-aux/missing makeinfo'
MANIFEST_TOOL=':'
MKDIR_P='/bin/mkdir -p'
NM='/usr/bin/nm -B'
NMEDIT=''
OBJDUMP='objdump'
OBJEXT='o'
OTOOL64=''
OTOOL=''
PACKAGE='libksba'
PACKAGE_BUGREPORT='http://bugs.gnupg.org'
PACKAGE_NAME='libksba'
PACKAGE_STRING='libksba 1.3.5'
PACKAGE_TARNAME='libksba'
PACKAGE_URL=''
PACKAGE_VERSION='1.3.5'
PATH_SEPARATOR=':'
RANLIB='ranlib'
RC=''
SED='/bin/sed'
SET_MAKE=''
SHELL='/bin/bash'
STRIP='strip'
VALGRIND=''
VERSION='1.3.5'
YACC='yacc'
YFLAGS=''
ac_ct_AR='ar'
ac_ct_CC='gcc'
ac_ct_DUMPBIN=''
am__EXEEXT_FALSE=''
am__EXEEXT_TRUE='#'
am__fastdepCC_FALSE='#'
am__fastdepCC_TRUE=''
am__include='include'
am__isrc=' -I$(srcdir)'
am__leading_dot='.'
am__nodep='_no'
am__quote=''
am__tar='$${TAR-tar} chof - "$$tardir"'
am__untar='$${TAR-tar} xf -'
bindir='${exec_prefix}/bin'
build='x86_64-pc-linux-gnu'
build_alias=''
build_cpu='x86_64'
build_os='linux-gnu'
build_vendor='pc'
datadir='${datarootdir}'
datarootdir='${prefix}/share'
docdir='${datarootdir}/doc/${PACKAGE_TARNAME}'
dvidir='${docdir}'
exec_prefix='${prefix}'
host='x86_64-pc-linux-gnu'
host_alias=''
host_cpu='x86_64'
host_os='linux-gnu'
host_vendor='pc'
htmldir='${docdir}'
includedir='${prefix}/include'
infodir='${datarootdir}/info'
install_sh='${SHELL} /home/parallels/Documents/gnupg-2.1.8/PLAY/src/libksba/build-aux/install-sh'
libdir='${exec_prefix}/lib'
libexecdir='${exec_prefix}/libexec'
localedir='${datarootdir}/locale'
localstatedir='${prefix}/var'
mandir='${datarootdir}/man'
mkdir_p='$(MKDIR_P)'
oldincludedir='/usr/include'
pdfdir='${docdir}'
prefix='/usr/local'
program_transform_name='s,x,x,'
psdir='${docdir}'
sbindir='${exec_prefix}/sbin'
sharedstatedir='${prefix}/com'
sysconfdir='${prefix}/etc'
target_alias=''

## ----------- ##
## confdefs.h. ##
## ----------- ##

/* confdefs.h */
#define PACKAGE_NAME "libksba"
#define PACKAGE_TARNAME "libksba"
#define PACKAGE_VERSION "1.3.5"
#define PACKAGE_STRING "libksba 1.3.5"
#define PACKAGE_BUGREPORT "http://bugs.gnupg.org"
#define PACKAGE_URL ""
#define PACKAGE "libksba"
#define VERSION "1.3.5"
#define STDC_HEADERS 1
#define HAVE_SYS_TYPES_H 1
#define HAVE_SYS_STAT_H 1
#define HAVE_STDLIB_H 1
#define HAVE_STRING_H 1
#define HAVE_MEMORY_H 1
#define HAVE_STRINGS_H 1
#define HAVE_INTTYPES_H 1
#define HAVE_STDINT_H 1
#define HAVE_UNISTD_H 1
#define __EXTENSIONS__ 1
#define _ALL_SOURCE 1
#define _GNU_SOURCE 1
#define _POSIX_PTHREAD_SEMANTICS 1
#define _TANDEM_SOURCE 1
#define HAVE_DLFCN_H 1
#define LT_OBJDIR ".libs/"
#define PACKAGE "libksba"
#define VERSION "1.3.5"
#define KSBA_USE_VISIBILITY 1
#define GPG_ERR_SOURCE_DEFAULT GPG_ERR_SOURCE_KSBA
#define STDC_HEADERS 1
#define HAVE_STRING_H 1
#define SIZEOF_UNSIGNED_INT 4
#define SIZEOF_UNSIGNED_LONG 8
#define HAVE_MEMMOVE 1
#define HAVE_STRCHR 1
#define HAVE_STRTOL 1
#define HAVE_STRTOUL 1
#define HAVE_STPCPY 1
#define HAVE_GMTIME_R 1
#define HAVE_GETENV 1
#define HAVE_ALLOCA_H 1
#define HAVE_ALLOCA 1
#define HAVE_ALLOCA 1
#define HAVE_ALLOCA_H 1
#define BUILD_REVISION "25cc42c"
#define BUILD_TIMESTAMP "<none>"

configure: exit 0
