This file contains any messages produced by compilers while
running configure, to aid debugging if configure makes a mistake.

It was created by gpgme configure 1.7.0, which was
generated by GNU Autoconf 2.69.  Invocation command line was

  $ /home/parallels/Documents/gnupg-2.1.8/PLAY/src/gpgme/configure --silent --enable-maintainer-mode --prefix=/usr/local --disable-static --disable-w32-glib --disable-w32-qt --with-gpg-error-prefix=/usr/local LDFLAGS=-L/usr/local/lib

## --------- ##
## Platform. ##
## --------- ##

hostname = ubuntu
uname -m = x86_64
uname -r = 3.13.0-32-generic
uname -s = Linux
uname -v = #57-Ubuntu SMP Tue Jul 15 03:51:08 UTC 2014

/usr/bin/uname -p = unknown
/bin/uname -X     = unknown

/bin/arch              = unknown
/usr/bin/arch -k       = unknown
/usr/convex/getsysinfo = unknown
/usr/bin/hostinfo      = unknown
/bin/machine           = unknown
/usr/bin/oslevel       = unknown
/bin/universe          = unknown

PATH: /usr/local/bin
PATH: /usr/local/sbin
PATH: /usr/local/bin
PATH: /usr/sbin
PATH: /usr/bin
PATH: /sbin
PATH: /bin


## ----------- ##
## Core tests. ##
## ----------- ##

configure:2943: checking for a BSD-compatible install
configure:3011: result: /usr/bin/install -c
configure:3022: checking whether build environment is sane
configure:3077: result: yes
configure:3228: checking for a thread-safe mkdir -p
configure:3267: result: /bin/mkdir -p
configure:3274: checking for gawk
configure:3304: result: no
configure:3274: checking for mawk
configure:3290: found /usr/bin/mawk
configure:3301: result: mawk
configure:3312: checking whether make sets $(MAKE)
configure:3334: result: yes
configure:3363: checking whether make supports nested variables
configure:3380: result: yes
configure:3507: checking whether to enable maintainer-specific portions of Makefiles
configure:3516: result: yes
configure:3533: checking build system type
configure:3547: result: x86_64-pc-linux-gnu
configure:3567: checking host system type
configure:3580: result: x86_64-pc-linux-gnu
configure:3611: checking whether make supports nested variables
configure:3628: result: yes
configure:3654: checking for style of include used by make
configure:3682: result: GNU
configure:3753: checking for gcc
configure:3769: found /usr/bin/gcc
configure:3780: result: gcc
configure:4009: checking for C compiler version
configure:4018: gcc --version >&5
gcc (Ubuntu 4.8.4-2ubuntu1~14.04.3) 4.8.4
Copyright (C) 2013 Free Software Foundation, Inc.
This is free software; see the source for copying conditions.  There is NO
warranty; not even for MERCHANTABILITY or FITNESS FOR A PARTICULAR PURPOSE.

configure:4029: $? = 0
configure:4018: gcc -v >&5
Using built-in specs.
COLLECT_GCC=gcc
COLLECT_LTO_WRAPPER=/usr/lib/gcc/x86_64-linux-gnu/4.8/lto-wrapper
Target: x86_64-linux-gnu
Configured with: ../src/configure -v --with-pkgversion='Ubuntu 4.8.4-2ubuntu1~14.04.3' --with-bugurl=file:///usr/share/doc/gcc-4.8/README.Bugs --enable-languages=c,c++,java,go,d,fortran,objc,obj-c++ --prefix=/usr --program-suffix=-4.8 --enable-shared --enable-linker-build-id --libexecdir=/usr/lib --without-included-gettext --enable-threads=posix --with-gxx-include-dir=/usr/include/c++/4.8 --libdir=/usr/lib --enable-nls --with-sysroot=/ --enable-clocale=gnu --enable-libstdcxx-debug --enable-libstdcxx-time=yes --enable-gnu-unique-object --disable-libmudflap --enable-plugin --with-system-zlib --disable-browser-plugin --enable-java-awt=gtk --enable-gtk-cairo --with-java-home=/usr/lib/jvm/java-1.5.0-gcj-4.8-amd64/jre --enable-java-home --with-jvm-root-dir=/usr/lib/jvm/java-1.5.0-gcj-4.8-amd64 --with-jvm-jar-dir=/usr/lib/jvm-exports/java-1.5.0-gcj-4.8-amd64 --with-arch-directory=amd64 --with-ecj-jar=/usr/share/java/eclipse-ecj.jar --enable-objc-gc --enable-multiarch --disable-werror --with-arch-32=i686 --with-abi=m64 --with-multilib-list=m32,m64,mx32 --with-tune=generic --enable-checking=release --build=x86_64-linux-gnu --host=x86_64-linux-gnu --target=x86_64-linux-gnu
Thread model: posix
gcc version 4.8.4 (Ubuntu 4.8.4-2ubuntu1~14.04.3) 
configure:4029: $? = 0
configure:4018: gcc -V >&5
gcc: error: unrecognized command line option '-V'
gcc: fatal error: no input files
compilation terminated.
configure:4029: $? = 4
configure:4018: gcc -qversion >&5
gcc: error: unrecognized command line option '-qversion'
gcc: fatal error: no input files
compilation terminated.
configure:4029: $? = 4
configure:4049: checking whether the C compiler works
configure:4071: gcc   -L/usr/local/lib conftest.c  >&5
configure:4075: $? = 0
configure:4123: result: yes
configure:4126: checking for C compiler default output file name
configure:4128: result: a.out
configure:4134: checking for suffix of executables
configure:4141: gcc -o conftest   -L/usr/local/lib conftest.c  >&5
configure:4145: $? = 0
configure:4167: result: 
configure:4189: checking whether we are cross compiling
configure:4197: gcc -o conftest   -L/usr/local/lib conftest.c  >&5
configure:4201: $? = 0
configure:4208: ./conftest
configure:4212: $? = 0
configure:4227: result: no
configure:4232: checking for suffix of object files
configure:4254: gcc -c   conftest.c >&5
configure:4258: $? = 0
configure:4279: result: o
configure:4283: checking whether we are using the GNU C compiler
configure:4302: gcc -c   conftest.c >&5
configure:4302: $? = 0
configure:4311: result: yes
configure:4320: checking whether gcc accepts -g
configure:4340: gcc -c -g  conftest.c >&5
configure:4340: $? = 0
configure:4381: result: yes
configure:4398: checking for gcc option to accept ISO C89
configure:4461: gcc  -c -g -O2  conftest.c >&5
configure:4461: $? = 0
configure:4474: result: none needed
configure:4499: checking whether gcc understands -c and -o together
configure:4521: gcc -c conftest.c -o conftest2.o
configure:4524: $? = 0
configure:4521: gcc -c conftest.c -o conftest2.o
configure:4524: $? = 0
configure:4536: result: yes
configure:4555: checking dependency style of gcc
configure:4666: result: gcc3
configure:4687: checking how to run the C preprocessor
configure:4718: gcc -E  conftest.c
configure:4718: $? = 0
configure:4732: gcc -E  conftest.c
conftest.c:11:28: fatal error: ac_nonexistent.h: No such file or directory
 #include <ac_nonexistent.h>
                            ^
compilation terminated.
configure:4732: $? = 1
configure: failed program was:
| /* confdefs.h */
| #define PACKAGE_NAME "gpgme"
| #define PACKAGE_TARNAME "gpgme"
| #define PACKAGE_VERSION "1.7.0"
| #define PACKAGE_STRING "gpgme 1.7.0"
| #define PACKAGE_BUGREPORT "http://bugs.gnupg.org"
| #define PACKAGE_URL ""
| #define PACKAGE "gpgme"
| #define VERSION "1.7.0"
| /* end confdefs.h.  */
| #include <ac_nonexistent.h>
configure:4757: result: gcc -E
configure:4777: gcc -E  conftest.c
configure:4777: $? = 0
configure:4791: gcc -E  conftest.c
conftest.c:11:28: fatal error: ac_nonexistent.h: No such file or directory
 #include <ac_nonexistent.h>
                            ^
compilation terminated.
configure:4791: $? = 1
configure: failed program was:
| /* confdefs.h */
| #define PACKAGE_NAME "gpgme"
| #define PACKAGE_TARNAME "gpgme"
| #define PACKAGE_VERSION "1.7.0"
| #define PACKAGE_STRING "gpgme 1.7.0"
| #define PACKAGE_BUGREPORT "http://bugs.gnupg.org"
| #define PACKAGE_URL ""
| #define PACKAGE "gpgme"
| #define VERSION "1.7.0"
| /* end confdefs.h.  */
| #include <ac_nonexistent.h>
configure:4820: checking for grep that handles long lines and -e
configure:4878: result: /bin/grep
configure:4883: checking for egrep
configure:4945: result: /bin/grep -E
configure:4950: checking for ANSI C header files
configure:4970: gcc -c -g -O2  conftest.c >&5
configure:4970: $? = 0
configure:5043: gcc -o conftest -g -O2  -L/usr/local/lib conftest.c  >&5
configure:5043: $? = 0
configure:5043: ./conftest
configure:5043: $? = 0
configure:5054: result: yes
configure:5067: checking for sys/types.h
configure:5067: gcc -c -g -O2  conftest.c >&5
configure:5067: $? = 0
configure:5067: result: yes
configure:5067: checking for sys/stat.h
configure:5067: gcc -c -g -O2  conftest.c >&5
configure:5067: $? = 0
configure:5067: result: yes
configure:5067: checking for stdlib.h
configure:5067: gcc -c -g -O2  conftest.c >&5
configure:5067: $? = 0
configure:5067: result: yes
configure:5067: checking for string.h
configure:5067: gcc -c -g -O2  conftest.c >&5
configure:5067: $? = 0
configure:5067: result: yes
configure:5067: checking for memory.h
configure:5067: gcc -c -g -O2  conftest.c >&5
configure:5067: $? = 0
configure:5067: result: yes
configure:5067: checking for strings.h
configure:5067: gcc -c -g -O2  conftest.c >&5
configure:5067: $? = 0
configure:5067: result: yes
configure:5067: checking for inttypes.h
configure:5067: gcc -c -g -O2  conftest.c >&5
configure:5067: $? = 0
configure:5067: result: yes
configure:5067: checking for stdint.h
configure:5067: gcc -c -g -O2  conftest.c >&5
configure:5067: $? = 0
configure:5067: result: yes
configure:5067: checking for unistd.h
configure:5067: gcc -c -g -O2  conftest.c >&5
configure:5067: $? = 0
configure:5067: result: yes
configure:5080: checking minix/config.h usability
configure:5080: gcc -c -g -O2  conftest.c >&5
conftest.c:54:26: fatal error: minix/config.h: No such file or directory
 #include <minix/config.h>
                          ^
compilation terminated.
configure:5080: $? = 1
configure: failed program was:
| /* confdefs.h */
| #define PACKAGE_NAME "gpgme"
| #define PACKAGE_TARNAME "gpgme"
| #define PACKAGE_VERSION "1.7.0"
| #define PACKAGE_STRING "gpgme 1.7.0"
| #define PACKAGE_BUGREPORT "http://bugs.gnupg.org"
| #define PACKAGE_URL ""
| #define PACKAGE "gpgme"
| #define VERSION "1.7.0"
| #define STDC_HEADERS 1
| #define HAVE_SYS_TYPES_H 1
| #define HAVE_SYS_STAT_H 1
| #define HAVE_STDLIB_H 1
| #define HAVE_STRING_H 1
| #define HAVE_MEMORY_H 1
| #define HAVE_STRINGS_H 1
| #define HAVE_INTTYPES_H 1
| #define HAVE_STDINT_H 1
| #define HAVE_UNISTD_H 1
| /* end confdefs.h.  */
| #include <stdio.h>
| #ifdef HAVE_SYS_TYPES_H
| # include <sys/types.h>
| #endif
| #ifdef HAVE_SYS_STAT_H
| # include <sys/stat.h>
| #endif
| #ifdef STDC_HEADERS
| # include <stdlib.h>
| # include <stddef.h>
| #else
| # ifdef HAVE_STDLIB_H
| #  include <stdlib.h>
| # endif
| #endif
| #ifdef HAVE_STRING_H
| # if !defined STDC_HEADERS && defined HAVE_MEMORY_H
| #  include <memory.h>
| # endif
| # include <string.h>
| #endif
| #ifdef HAVE_STRINGS_H
| # include <strings.h>
| #endif
| #ifdef HAVE_INTTYPES_H
| # include <inttypes.h>
| #endif
| #ifdef HAVE_STDINT_H
| # include <stdint.h>
| #endif
| #ifdef HAVE_UNISTD_H
| # include <unistd.h>
| #endif
| #include <minix/config.h>
configure:5080: result: no
configure:5080: checking minix/config.h presence
configure:5080: gcc -E  conftest.c
conftest.c:21:26: fatal error: minix/config.h: No such file or directory
 #include <minix/config.h>
                          ^
compilation terminated.
configure:5080: $? = 1
configure: failed program was:
| /* confdefs.h */
| #define PACKAGE_NAME "gpgme"
| #define PACKAGE_TARNAME "gpgme"
| #define PACKAGE_VERSION "1.7.0"
| #define PACKAGE_STRING "gpgme 1.7.0"
| #define PACKAGE_BUGREPORT "http://bugs.gnupg.org"
| #define PACKAGE_URL ""
| #define PACKAGE "gpgme"
| #define VERSION "1.7.0"
| #define STDC_HEADERS 1
| #define HAVE_SYS_TYPES_H 1
| #define HAVE_SYS_STAT_H 1
| #define HAVE_STDLIB_H 1
| #define HAVE_STRING_H 1
| #define HAVE_MEMORY_H 1
| #define HAVE_STRINGS_H 1
| #define HAVE_INTTYPES_H 1
| #define HAVE_STDINT_H 1
| #define HAVE_UNISTD_H 1
| /* end confdefs.h.  */
| #include <minix/config.h>
configure:5080: result: no
configure:5080: checking for minix/config.h
configure:5080: result: no
configure:5101: checking whether it is safe to define __EXTENSIONS__
configure:5119: gcc -c -g -O2  conftest.c >&5
configure:5119: $? = 0
configure:5126: result: yes
configure:5192: checking for gcc
configure:5219: result: gcc
configure:5448: checking for C compiler version
configure:5457: gcc --version >&5
gcc (Ubuntu 4.8.4-2ubuntu1~14.04.3) 4.8.4
Copyright (C) 2013 Free Software Foundation, Inc.
This is free software; see the source for copying conditions.  There is NO
warranty; not even for MERCHANTABILITY or FITNESS FOR A PARTICULAR PURPOSE.

configure:5468: $? = 0
configure:5457: gcc -v >&5
Using built-in specs.
COLLECT_GCC=gcc
COLLECT_LTO_WRAPPER=/usr/lib/gcc/x86_64-linux-gnu/4.8/lto-wrapper
Target: x86_64-linux-gnu
Configured with: ../src/configure -v --with-pkgversion='Ubuntu 4.8.4-2ubuntu1~14.04.3' --with-bugurl=file:///usr/share/doc/gcc-4.8/README.Bugs --enable-languages=c,c++,java,go,d,fortran,objc,obj-c++ --prefix=/usr --program-suffix=-4.8 --enable-shared --enable-linker-build-id --libexecdir=/usr/lib --without-included-gettext --enable-threads=posix --with-gxx-include-dir=/usr/include/c++/4.8 --libdir=/usr/lib --enable-nls --with-sysroot=/ --enable-clocale=gnu --enable-libstdcxx-debug --enable-libstdcxx-time=yes --enable-gnu-unique-object --disable-libmudflap --enable-plugin --with-system-zlib --disable-browser-plugin --enable-java-awt=gtk --enable-gtk-cairo --with-java-home=/usr/lib/jvm/java-1.5.0-gcj-4.8-amd64/jre --enable-java-home --with-jvm-root-dir=/usr/lib/jvm/java-1.5.0-gcj-4.8-amd64 --with-jvm-jar-dir=/usr/lib/jvm-exports/java-1.5.0-gcj-4.8-amd64 --with-arch-directory=amd64 --with-ecj-jar=/usr/share/java/eclipse-ecj.jar --enable-objc-gc --enable-multiarch --disable-werror --with-arch-32=i686 --with-abi=m64 --with-multilib-list=m32,m64,mx32 --with-tune=generic --enable-checking=release --build=x86_64-linux-gnu --host=x86_64-linux-gnu --target=x86_64-linux-gnu
Thread model: posix
gcc version 4.8.4 (Ubuntu 4.8.4-2ubuntu1~14.04.3) 
configure:5468: $? = 0
configure:5457: gcc -V >&5
gcc: error: unrecognized command line option '-V'
gcc: fatal error: no input files
compilation terminated.
configure:5468: $? = 4
configure:5457: gcc -qversion >&5
gcc: error: unrecognized command line option '-qversion'
gcc: fatal error: no input files
compilation terminated.
configure:5468: $? = 4
configure:5472: checking whether we are using the GNU C compiler
configure:5500: result: yes
configure:5509: checking whether gcc accepts -g
configure:5570: result: yes
configure:5587: checking for gcc option to accept ISO C89
configure:5663: result: none needed
configure:5688: checking whether gcc understands -c and -o together
configure:5725: result: yes
configure:5744: checking dependency style of gcc
configure:5855: result: gcc3
configure:5928: checking for g++
configure:5944: found /usr/bin/g++
configure:5955: result: g++
configure:5982: checking for C++ compiler version
configure:5991: g++ --version >&5
g++ (Ubuntu 4.8.4-2ubuntu1~14.04.3) 4.8.4
Copyright (C) 2013 Free Software Foundation, Inc.
This is free software; see the source for copying conditions.  There is NO
warranty; not even for MERCHANTABILITY or FITNESS FOR A PARTICULAR PURPOSE.

configure:6002: $? = 0
configure:5991: g++ -v >&5
Using built-in specs.
COLLECT_GCC=g++
COLLECT_LTO_WRAPPER=/usr/lib/gcc/x86_64-linux-gnu/4.8/lto-wrapper
Target: x86_64-linux-gnu
Configured with: ../src/configure -v --with-pkgversion='Ubuntu 4.8.4-2ubuntu1~14.04.3' --with-bugurl=file:///usr/share/doc/gcc-4.8/README.Bugs --enable-languages=c,c++,java,go,d,fortran,objc,obj-c++ --prefix=/usr --program-suffix=-4.8 --enable-shared --enable-linker-build-id --libexecdir=/usr/lib --without-included-gettext --enable-threads=posix --with-gxx-include-dir=/usr/include/c++/4.8 --libdir=/usr/lib --enable-nls --with-sysroot=/ --enable-clocale=gnu --enable-libstdcxx-debug --enable-libstdcxx-time=yes --enable-gnu-unique-object --disable-libmudflap --enable-plugin --with-system-zlib --disable-browser-plugin --enable-java-awt=gtk --enable-gtk-cairo --with-java-home=/usr/lib/jvm/java-1.5.0-gcj-4.8-amd64/jre --enable-java-home --with-jvm-root-dir=/usr/lib/jvm/java-1.5.0-gcj-4.8-amd64 --with-jvm-jar-dir=/usr/lib/jvm-exports/java-1.5.0-gcj-4.8-amd64 --with-arch-directory=amd64 --with-ecj-jar=/usr/share/java/eclipse-ecj.jar --enable-objc-gc --enable-multiarch --disable-werror --with-arch-32=i686 --with-abi=m64 --with-multilib-list=m32,m64,mx32 --with-tune=generic --enable-checking=release --build=x86_64-linux-gnu --host=x86_64-linux-gnu --target=x86_64-linux-gnu
Thread model: posix
gcc version 4.8.4 (Ubuntu 4.8.4-2ubuntu1~14.04.3) 
configure:6002: $? = 0
configure:5991: g++ -V >&5
g++: error: unrecognized command line option '-V'
g++: fatal error: no input files
compilation terminated.
configure:6002: $? = 4
configure:5991: g++ -qversion >&5
g++: error: unrecognized command line option '-qversion'
g++: fatal error: no input files
compilation terminated.
configure:6002: $? = 4
configure:6006: checking whether we are using the GNU C++ compiler
configure:6025: g++ -c   conftest.cpp >&5
configure:6025: $? = 0
configure:6034: result: yes
configure:6043: checking whether g++ accepts -g
configure:6063: g++ -c -g  conftest.cpp >&5
configure:6063: $? = 0
configure:6104: result: yes
configure:6129: checking dependency style of g++
configure:6240: result: gcc3
configure:6261: checking for gitlog-to-changelog
configure:6291: result: no
configure:6332: checking for cc for build
configure:6339: result: gcc
configure:6392: checking how to print strings
configure:6419: result: printf
configure:6440: checking for a sed that does not truncate output
configure:6504: result: /bin/sed
configure:6522: checking for fgrep
configure:6584: result: /bin/grep -F
configure:6619: checking for ld used by gcc
configure:6686: result: /usr/bin/ld
configure:6693: checking if the linker (/usr/bin/ld) is GNU ld
configure:6708: result: yes
configure:6720: checking for BSD- or MS-compatible name lister (nm)
configure:6769: result: /usr/bin/nm -B
configure:6899: checking the name lister (/usr/bin/nm -B) interface
configure:6906: gcc -c -g -O2  conftest.c >&5
configure:6909: /usr/bin/nm -B "conftest.o"
configure:6912: output
0000000000000000 B some_variable
configure:6919: result: BSD nm
configure:6922: checking whether ln -s works
configure:6926: result: yes
configure:6934: checking the maximum length of command line arguments
configure:7064: result: 3458764513820540925
configure:7081: checking whether the shell understands some XSI constructs
configure:7091: result: yes
configure:7095: checking whether the shell understands "+="
configure:7101: result: yes
configure:7136: checking how to convert x86_64-pc-linux-gnu file names to x86_64-pc-linux-gnu format
configure:7176: result: func_convert_file_noop
configure:7183: checking how to convert x86_64-pc-linux-gnu file names to toolchain format
configure:7203: result: func_convert_file_noop
configure:7210: checking for /usr/bin/ld option to reload object files
configure:7217: result: -r
configure:7291: checking for objdump
configure:7307: found /usr/bin/objdump
configure:7318: result: objdump
configure:7347: checking how to recognize dependent libraries
configure:7549: result: pass_all
configure:7634: checking for dlltool
configure:7664: result: no
configure:7691: checking how to associate runtime and link libraries
configure:7718: result: printf %s\n
configure:7778: checking for ar
configure:7794: found /usr/bin/ar
configure:7805: result: ar
configure:7842: checking for archiver @FILE support
configure:7859: gcc -c -g -O2  conftest.c >&5
configure:7859: $? = 0
configure:7862: ar cru libconftest.a @conftest.lst >&5
configure:7865: $? = 0
configure:7870: ar cru libconftest.a @conftest.lst >&5
ar: conftest.o: No such file or directory
configure:7873: $? = 1
configure:7885: result: @
configure:7943: checking for strip
configure:7959: found /usr/bin/strip
configure:7970: result: strip
configure:8042: checking for ranlib
configure:8058: found /usr/bin/ranlib
configure:8069: result: ranlib
configure:8171: checking command to parse /usr/bin/nm -B output from gcc object
configure:8291: gcc -c -g -O2  conftest.c >&5
configure:8294: $? = 0
configure:8298: /usr/bin/nm -B conftest.o \| sed -n -e 's/^.*[ ]\([ABCDGIRSTW][ABCDGIRSTW]*\)[ ][ ]*\([_A-Za-z][_A-Za-z0-9]*\)$/\1 \2 \2/p' | sed '/ __gnu_lto/d' \> conftest.nm
configure:8301: $? = 0
configure:8367: gcc -o conftest -g -O2  -L/usr/local/lib conftest.c conftstm.o >&5
configure:8370: $? = 0
configure:8408: result: ok
configure:8445: checking for sysroot
configure:8475: result: no
configure:8552: gcc -c -g -O2  conftest.c >&5
configure:8555: $? = 0
configure:8731: checking for mt
configure:8747: found /bin/mt
configure:8758: result: mt
configure:8781: checking if mt is a manifest tool
configure:8787: mt '-?'
configure:8795: result: no
configure:9434: checking for dlfcn.h
configure:9434: gcc -c -g -O2  conftest.c >&5
configure:9434: $? = 0
configure:9434: result: yes
configure:9948: checking for objdir
configure:9963: result: .libs
configure:10234: checking if gcc supports -fno-rtti -fno-exceptions
configure:10252: gcc -c -g -O2  -fno-rtti -fno-exceptions conftest.c >&5
cc1: warning: command line option '-fno-rtti' is valid for C++/ObjC++ but not for C [enabled by default]
configure:10256: $? = 0
configure:10269: result: no
configure:10596: checking for gcc option to produce PIC
configure:10603: result: -fPIC -DPIC
configure:10611: checking if gcc PIC flag -fPIC -DPIC works
configure:10629: gcc -c -g -O2  -fPIC -DPIC -DPIC conftest.c >&5
configure:10633: $? = 0
configure:10646: result: yes
configure:10675: checking if gcc static flag -static works
configure:10703: result: yes
configure:10718: checking if gcc supports -c -o file.o
configure:10739: gcc -c -g -O2  -o out/conftest2.o conftest.c >&5
configure:10743: $? = 0
configure:10765: result: yes
configure:10773: checking if gcc supports -c -o file.o
configure:10820: result: yes
configure:10853: checking whether the gcc linker (/usr/bin/ld -m elf_x86_64) supports shared libraries
configure:12010: result: yes
configure:12047: checking whether -lc should be explicitly linked in
configure:12055: gcc -c -g -O2  conftest.c >&5
configure:12058: $? = 0
configure:12073: gcc -shared  -fPIC -DPIC conftest.o  -v -Wl,-soname -Wl,conftest -o conftest 2\>\&1 \| /bin/grep  -lc  \>/dev/null 2\>\&1
configure:12076: $? = 0
configure:12090: result: no
configure:12250: checking dynamic linker characteristics
configure:12761: gcc -o conftest -g -O2  -L/usr/local/lib -Wl,-rpath -Wl,/foo conftest.c  >&5
configure:12761: $? = 0
configure:12995: result: GNU/Linux ld.so
configure:13102: checking how to hardcode library paths into programs
configure:13127: result: immediate
configure:13667: checking whether stripping libraries is possible
configure:13672: result: yes
configure:13707: checking if libtool supports shared libraries
configure:13709: result: yes
configure:13712: checking whether to build shared libraries
configure:13733: result: yes
configure:13736: checking whether to build static libraries
configure:13740: result: no
configure:13763: checking how to run the C++ preprocessor
configure:13790: g++ -E  conftest.cpp
configure:13790: $? = 0
configure:13804: g++ -E  conftest.cpp
conftest.cpp:30:28: fatal error: ac_nonexistent.h: No such file or directory
 #include <ac_nonexistent.h>
                            ^
compilation terminated.
configure:13804: $? = 1
configure: failed program was:
| /* confdefs.h */
| #define PACKAGE_NAME "gpgme"
| #define PACKAGE_TARNAME "gpgme"
| #define PACKAGE_VERSION "1.7.0"
| #define PACKAGE_STRING "gpgme 1.7.0"
| #define PACKAGE_BUGREPORT "http://bugs.gnupg.org"
| #define PACKAGE_URL ""
| #define PACKAGE "gpgme"
| #define VERSION "1.7.0"
| #define STDC_HEADERS 1
| #define HAVE_SYS_TYPES_H 1
| #define HAVE_SYS_STAT_H 1
| #define HAVE_STDLIB_H 1
| #define HAVE_STRING_H 1
| #define HAVE_MEMORY_H 1
| #define HAVE_STRINGS_H 1
| #define HAVE_INTTYPES_H 1
| #define HAVE_STDINT_H 1
| #define HAVE_UNISTD_H 1
| #define __EXTENSIONS__ 1
| #define _ALL_SOURCE 1
| #define _GNU_SOURCE 1
| #define _POSIX_PTHREAD_SEMANTICS 1
| #define _TANDEM_SOURCE 1
| #define PACKAGE "gpgme"
| #define VERSION "1.7.0"
| #define HAVE_DLFCN_H 1
| #define LT_OBJDIR ".libs/"
| /* end confdefs.h.  */
| #include <ac_nonexistent.h>
configure:13829: result: g++ -E
configure:13849: g++ -E  conftest.cpp
configure:13849: $? = 0
configure:13863: g++ -E  conftest.cpp
conftest.cpp:30:28: fatal error: ac_nonexistent.h: No such file or directory
 #include <ac_nonexistent.h>
                            ^
compilation terminated.
configure:13863: $? = 1
configure: failed program was:
| /* confdefs.h */
| #define PACKAGE_NAME "gpgme"
| #define PACKAGE_TARNAME "gpgme"
| #define PACKAGE_VERSION "1.7.0"
| #define PACKAGE_STRING "gpgme 1.7.0"
| #define PACKAGE_BUGREPORT "http://bugs.gnupg.org"
| #define PACKAGE_URL ""
| #define PACKAGE "gpgme"
| #define VERSION "1.7.0"
| #define STDC_HEADERS 1
| #define HAVE_SYS_TYPES_H 1
| #define HAVE_SYS_STAT_H 1
| #define HAVE_STDLIB_H 1
| #define HAVE_STRING_H 1
| #define HAVE_MEMORY_H 1
| #define HAVE_STRINGS_H 1
| #define HAVE_INTTYPES_H 1
| #define HAVE_STDINT_H 1
| #define HAVE_UNISTD_H 1
| #define __EXTENSIONS__ 1
| #define _ALL_SOURCE 1
| #define _GNU_SOURCE 1
| #define _POSIX_PTHREAD_SEMANTICS 1
| #define _TANDEM_SOURCE 1
| #define PACKAGE "gpgme"
| #define VERSION "1.7.0"
| #define HAVE_DLFCN_H 1
| #define LT_OBJDIR ".libs/"
| /* end confdefs.h.  */
| #include <ac_nonexistent.h>
configure:14032: checking for ld used by g++
configure:14099: result: /usr/bin/ld -m elf_x86_64
configure:14106: checking if the linker (/usr/bin/ld -m elf_x86_64) is GNU ld
configure:14121: result: yes
configure:14176: checking whether the g++ linker (/usr/bin/ld -m elf_x86_64) supports shared libraries
configure:15181: result: yes
configure:15217: g++ -c -g -O2  conftest.cpp >&5
configure:15220: $? = 0
configure:15740: checking for g++ option to produce PIC
configure:15747: result: -fPIC -DPIC
configure:15755: checking if g++ PIC flag -fPIC -DPIC works
configure:15773: g++ -c -g -O2  -fPIC -DPIC -DPIC conftest.cpp >&5
configure:15777: $? = 0
configure:15790: result: yes
configure:15813: checking if g++ static flag -static works
configure:15841: result: yes
configure:15853: checking if g++ supports -c -o file.o
configure:15874: g++ -c -g -O2  -o out/conftest2.o conftest.cpp >&5
configure:15878: $? = 0
configure:15900: result: yes
configure:15905: checking if g++ supports -c -o file.o
configure:15952: result: yes
configure:15982: checking whether the g++ linker (/usr/bin/ld -m elf_x86_64) supports shared libraries
configure:16021: result: yes
configure:16162: checking dynamic linker characteristics
configure:16841: result: GNU/Linux ld.so
configure:16894: checking how to hardcode library paths into programs
configure:16919: result: immediate
configure:17023: checking for windres
configure:17053: result: no
configure:17504: checking for pthread_create in -lpthread
configure:17529: gcc -o conftest -g -O2  -L/usr/local/lib conftest.c -lpthread   >&5
configure:17529: $? = 0
configure:17538: result: yes
configure:17727: checking whether g++ supports C++11 features by default
configure:18021: g++ -c -g -O2  conftest.cpp >&5
conftest.cpp:42:2: error: #error "This is not a C++11 compiler"
 #error "This is not a C++11 compiler"
  ^
configure:18021: $? = 1
configure: failed program was:
| /* confdefs.h */
| #define PACKAGE_NAME "gpgme"
| #define PACKAGE_TARNAME "gpgme"
| #define PACKAGE_VERSION "1.7.0"
| #define PACKAGE_STRING "gpgme 1.7.0"
| #define PACKAGE_BUGREPORT "http://bugs.gnupg.org"
| #define PACKAGE_URL ""
| #define PACKAGE "gpgme"
| #define VERSION "1.7.0"
| #define STDC_HEADERS 1
| #define HAVE_SYS_TYPES_H 1
| #define HAVE_SYS_STAT_H 1
| #define HAVE_STDLIB_H 1
| #define HAVE_STRING_H 1
| #define HAVE_MEMORY_H 1
| #define HAVE_STRINGS_H 1
| #define HAVE_INTTYPES_H 1
| #define HAVE_STDINT_H 1
| #define HAVE_UNISTD_H 1
| #define __EXTENSIONS__ 1
| #define _ALL_SOURCE 1
| #define _GNU_SOURCE 1
| #define _POSIX_PTHREAD_SEMANTICS 1
| #define _TANDEM_SOURCE 1
| #define PACKAGE "gpgme"
| #define VERSION "1.7.0"
| #define HAVE_DLFCN_H 1
| #define LT_OBJDIR ".libs/"
| #define HAVE_PTHREAD /**/
| /* end confdefs.h.  */
| 
| 
| // If the compiler admits that it is not ready for C++11, why torture it?
| // Hopefully, this will speed up the test.
| 
| #ifndef __cplusplus
| 
| #error "This is not a C++ compiler"
| 
| #elif __cplusplus < 201103L
| 
| #error "This is not a C++11 compiler"
| 
| #else
| 
| namespace cxx11
| {
| 
|   namespace test_static_assert
|   {
| 
|     template <typename T>
|     struct check
|     {
|       static_assert(sizeof(int) <= sizeof(T), "not big enough");
|     };
| 
|   }
| 
|   namespace test_final_override
|   {
| 
|     struct Base
|     {
|       virtual void f() {}
|     };
| 
|     struct Derived : public Base
|     {
|       virtual void f() override {}
|     };
| 
|   }
| 
|   namespace test_double_right_angle_brackets
|   {
| 
|     template < typename T >
|     struct check {};
| 
|     typedef check<void> single_type;
|     typedef check<check<void>> double_type;
|     typedef check<check<check<void>>> triple_type;
|     typedef check<check<check<check<void>>>> quadruple_type;
| 
|   }
| 
|   namespace test_decltype
|   {
| 
|     int
|     f()
|     {
|       int a = 1;
|       decltype(a) b = 2;
|       return a + b;
|     }
| 
|   }
| 
|   namespace test_type_deduction
|   {
| 
|     template < typename T1, typename T2 >
|     struct is_same
|     {
|       static const bool value = false;
|     };
| 
|     template < typename T >
|     struct is_same<T, T>
|     {
|       static const bool value = true;
|     };
| 
|     template < typename T1, typename T2 >
|     auto
|     add(T1 a1, T2 a2) -> decltype(a1 + a2)
|     {
|       return a1 + a2;
|     }
| 
|     int
|     test(const int c, volatile int v)
|     {
|       static_assert(is_same<int, decltype(0)>::value == true, "");
|       static_assert(is_same<int, decltype(c)>::value == false, "");
|       static_assert(is_same<int, decltype(v)>::value == false, "");
|       auto ac = c;
|       auto av = v;
|       auto sumi = ac + av + 'x';
|       auto sumf = ac + av + 1.0;
|       static_assert(is_same<int, decltype(ac)>::value == true, "");
|       static_assert(is_same<int, decltype(av)>::value == true, "");
|       static_assert(is_same<int, decltype(sumi)>::value == true, "");
|       static_assert(is_same<int, decltype(sumf)>::value == false, "");
|       static_assert(is_same<int, decltype(add(c, v))>::value == true, "");
|       return (sumf > 0.0) ? sumi : add(c, v);
|     }
| 
|   }
| 
|   namespace test_noexcept
|   {
| 
|     int f() { return 0; }
|     int g() noexcept { return 0; }
| 
|     static_assert(noexcept(f()) == false, "");
|     static_assert(noexcept(g()) == true, "");
| 
|   }
| 
|   namespace test_constexpr
|   {
| 
|     template < typename CharT >
|     unsigned long constexpr
|     strlen_c_r(const CharT *const s, const unsigned long acc) noexcept
|     {
|       return *s ? strlen_c_r(s + 1, acc + 1) : acc;
|     }
| 
|     template < typename CharT >
|     unsigned long constexpr
|     strlen_c(const CharT *const s) noexcept
|     {
|       return strlen_c_r(s, 0UL);
|     }
| 
|     static_assert(strlen_c("") == 0UL, "");
|     static_assert(strlen_c("1") == 1UL, "");
|     static_assert(strlen_c("example") == 7UL, "");
|     static_assert(strlen_c("another\0example") == 7UL, "");
| 
|   }
| 
|   namespace test_rvalue_references
|   {
| 
|     template < int N >
|     struct answer
|     {
|       static constexpr int value = N;
|     };
| 
|     answer<1> f(int&)       { return answer<1>(); }
|     answer<2> f(const int&) { return answer<2>(); }
|     answer<3> f(int&&)      { return answer<3>(); }
| 
|     void
|     test()
|     {
|       int i = 0;
|       const int c = 0;
|       static_assert(decltype(f(i))::value == 1, "");
|       static_assert(decltype(f(c))::value == 2, "");
|       static_assert(decltype(f(0))::value == 3, "");
|     }
| 
|   }
| 
|   namespace test_uniform_initialization
|   {
| 
|     struct test
|     {
|       static const int zero {};
|       static const int one {1};
|     };
| 
|     static_assert(test::zero == 0, "");
|     static_assert(test::one == 1, "");
| 
|   }
| 
|   namespace test_lambdas
|   {
| 
|     void
|     test1()
|     {
|       auto lambda1 = [](){};
|       auto lambda2 = lambda1;
|       lambda1();
|       lambda2();
|     }
| 
|     int
|     test2()
|     {
|       auto a = [](int i, int j){ return i + j; }(1, 2);
|       auto b = []() -> int { return '0'; }();
|       auto c = [=](){ return a + b; }();
|       auto d = [&](){ return c; }();
|       auto e = [a, &b](int x) mutable {
|         const auto identity = [](int y){ return y; };
|         for (auto i = 0; i < a; ++i)
|           a += b--;
|         return x + identity(a + b);
|       }(0);
|       return a + b + c + d + e;
|     }
| 
|     int
|     test3()
|     {
|       const auto nullary = [](){ return 0; };
|       const auto unary = [](int x){ return x; };
|       using nullary_t = decltype(nullary);
|       using unary_t = decltype(unary);
|       const auto higher1st = [](nullary_t f){ return f(); };
|       const auto higher2nd = [unary](nullary_t f1){
|         return [unary, f1](unary_t f2){ return f2(unary(f1())); };
|       };
|       return higher1st(nullary) + higher2nd(nullary)(unary);
|     }
| 
|   }
| 
|   namespace test_variadic_templates
|   {
| 
|     template <int...>
|     struct sum;
| 
|     template <int N0, int... N1toN>
|     struct sum<N0, N1toN...>
|     {
|       static constexpr auto value = N0 + sum<N1toN...>::value;
|     };
| 
|     template <>
|     struct sum<>
|     {
|       static constexpr auto value = 0;
|     };
| 
|     static_assert(sum<>::value == 0, "");
|     static_assert(sum<1>::value == 1, "");
|     static_assert(sum<23>::value == 23, "");
|     static_assert(sum<1, 2>::value == 3, "");
|     static_assert(sum<5, 5, 11>::value == 21, "");
|     static_assert(sum<2, 3, 5, 7, 11, 13>::value == 41, "");
| 
|   }
| 
|   // http://stackoverflow.com/questions/13728184/template-aliases-and-sfinae
|   // Clang 3.1 fails with headers of libstd++ 4.8.3 when using std::function
|   // because of this.
|   namespace test_template_alias_sfinae
|   {
| 
|     struct foo {};
| 
|     template<typename T>
|     using member = typename T::member_type;
| 
|     template<typename T>
|     void func(...) {}
| 
|     template<typename T>
|     void func(member<T>*) {}
| 
|     void test();
| 
|     void test() { func<foo>(0); }
| 
|   }
| 
| }  // namespace cxx11
| 
| #endif  // __cplusplus >= 201103L
| 
| 
| 
configure:18028: result: no
configure:18039: checking whether g++ supports C++11 features with -std=c++11
configure:18335: g++ -std=c++11 -c -g -O2  conftest.cpp >&5
configure:18335: $? = 0
configure:18344: result: yes
configure:18535: checking pkg-config is at least version 0.9.0
configure:18538: result: yes
configure:18552: checking for GPGME_QT
configure:18560: $PKG_CONFIG --exists --print-errors "Qt5Core >= 5.0.0"
Package Qt5Core was not found in the pkg-config search path.
Perhaps you should add the directory containing `Qt5Core.pc'
to the PKG_CONFIG_PATH environment variable
No package 'Qt5Core' found
configure:18563: $? = 1
configure:18578: $PKG_CONFIG --exists --print-errors "Qt5Core >= 5.0.0"
Package Qt5Core was not found in the pkg-config search path.
Perhaps you should add the directory containing `Qt5Core.pc'
to the PKG_CONFIG_PATH environment variable
No package 'Qt5Core' found
configure:18581: $? = 1
No package 'Qt5Core' found
configure:18609: result: no
configure:18624: checking for GPGME_QTTEST
configure:18632: $PKG_CONFIG --exists --print-errors "Qt5Test >= 5.0.0"
Package Qt5Test was not found in the pkg-config search path.
Perhaps you should add the directory containing `Qt5Test.pc'
to the PKG_CONFIG_PATH environment variable
No package 'Qt5Test' found
configure:18635: $? = 1
configure:18650: $PKG_CONFIG --exists --print-errors "Qt5Test >= 5.0.0"
Package Qt5Test was not found in the pkg-config search path.
Perhaps you should add the directory containing `Qt5Test.pc'
to the PKG_CONFIG_PATH environment variable
No package 'Qt5Test' found
configure:18653: $? = 1
No package 'Qt5Test' found
configure:18681: result: no
configure:19052: WARNING:
***
*** Qt5 (Qt5Core) not found Qt Binding will be disabled.
***
configure:19215: checking for swig
configure:19248: result: no
configure:19215: checking for swig2.0
configure:19248: result: no
configure:20735: checking for locale.h
configure:20735: gcc -c -g -O2  conftest.c >&5
configure:20735: $? = 0
configure:20735: result: yes
configure:20735: checking for sys/select.h
configure:20735: gcc -c -g -O2  conftest.c >&5
configure:20735: $? = 0
configure:20735: result: yes
configure:20735: checking for sys/uio.h
configure:20735: gcc -c -g -O2  conftest.c >&5
configure:20735: $? = 0
configure:20735: result: yes
configure:20735: checking for argp.h
configure:20735: gcc -c -g -O2  conftest.c >&5
configure:20735: $? = 0
configure:20735: result: yes
configure:20735: checking for unistd.h
configure:20735: result: yes
configure:20735: checking for sys/time.h
configure:20735: gcc -c -g -O2  conftest.c >&5
configure:20735: $? = 0
configure:20735: result: yes
configure:20735: checking for sys/types.h
configure:20735: result: yes
configure:20735: checking for sys/stat.h
configure:20735: result: yes
configure:20766: checking for inline
configure:20782: gcc -c -g -O2  conftest.c >&5
configure:20782: $? = 0
configure:20790: result: inline
configure:20812: checking size of unsigned int
configure:20817: gcc -o conftest -g -O2  -L/usr/local/lib conftest.c  >&5
configure:20817: $? = 0
configure:20817: ./conftest
configure:20817: $? = 0
configure:20831: result: 4
configure:20848: checking for special C compiler options needed for large files
configure:20893: result: no
configure:20899: checking for _FILE_OFFSET_BITS value needed for large files
configure:20924: gcc -c -g -O2  conftest.c >&5
configure:20924: $? = 0
configure:20956: result: no
configure:21041: checking for off_t
configure:21041: gcc -c -g -O2  conftest.c >&5
configure:21041: $? = 0
configure:21041: gcc -c -g -O2  conftest.c >&5
conftest.c: In function 'main':
conftest.c:79:20: error: expected expression before ')' token
 if (sizeof ((off_t)))
                    ^
configure:21041: $? = 1
configure: failed program was:
| /* confdefs.h */
| #define PACKAGE_NAME "gpgme"
| #define PACKAGE_TARNAME "gpgme"
| #define PACKAGE_VERSION "1.7.0"
| #define PACKAGE_STRING "gpgme 1.7.0"
| #define PACKAGE_BUGREPORT "http://bugs.gnupg.org"
| #define PACKAGE_URL ""
| #define PACKAGE "gpgme"
| #define VERSION "1.7.0"
| #define STDC_HEADERS 1
| #define HAVE_SYS_TYPES_H 1
| #define HAVE_SYS_STAT_H 1
| #define HAVE_STDLIB_H 1
| #define HAVE_STRING_H 1
| #define HAVE_MEMORY_H 1
| #define HAVE_STRINGS_H 1
| #define HAVE_INTTYPES_H 1
| #define HAVE_STDINT_H 1
| #define HAVE_UNISTD_H 1
| #define __EXTENSIONS__ 1
| #define _ALL_SOURCE 1
| #define _GNU_SOURCE 1
| #define _POSIX_PTHREAD_SEMANTICS 1
| #define _TANDEM_SOURCE 1
| #define PACKAGE "gpgme"
| #define VERSION "1.7.0"
| #define HAVE_DLFCN_H 1
| #define LT_OBJDIR ".libs/"
| #define HAVE_PTHREAD /**/
| #define HAVE_CXX11 1
| #define BUILD_REVISION "e7ab753"
| #define BUILD_TIMESTAMP "<none>"
| #define HAVE_LOCALE_H 1
| #define HAVE_SYS_SELECT_H 1
| #define HAVE_SYS_UIO_H 1
| #define HAVE_ARGP_H 1
| #define HAVE_UNISTD_H 1
| #define HAVE_SYS_TIME_H 1
| #define HAVE_SYS_TYPES_H 1
| #define HAVE_SYS_STAT_H 1
| #define SIZEOF_UNSIGNED_INT 4
| /* end confdefs.h.  */
| #include <stdio.h>
| #ifdef HAVE_SYS_TYPES_H
| # include <sys/types.h>
| #endif
| #ifdef HAVE_SYS_STAT_H
| # include <sys/stat.h>
| #endif
| #ifdef STDC_HEADERS
| # include <stdlib.h>
| # include <stddef.h>
| #else
| # ifdef HAVE_STDLIB_H
| #  include <stdlib.h>
| # endif
| #endif
| #ifdef HAVE_STRING_H
| # if !defined STDC_HEADERS && defined HAVE_MEMORY_H
| #  include <memory.h>
| # endif
| # include <string.h>
| #endif
| #ifdef HAVE_STRINGS_H
| # include <strings.h>
| #endif
| #ifdef HAVE_INTTYPES_H
| # include <inttypes.h>
| #endif
| #ifdef HAVE_STDINT_H
| # include <stdint.h>
| #endif
| #ifdef HAVE_UNISTD_H
| # include <unistd.h>
| #endif
| int
| main ()
| {
| if (sizeof ((off_t)))
| 	    return 0;
|   ;
|   return 0;
| }
configure:21041: result: yes
configure:21053: checking for uintptr_t
configure:21053: gcc -c -g -O2  conftest.c >&5
configure:21053: $? = 0
configure:21053: gcc -c -g -O2  conftest.c >&5
conftest.c: In function 'main':
conftest.c:79:24: error: expected expression before ')' token
 if (sizeof ((uintptr_t)))
                        ^
configure:21053: $? = 1
configure: failed program was:
| /* confdefs.h */
| #define PACKAGE_NAME "gpgme"
| #define PACKAGE_TARNAME "gpgme"
| #define PACKAGE_VERSION "1.7.0"
| #define PACKAGE_STRING "gpgme 1.7.0"
| #define PACKAGE_BUGREPORT "http://bugs.gnupg.org"
| #define PACKAGE_URL ""
| #define PACKAGE "gpgme"
| #define VERSION "1.7.0"
| #define STDC_HEADERS 1
| #define HAVE_SYS_TYPES_H 1
| #define HAVE_SYS_STAT_H 1
| #define HAVE_STDLIB_H 1
| #define HAVE_STRING_H 1
| #define HAVE_MEMORY_H 1
| #define HAVE_STRINGS_H 1
| #define HAVE_INTTYPES_H 1
| #define HAVE_STDINT_H 1
| #define HAVE_UNISTD_H 1
| #define __EXTENSIONS__ 1
| #define _ALL_SOURCE 1
| #define _GNU_SOURCE 1
| #define _POSIX_PTHREAD_SEMANTICS 1
| #define _TANDEM_SOURCE 1
| #define PACKAGE "gpgme"
| #define VERSION "1.7.0"
| #define HAVE_DLFCN_H 1
| #define LT_OBJDIR ".libs/"
| #define HAVE_PTHREAD /**/
| #define HAVE_CXX11 1
| #define BUILD_REVISION "e7ab753"
| #define BUILD_TIMESTAMP "<none>"
| #define HAVE_LOCALE_H 1
| #define HAVE_SYS_SELECT_H 1
| #define HAVE_SYS_UIO_H 1
| #define HAVE_ARGP_H 1
| #define HAVE_UNISTD_H 1
| #define HAVE_SYS_TIME_H 1
| #define HAVE_SYS_TYPES_H 1
| #define HAVE_SYS_STAT_H 1
| #define SIZEOF_UNSIGNED_INT 4
| /* end confdefs.h.  */
| #include <stdio.h>
| #ifdef HAVE_SYS_TYPES_H
| # include <sys/types.h>
| #endif
| #ifdef HAVE_SYS_STAT_H
| # include <sys/stat.h>
| #endif
| #ifdef STDC_HEADERS
| # include <stdlib.h>
| # include <stddef.h>
| #else
| # ifdef HAVE_STDLIB_H
| #  include <stdlib.h>
| # endif
| #endif
| #ifdef HAVE_STRING_H
| # if !defined STDC_HEADERS && defined HAVE_MEMORY_H
| #  include <memory.h>
| # endif
| # include <string.h>
| #endif
| #ifdef HAVE_STRINGS_H
| # include <strings.h>
| #endif
| #ifdef HAVE_INTTYPES_H
| # include <inttypes.h>
| #endif
| #ifdef HAVE_STDINT_H
| # include <stdint.h>
| #endif
| #ifdef HAVE_UNISTD_H
| # include <unistd.h>
| #endif
| int
| main ()
| {
| if (sizeof ((uintptr_t)))
| 	    return 0;
|   ;
|   return 0;
| }
configure:21053: result: yes
configure:21139: checking if gcc supports -Wno-missing-field-initializers
configure:21154: gcc -c -Wno-missing-field-initializers  conftest.c >&5
configure:21154: $? = 0
configure:21160: result: yes
configure:21171: checking if gcc supports -Wpointer-arith
configure:21186: gcc -c -Wpointer-arith  conftest.c >&5
configure:21186: $? = 0
configure:21192: result: yes
configure:21207: checking for __thread
configure:21223: gcc -c -g -O2 -Wall -Wcast-align -Wshadow -Wstrict-prototypes -Wformat -Wno-format-y2k -Wformat-security -W -Wextra -Wbad-function-cast -Wwrite-strings -Wdeclaration-after-statement -Wno-missing-field-initializers -Wno-sign-compare -Wpointer-arith  conftest.c >&5
conftest.c:46:1: warning: function declaration isn't a prototype [-Wstrict-prototypes]
 main ()
 ^
configure:21223: $? = 0
configure:21230: result: yes
configure:21240: checking for libraries
configure:21243: checking for _LARGEFILE_SOURCE value needed for large files
configure:21262: gcc -o conftest -g -O2 -Wall -Wcast-align -Wshadow -Wstrict-prototypes -Wformat -Wno-format-y2k -Wformat-security -W -Wextra -Wbad-function-cast -Wwrite-strings -Wdeclaration-after-statement -Wno-missing-field-initializers -Wno-sign-compare -Wpointer-arith  -L/usr/local/lib conftest.c  >&5
conftest.c:48:1: warning: function declaration isn't a prototype [-Wstrict-prototypes]
 main ()
 ^
configure:21262: $? = 0
configure:21290: result: no
configure:21312: checking for vasprintf
configure:21312: gcc -o conftest -g -O2 -Wall -Wcast-align -Wshadow -Wstrict-prototypes -Wformat -Wno-format-y2k -Wformat-security -W -Wextra -Wbad-function-cast -Wwrite-strings -Wdeclaration-after-statement -Wno-missing-field-initializers -Wno-sign-compare -Wpointer-arith  -L/usr/local/lib conftest.c  >&5
conftest.c:69:1: warning: function declaration isn't a prototype [-Wstrict-prototypes]
 char vasprintf ();
 ^
conftest.c:78:1: warning: function declaration isn't a prototype [-Wstrict-prototypes]
 main ()
 ^
configure:21312: $? = 0
configure:21312: result: yes
configure:21392: checking whether ttyname_r is declared
configure:21392: gcc -c -g -O2 -Wall -Wcast-align -Wshadow -Wstrict-prototypes -Wformat -Wno-format-y2k -Wformat-security -W -Wextra -Wbad-function-cast -Wwrite-strings -Wdeclaration-after-statement -Wno-missing-field-initializers -Wno-sign-compare -Wpointer-arith  conftest.c >&5
conftest.c:81:1: warning: function declaration isn't a prototype [-Wstrict-prototypes]
 main ()
 ^
configure:21392: $? = 0
configure:21392: result: yes
configure:21406: checking for unistd.h
configure:21406: result: yes
configure:21424: checking for ttyname_r
configure:21424: gcc -o conftest -g -O2 -Wall -Wcast-align -Wshadow -Wstrict-prototypes -Wformat -Wno-format-y2k -Wformat-security -W -Wextra -Wbad-function-cast -Wwrite-strings -Wdeclaration-after-statement -Wno-missing-field-initializers -Wno-sign-compare -Wpointer-arith  -L/usr/local/lib conftest.c  >&5
conftest.c:72:1: warning: function declaration isn't a prototype [-Wstrict-prototypes]
 char ttyname_r ();
 ^
conftest.c:81:1: warning: function declaration isn't a prototype [-Wstrict-prototypes]
 main ()
 ^
configure:21424: $? = 0
configure:21424: result: yes
configure:21446: checking whether ttyname_r is compatible with its POSIX signature
configure:21464: gcc -c -g -O2 -Wall -Wcast-align -Wshadow -Wstrict-prototypes -Wformat -Wno-format-y2k -Wformat-security -W -Wextra -Wbad-function-cast -Wwrite-strings -Wdeclaration-after-statement -Wno-missing-field-initializers -Wno-sign-compare -Wpointer-arith  conftest.c >&5
conftest.c:53:1: warning: function declaration isn't a prototype [-Wstrict-prototypes]
 main ()
 ^
conftest.c: In function 'main':
conftest.c:55:1: warning: null argument where non-null required (argument 2) [-Wnonnull]
 *ttyname_r (0, NULL, 0);
 ^
conftest.c:55:1: error: invalid type argument of unary '*' (have 'int')
configure:21464: $? = 1
configure: failed program was:
| /* confdefs.h */
| #define PACKAGE_NAME "gpgme"
| #define PACKAGE_TARNAME "gpgme"
| #define PACKAGE_VERSION "1.7.0"
| #define PACKAGE_STRING "gpgme 1.7.0"
| #define PACKAGE_BUGREPORT "http://bugs.gnupg.org"
| #define PACKAGE_URL ""
| #define PACKAGE "gpgme"
| #define VERSION "1.7.0"
| #define STDC_HEADERS 1
| #define HAVE_SYS_TYPES_H 1
| #define HAVE_SYS_STAT_H 1
| #define HAVE_STDLIB_H 1
| #define HAVE_STRING_H 1
| #define HAVE_MEMORY_H 1
| #define HAVE_STRINGS_H 1
| #define HAVE_INTTYPES_H 1
| #define HAVE_STDINT_H 1
| #define HAVE_UNISTD_H 1
| #define __EXTENSIONS__ 1
| #define _ALL_SOURCE 1
| #define _GNU_SOURCE 1
| #define _POSIX_PTHREAD_SEMANTICS 1
| #define _TANDEM_SOURCE 1
| #define PACKAGE "gpgme"
| #define VERSION "1.7.0"
| #define HAVE_DLFCN_H 1
| #define LT_OBJDIR ".libs/"
| #define HAVE_PTHREAD /**/
| #define HAVE_CXX11 1
| #define BUILD_REVISION "e7ab753"
| #define BUILD_TIMESTAMP "<none>"
| #define HAVE_LOCALE_H 1
| #define HAVE_SYS_SELECT_H 1
| #define HAVE_SYS_UIO_H 1
| #define HAVE_ARGP_H 1
| #define HAVE_UNISTD_H 1
| #define HAVE_SYS_TIME_H 1
| #define HAVE_SYS_TYPES_H 1
| #define HAVE_SYS_STAT_H 1
| #define SIZEOF_UNSIGNED_INT 4
| #define HAVE_UINTPTR_T 1
| #define HAVE_TLS 1
| #define HAVE_FSEEKO 1
| #define HAVE_VASPRINTF 1
| #define HAVE_DECL_TTYNAME_R 1
| #define HAVE_UNISTD_H 1
| #define HAVE_TTYNAME_R 1
| /* end confdefs.h.  */
| #include <stddef.h>
|               #include <unistd.h>
| int
| main ()
| {
| *ttyname_r (0, NULL, 0);
|   ;
|   return 0;
| }
| 
configure:21472: result: yes
configure:21500: checking whether ttyname_r works with small buffers
configure:21539: gcc -o conftest -g -O2 -Wall -Wcast-align -Wshadow -Wstrict-prototypes -Wformat -Wno-format-y2k -Wformat-security -W -Wextra -Wbad-function-cast -Wwrite-strings -Wdeclaration-after-statement -Wno-missing-field-initializers -Wno-sign-compare -Wpointer-arith  -L/usr/local/lib conftest.c  >&5
configure:21539: $? = 0
configure:21539: ./conftest
configure:21539: $? = 0
configure:21552: result: yes
configure:21586: checking whether we are using the GNU C Library 2.1 or newer
configure:21613: result: yes
configure:21630: checking for getenv_r
configure:21630: gcc -o conftest -g -O2 -Wall -Wcast-align -Wshadow -Wstrict-prototypes -Wformat -Wno-format-y2k -Wformat-security -W -Wextra -Wbad-function-cast -Wwrite-strings -Wdeclaration-after-statement -Wno-missing-field-initializers -Wno-sign-compare -Wpointer-arith  -L/usr/local/lib conftest.c  >&5
conftest.c:75:1: warning: function declaration isn't a prototype [-Wstrict-prototypes]
 char getenv_r ();
 ^
conftest.c:84:1: warning: function declaration isn't a prototype [-Wstrict-prototypes]
 main ()
 ^
/tmp/ccB4NjEc.o: In function `main':
/home/parallels/Documents/gnupg-2.1.8/PLAY/build/gpgme/conftest.c:86: undefined reference to `getenv_r'
collect2: error: ld returned 1 exit status
configure:21630: $? = 1
configure: failed program was:
| /* confdefs.h */
| #define PACKAGE_NAME "gpgme"
| #define PACKAGE_TARNAME "gpgme"
| #define PACKAGE_VERSION "1.7.0"
| #define PACKAGE_STRING "gpgme 1.7.0"
| #define PACKAGE_BUGREPORT "http://bugs.gnupg.org"
| #define PACKAGE_URL ""
| #define PACKAGE "gpgme"
| #define VERSION "1.7.0"
| #define STDC_HEADERS 1
| #define HAVE_SYS_TYPES_H 1
| #define HAVE_SYS_STAT_H 1
| #define HAVE_STDLIB_H 1
| #define HAVE_STRING_H 1
| #define HAVE_MEMORY_H 1
| #define HAVE_STRINGS_H 1
| #define HAVE_INTTYPES_H 1
| #define HAVE_STDINT_H 1
| #define HAVE_UNISTD_H 1
| #define __EXTENSIONS__ 1
| #define _ALL_SOURCE 1
| #define _GNU_SOURCE 1
| #define _POSIX_PTHREAD_SEMANTICS 1
| #define _TANDEM_SOURCE 1
| #define PACKAGE "gpgme"
| #define VERSION "1.7.0"
| #define HAVE_DLFCN_H 1
| #define LT_OBJDIR ".libs/"
| #define HAVE_PTHREAD /**/
| #define HAVE_CXX11 1
| #define BUILD_REVISION "e7ab753"
| #define BUILD_TIMESTAMP "<none>"
| #define HAVE_LOCALE_H 1
| #define HAVE_SYS_SELECT_H 1
| #define HAVE_SYS_UIO_H 1
| #define HAVE_ARGP_H 1
| #define HAVE_UNISTD_H 1
| #define HAVE_SYS_TIME_H 1
| #define HAVE_SYS_TYPES_H 1
| #define HAVE_SYS_STAT_H 1
| #define SIZEOF_UNSIGNED_INT 4
| #define HAVE_UINTPTR_T 1
| #define HAVE_TLS 1
| #define HAVE_FSEEKO 1
| #define HAVE_VASPRINTF 1
| #define HAVE_DECL_TTYNAME_R 1
| #define HAVE_UNISTD_H 1
| #define HAVE_TTYNAME_R 1
| #define HAVE_POSIXDECL_TTYNAME_R 1
| #define HAVE_THREAD_SAFE_GETENV 1
| /* end confdefs.h.  */
| /* Define getenv_r to an innocuous variant, in case <limits.h> declares getenv_r.
|    For example, HP-UX 11i <limits.h> declares gettimeofday.  */
| #define getenv_r innocuous_getenv_r
| 
| /* System header to define __stub macros and hopefully few prototypes,
|     which can conflict with char getenv_r (); below.
|     Prefer <limits.h> to <assert.h> if __STDC__ is defined, since
|     <limits.h> exists even on freestanding compilers.  */
| 
| #ifdef __STDC__
| # include <limits.h>
| #else
| # include <assert.h>
| #endif
| 
| #undef getenv_r
| 
| /* Override any GCC internal prototype to avoid an error.
|    Use char because int might match the return type of a GCC
|    builtin and then its argument prototype would still apply.  */
| #ifdef __cplusplus
| extern "C"
| #endif
| char getenv_r ();
| /* The GNU C library defines this for functions which it implements
|     to always fail with ENOSYS.  Some functions are actually named
|     something starting with __ and the normal name is an alias.  */
| #if defined __stub_getenv_r || defined __stub___getenv_r
| choke me
| #endif
| 
| int
| main ()
| {
| return getenv_r ();
|   ;
|   return 0;
| }
configure:21630: result: no
configure:21654: checking for timegm
configure:21654: gcc -o conftest -g -O2 -Wall -Wcast-align -Wshadow -Wstrict-prototypes -Wformat -Wno-format-y2k -Wformat-security -W -Wextra -Wbad-function-cast -Wwrite-strings -Wdeclaration-after-statement -Wno-missing-field-initializers -Wno-sign-compare -Wpointer-arith  -L/usr/local/lib conftest.c  >&5
conftest.c:75:1: warning: function declaration isn't a prototype [-Wstrict-prototypes]
 char timegm ();
 ^
conftest.c:84:1: warning: function declaration isn't a prototype [-Wstrict-prototypes]
 main ()
 ^
configure:21654: $? = 0
configure:21654: result: yes
configure:21678: checking for setlocale
configure:21678: gcc -o conftest -g -O2 -Wall -Wcast-align -Wshadow -Wstrict-prototypes -Wformat -Wno-format-y2k -Wformat-security -W -Wextra -Wbad-function-cast -Wwrite-strings -Wdeclaration-after-statement -Wno-missing-field-initializers -Wno-sign-compare -Wpointer-arith  -L/usr/local/lib conftest.c  >&5
conftest.c:76:1: warning: function declaration isn't a prototype [-Wstrict-prototypes]
 char setlocale ();
 ^
conftest.c:85:1: warning: function declaration isn't a prototype [-Wstrict-prototypes]
 main ()
 ^
configure:21678: $? = 0
configure:21678: result: yes
configure:21728: checking for gpg-error-config
configure:21759: result: /usr/local/bin/gpg-error-config
configure:21768: checking for GPG Error - version >= 1.11
configure:21797: result: yes (1.24)
configure:21904: checking for libassuan-config
configure:21922: found /usr/local/bin/libassuan-config
configure:21934: result: /usr/local/bin/libassuan-config
configure:21966: checking for LIBASSUAN - version >= 2.0.2
configure:22004: result: yes (2.4.3)
configure:22015: checking LIBASSUAN API version
configure:22018: result: okay
configure:22083: checking for funopen
configure:22083: gcc -o conftest -g -O2 -Wall -Wcast-align -Wshadow -Wstrict-prototypes -Wformat -Wno-format-y2k -Wformat-security -W -Wextra -Wbad-function-cast -Wwrite-strings -Wdeclaration-after-statement -Wno-missing-field-initializers -Wno-sign-compare -Wpointer-arith  -L/usr/local/lib conftest.c  >&5
conftest.c:79:1: warning: function declaration isn't a prototype [-Wstrict-prototypes]
 char funopen ();
 ^
conftest.c:88:1: warning: function declaration isn't a prototype [-Wstrict-prototypes]
 main ()
 ^
/tmp/ccmbCcDp.o: In function `main':
/home/parallels/Documents/gnupg-2.1.8/PLAY/build/gpgme/conftest.c:90: undefined reference to `funopen'
collect2: error: ld returned 1 exit status
configure:22083: $? = 1
configure: failed program was:
| /* confdefs.h */
| #define PACKAGE_NAME "gpgme"
| #define PACKAGE_TARNAME "gpgme"
| #define PACKAGE_VERSION "1.7.0"
| #define PACKAGE_STRING "gpgme 1.7.0"
| #define PACKAGE_BUGREPORT "http://bugs.gnupg.org"
| #define PACKAGE_URL ""
| #define PACKAGE "gpgme"
| #define VERSION "1.7.0"
| #define STDC_HEADERS 1
| #define HAVE_SYS_TYPES_H 1
| #define HAVE_SYS_STAT_H 1
| #define HAVE_STDLIB_H 1
| #define HAVE_STRING_H 1
| #define HAVE_MEMORY_H 1
| #define HAVE_STRINGS_H 1
| #define HAVE_INTTYPES_H 1
| #define HAVE_STDINT_H 1
| #define HAVE_UNISTD_H 1
| #define __EXTENSIONS__ 1
| #define _ALL_SOURCE 1
| #define _GNU_SOURCE 1
| #define _POSIX_PTHREAD_SEMANTICS 1
| #define _TANDEM_SOURCE 1
| #define PACKAGE "gpgme"
| #define VERSION "1.7.0"
| #define HAVE_DLFCN_H 1
| #define LT_OBJDIR ".libs/"
| #define HAVE_PTHREAD /**/
| #define HAVE_CXX11 1
| #define BUILD_REVISION "e7ab753"
| #define BUILD_TIMESTAMP "<none>"
| #define HAVE_LOCALE_H 1
| #define HAVE_SYS_SELECT_H 1
| #define HAVE_SYS_UIO_H 1
| #define HAVE_ARGP_H 1
| #define HAVE_UNISTD_H 1
| #define HAVE_SYS_TIME_H 1
| #define HAVE_SYS_TYPES_H 1
| #define HAVE_SYS_STAT_H 1
| #define SIZEOF_UNSIGNED_INT 4
| #define HAVE_UINTPTR_T 1
| #define HAVE_TLS 1
| #define HAVE_FSEEKO 1
| #define HAVE_VASPRINTF 1
| #define HAVE_DECL_TTYNAME_R 1
| #define HAVE_UNISTD_H 1
| #define HAVE_TTYNAME_R 1
| #define HAVE_POSIXDECL_TTYNAME_R 1
| #define HAVE_THREAD_SAFE_GETENV 1
| #define HAVE_TIMEGM 1
| #define HAVE_SETLOCALE 1
| #define GPG_ERR_SOURCE_DEFAULT GPG_ERR_SOURCE_GPGME
| #define GPGME_LIBASSUAN_VERSION ""
| /* end confdefs.h.  */
| /* Define funopen to an innocuous variant, in case <limits.h> declares funopen.
|    For example, HP-UX 11i <limits.h> declares gettimeofday.  */
| #define funopen innocuous_funopen
| 
| /* System header to define __stub macros and hopefully few prototypes,
|     which can conflict with char funopen (); below.
|     Prefer <limits.h> to <assert.h> if __STDC__ is defined, since
|     <limits.h> exists even on freestanding compilers.  */
| 
| #ifdef __STDC__
| # include <limits.h>
| #else
| # include <assert.h>
| #endif
| 
| #undef funopen
| 
| /* Override any GCC internal prototype to avoid an error.
|    Use char because int might match the return type of a GCC
|    builtin and then its argument prototype would still apply.  */
| #ifdef __cplusplus
| extern "C"
| #endif
| char funopen ();
| /* The GNU C library defines this for functions which it implements
|     to always fail with ENOSYS.  Some functions are actually named
|     something starting with __ and the normal name is an alias.  */
| #if defined __stub_funopen || defined __stub___funopen
| choke me
| #endif
| 
| int
| main ()
| {
| return funopen ();
|   ;
|   return 0;
| }
configure:22083: result: no
configure:22096: checking for fopencookie
configure:22096: gcc -o conftest -g -O2 -Wall -Wcast-align -Wshadow -Wstrict-prototypes -Wformat -Wno-format-y2k -Wformat-security -W -Wextra -Wbad-function-cast -Wwrite-strings -Wdeclaration-after-statement -Wno-missing-field-initializers -Wno-sign-compare -Wpointer-arith  -L/usr/local/lib conftest.c  >&5
conftest.c:79:1: warning: function declaration isn't a prototype [-Wstrict-prototypes]
 char fopencookie ();
 ^
conftest.c:88:1: warning: function declaration isn't a prototype [-Wstrict-prototypes]
 main ()
 ^
configure:22096: $? = 0
configure:22096: result: yes
configure:22106: checking for funopen
configure:22106: result: no
configure:22136: checking for getgid
configure:22136: gcc -o conftest -g -O2 -Wall -Wcast-align -Wshadow -Wstrict-prototypes -Wformat -Wno-format-y2k -Wformat-security -W -Wextra -Wbad-function-cast -Wwrite-strings -Wdeclaration-after-statement -Wno-missing-field-initializers -Wno-sign-compare -Wpointer-arith  -L/usr/local/lib conftest.c  >&5
conftest.c:80:1: warning: function declaration isn't a prototype [-Wstrict-prototypes]
 char getgid ();
 ^
conftest.c:89:1: warning: function declaration isn't a prototype [-Wstrict-prototypes]
 main ()
 ^
configure:22136: $? = 0
configure:22136: result: yes
configure:22136: checking for getegid
configure:22136: gcc -o conftest -g -O2 -Wall -Wcast-align -Wshadow -Wstrict-prototypes -Wformat -Wno-format-y2k -Wformat-security -W -Wextra -Wbad-function-cast -Wwrite-strings -Wdeclaration-after-statement -Wno-missing-field-initializers -Wno-sign-compare -Wpointer-arith  -L/usr/local/lib conftest.c  >&5
conftest.c:81:1: warning: function declaration isn't a prototype [-Wstrict-prototypes]
 char getegid ();
 ^
conftest.c:90:1: warning: function declaration isn't a prototype [-Wstrict-prototypes]
 main ()
 ^
configure:22136: $? = 0
configure:22136: result: yes
configure:22148: checking for stpcpy
configure:22148: gcc -o conftest -g -O2 -Wall -Wcast-align -Wshadow -Wstrict-prototypes -Wformat -Wno-format-y2k -Wformat-security -W -Wextra -Wbad-function-cast -Wwrite-strings -Wdeclaration-after-statement -Wno-missing-field-initializers -Wno-sign-compare -Wpointer-arith  -L/usr/local/lib conftest.c  >&5
conftest.c:82:1: warning: function declaration isn't a prototype [-Wstrict-prototypes]
 char stpcpy ();
 ^
conftest.c:82:6: warning: conflicting types for built-in function 'stpcpy' [enabled by default]
 char stpcpy ();
      ^
conftest.c:91:1: warning: function declaration isn't a prototype [-Wstrict-prototypes]
 main ()
 ^
configure:22148: $? = 0
configure:22148: result: yes
configure:22162: checking for setenv
configure:22162: gcc -o conftest -g -O2 -Wall -Wcast-align -Wshadow -Wstrict-prototypes -Wformat -Wno-format-y2k -Wformat-security -W -Wextra -Wbad-function-cast -Wwrite-strings -Wdeclaration-after-statement -Wno-missing-field-initializers -Wno-sign-compare -Wpointer-arith  -L/usr/local/lib conftest.c  >&5
conftest.c:83:1: warning: function declaration isn't a prototype [-Wstrict-prototypes]
 char setenv ();
 ^
conftest.c:92:1: warning: function declaration isn't a prototype [-Wstrict-prototypes]
 main ()
 ^
configure:22162: $? = 0
configure:22162: result: yes
configure:22178: checking for struct cmsghdr.cmsg_len
configure:22178: gcc -c -g -O2 -Wall -Wcast-align -Wshadow -Wstrict-prototypes -Wformat -Wno-format-y2k -Wformat-security -W -Wextra -Wbad-function-cast -Wwrite-strings -Wdeclaration-after-statement -Wno-missing-field-initializers -Wno-sign-compare -Wpointer-arith  conftest.c >&5
conftest.c:75:1: warning: function declaration isn't a prototype [-Wstrict-prototypes]
 main ()
 ^
configure:22178: $? = 0
configure:22178: result: yes
configure:22286: checking for error_t
configure:22286: gcc -c -g -O2 -Wall -Wcast-align -Wshadow -Wstrict-prototypes -Wformat -Wno-format-y2k -Wformat-security -W -Wextra -Wbad-function-cast -Wwrite-strings -Wdeclaration-after-statement -Wno-missing-field-initializers -Wno-sign-compare -Wpointer-arith  conftest.c >&5
conftest.c:66:1: warning: function declaration isn't a prototype [-Wstrict-prototypes]
 main ()
 ^
configure:22286: $? = 0
configure:22286: gcc -c -g -O2 -Wall -Wcast-align -Wshadow -Wstrict-prototypes -Wformat -Wno-format-y2k -Wformat-security -W -Wextra -Wbad-function-cast -Wwrite-strings -Wdeclaration-after-statement -Wno-missing-field-initializers -Wno-sign-compare -Wpointer-arith  conftest.c >&5
conftest.c:66:1: warning: function declaration isn't a prototype [-Wstrict-prototypes]
 main ()
 ^
conftest.c: In function 'main':
conftest.c:68:22: error: expected expression before ')' token
 if (sizeof ((error_t)))
                      ^
configure:22286: $? = 1
configure: failed program was:
| /* confdefs.h */
| #define PACKAGE_NAME "gpgme"
| #define PACKAGE_TARNAME "gpgme"
| #define PACKAGE_VERSION "1.7.0"
| #define PACKAGE_STRING "gpgme 1.7.0"
| #define PACKAGE_BUGREPORT "http://bugs.gnupg.org"
| #define PACKAGE_URL ""
| #define PACKAGE "gpgme"
| #define VERSION "1.7.0"
| #define STDC_HEADERS 1
| #define HAVE_SYS_TYPES_H 1
| #define HAVE_SYS_STAT_H 1
| #define HAVE_STDLIB_H 1
| #define HAVE_STRING_H 1
| #define HAVE_MEMORY_H 1
| #define HAVE_STRINGS_H 1
| #define HAVE_INTTYPES_H 1
| #define HAVE_STDINT_H 1
| #define HAVE_UNISTD_H 1
| #define __EXTENSIONS__ 1
| #define _ALL_SOURCE 1
| #define _GNU_SOURCE 1
| #define _POSIX_PTHREAD_SEMANTICS 1
| #define _TANDEM_SOURCE 1
| #define PACKAGE "gpgme"
| #define VERSION "1.7.0"
| #define HAVE_DLFCN_H 1
| #define LT_OBJDIR ".libs/"
| #define HAVE_PTHREAD /**/
| #define HAVE_CXX11 1
| #define BUILD_REVISION "e7ab753"
| #define BUILD_TIMESTAMP "<none>"
| #define HAVE_LOCALE_H 1
| #define HAVE_SYS_SELECT_H 1
| #define HAVE_SYS_UIO_H 1
| #define HAVE_ARGP_H 1
| #define HAVE_UNISTD_H 1
| #define HAVE_SYS_TIME_H 1
| #define HAVE_SYS_TYPES_H 1
| #define HAVE_SYS_STAT_H 1
| #define SIZEOF_UNSIGNED_INT 4
| #define HAVE_UINTPTR_T 1
| #define HAVE_TLS 1
| #define HAVE_FSEEKO 1
| #define HAVE_VASPRINTF 1
| #define HAVE_DECL_TTYNAME_R 1
| #define HAVE_UNISTD_H 1
| #define HAVE_TTYNAME_R 1
| #define HAVE_POSIXDECL_TTYNAME_R 1
| #define HAVE_THREAD_SAFE_GETENV 1
| #define HAVE_TIMEGM 1
| #define HAVE_SETLOCALE 1
| #define GPG_ERR_SOURCE_DEFAULT GPG_ERR_SOURCE_GPGME
| #define GPGME_LIBASSUAN_VERSION ""
| #define HAVE_FOPENCOOKIE 1
| #define HAVE_GETGID 1
| #define HAVE_GETEGID 1
| #define HAVE_STPCPY 1
| #define HAVE_SETENV 1
| #define USE_DESCRIPTOR_PASSING 1
| #define ENABLE_UISERVER 1
| /* end confdefs.h.  */
| #include <errno.h>
| 
| int
| main ()
| {
| if (sizeof ((error_t)))
| 	    return 0;
|   ;
|   return 0;
| }
configure:22286: result: yes
configure:22501: checking that generated files are newer than configure
configure:22507: result: done
configure:22602: creating ./config.status

## ---------------------- ##
## Running config.status. ##
## ---------------------- ##

This file was extended by gpgme config.status 1.7.0, which was
generated by GNU Autoconf 2.69.  Invocation command line was

  CONFIG_FILES    = 
  CONFIG_HEADERS  = 
  CONFIG_LINKS    = 
  CONFIG_COMMANDS = 
  $ ./config.status --quiet

on ubuntu

config.status:1376: creating Makefile
config.status:1376: creating src/Makefile
config.status:1376: creating tests/Makefile
config.status:1376: creating tests/gpg/Makefile
config.status:1376: creating tests/gpgsm/Makefile
config.status:1376: creating tests/opassuan/Makefile
config.status:1376: creating doc/Makefile
config.status:1376: creating src/versioninfo.rc
config.status:1376: creating src/gpgme.h
config.status:1376: creating src/gpgme-config
config.status:1376: creating lang/cpp/Makefile
config.status:1376: creating lang/cpp/src/Makefile
config.status:1376: creating lang/cpp/src/GpgmeppConfig.cmake.in
config.status:1376: creating lang/cpp/src/GpgmeppConfigVersion.cmake
config.status:1376: creating lang/cpp/src/gpgmepp_version.h
config.status:1376: creating lang/qt/Makefile
config.status:1376: creating lang/qt/src/Makefile
config.status:1376: creating lang/qt/src/QGpgmeConfig.cmake.in
config.status:1376: creating lang/qt/src/QGpgmeConfigVersion.cmake
config.status:1376: creating lang/qt/tests/Makefile
config.status:1376: creating lang/qt/src/qgpgme_version.h
config.status:1376: creating lang/Makefile
config.status:1376: creating lang/cl/Makefile
config.status:1376: creating lang/cl/gpgme.asd
config.status:1376: creating lang/qt/doc/Makefile
config.status:1376: creating lang/python/Makefile
config.status:1376: creating lang/python/setup.py
config.status:1376: creating lang/python/pyme/version.py
config.status:1376: creating lang/python/tests/Makefile
config.status:1376: creating config.h
config.status:1590: executing depfiles commands
config.status:1590: executing libtool commands
configure:25361: WARNING: unrecognized options: --disable-w32-qt

## ---------------- ##
## Cache variables. ##
## ---------------- ##

ac_cv_build=x86_64-pc-linux-gnu
ac_cv_c_compiler_gnu=yes
ac_cv_c_inline=inline
ac_cv_cxx_compiler_gnu=yes
ac_cv_env_CCC_set=
ac_cv_env_CCC_value=
ac_cv_env_CC_FOR_BUILD_set=
ac_cv_env_CC_FOR_BUILD_value=
ac_cv_env_CC_set=
ac_cv_env_CC_value=
ac_cv_env_CFLAGS_set=
ac_cv_env_CFLAGS_value=
ac_cv_env_CPPFLAGS_set=
ac_cv_env_CPPFLAGS_value=
ac_cv_env_CPP_set=
ac_cv_env_CPP_value=
ac_cv_env_CXXCPP_set=
ac_cv_env_CXXCPP_value=
ac_cv_env_CXXFLAGS_set=
ac_cv_env_CXXFLAGS_value=
ac_cv_env_CXX_set=
ac_cv_env_CXX_value=
ac_cv_env_GPGME_QTTEST_CFLAGS_set=
ac_cv_env_GPGME_QTTEST_CFLAGS_value=
ac_cv_env_GPGME_QTTEST_LIBS_set=
ac_cv_env_GPGME_QTTEST_LIBS_value=
ac_cv_env_GPGME_QT_CFLAGS_set=
ac_cv_env_GPGME_QT_CFLAGS_value=
ac_cv_env_GPGME_QT_LIBS_set=
ac_cv_env_GPGME_QT_LIBS_value=
ac_cv_env_LDFLAGS_set=set
ac_cv_env_LDFLAGS_value=-L/usr/local/lib
ac_cv_env_LIBS_set=
ac_cv_env_LIBS_value=
ac_cv_env_PKG_CONFIG_set=set
ac_cv_env_PKG_CONFIG_value=/usr/bin/pkg-config
ac_cv_env_PYTHON_VERSION_set=
ac_cv_env_PYTHON_VERSION_value=
ac_cv_env_PYTHON_set=
ac_cv_env_PYTHON_value=
ac_cv_env_SYSROOT_set=set
ac_cv_env_SYSROOT_value=/usr/local
ac_cv_env_build_alias_set=
ac_cv_env_build_alias_value=
ac_cv_env_host_alias_set=
ac_cv_env_host_alias_value=
ac_cv_env_target_alias_set=
ac_cv_env_target_alias_value=
ac_cv_func_fopencookie=yes
ac_cv_func_funopen=no
ac_cv_func_getegid=yes
ac_cv_func_getenv_r=no
ac_cv_func_getgid=yes
ac_cv_func_setenv=yes
ac_cv_func_setlocale=yes
ac_cv_func_stpcpy=yes
ac_cv_func_timegm=yes
ac_cv_func_ttyname_r=yes
ac_cv_func_vasprintf=yes
ac_cv_gnu_library_2_1=yes
ac_cv_have_decl_ttyname_r=yes
ac_cv_header_argp_h=yes
ac_cv_header_dlfcn_h=yes
ac_cv_header_inttypes_h=yes
ac_cv_header_locale_h=yes
ac_cv_header_memory_h=yes
ac_cv_header_minix_config_h=no
ac_cv_header_stdc=yes
ac_cv_header_stdint_h=yes
ac_cv_header_stdlib_h=yes
ac_cv_header_string_h=yes
ac_cv_header_strings_h=yes
ac_cv_header_sys_select_h=yes
ac_cv_header_sys_stat_h=yes
ac_cv_header_sys_time_h=yes
ac_cv_header_sys_types_h=yes
ac_cv_header_sys_uio_h=yes
ac_cv_header_unistd_h=yes
ac_cv_host=x86_64-pc-linux-gnu
ac_cv_lib_pthread_pthread_create=yes
ac_cv_member_struct_cmsghdr_cmsg_len=yes
ac_cv_objext=o
ac_cv_path_EGREP='/bin/grep -E'
ac_cv_path_FGREP='/bin/grep -F'
ac_cv_path_GPG_ERROR_CONFIG=/usr/local/bin/gpg-error-config
ac_cv_path_GREP=/bin/grep
ac_cv_path_SED=/bin/sed
ac_cv_path_ac_pt_LIBASSUAN_CONFIG=/usr/local/bin/libassuan-config
ac_cv_path_install='/usr/bin/install -c'
ac_cv_path_mkdir=/bin/mkdir
ac_cv_prog_AWK=mawk
ac_cv_prog_CPP='gcc -E'
ac_cv_prog_CXXCPP='g++ -E'
ac_cv_prog_ac_ct_AR=ar
ac_cv_prog_ac_ct_CC=gcc
ac_cv_prog_ac_ct_CXX=g++
ac_cv_prog_ac_ct_MANIFEST_TOOL=mt
ac_cv_prog_ac_ct_OBJDUMP=objdump
ac_cv_prog_ac_ct_RANLIB=ranlib
ac_cv_prog_ac_ct_STRIP=strip
ac_cv_prog_cc_c89=
ac_cv_prog_cc_g=yes
ac_cv_prog_cxx_g=yes
ac_cv_prog_make_make_set=yes
ac_cv_safe_to_define___extensions__=yes
ac_cv_sizeof_unsigned_int=4
ac_cv_sys_file_offset_bits=no
ac_cv_sys_largefile_CC=no
ac_cv_sys_largefile_source=no
ac_cv_type_error_t=yes
ac_cv_type_off_t=yes
ac_cv_type_uintptr_t=yes
am_cv_CC_dependencies_compiler_type=gcc3
am_cv_CXX_dependencies_compiler_type=gcc3
am_cv_make_support_nested_variables=yes
am_cv_prog_cc_c_o=yes
ax_cv_cxx_compile_cxx11=no
ax_cv_cxx_compile_cxx11__std_cpp11=yes
gnupg_cv_func_ttyname_r_posix=yes
gnupg_cv_func_ttyname_r_works=yes
gpgme_cv_tls_works=yes
lt_cv_ar_at_file=@
lt_cv_archive_cmds_need_lc=no
lt_cv_deplibs_check_method=pass_all
lt_cv_file_magic_cmd='$MAGIC_CMD'
lt_cv_file_magic_test_file=
lt_cv_ld_reload_flag=-r
lt_cv_nm_interface='BSD nm'
lt_cv_objdir=.libs
lt_cv_path_LD=/usr/bin/ld
lt_cv_path_LDCXX='/usr/bin/ld -m elf_x86_64'
lt_cv_path_NM='/usr/bin/nm -B'
lt_cv_path_mainfest_tool=no
lt_cv_prog_compiler_c_o=yes
lt_cv_prog_compiler_c_o_CXX=yes
lt_cv_prog_compiler_c_o_RC=yes
lt_cv_prog_compiler_pic='-fPIC -DPIC'
lt_cv_prog_compiler_pic_CXX='-fPIC -DPIC'
lt_cv_prog_compiler_pic_works=yes
lt_cv_prog_compiler_pic_works_CXX=yes
lt_cv_prog_compiler_rtti_exceptions=no
lt_cv_prog_compiler_static_works=yes
lt_cv_prog_compiler_static_works_CXX=yes
lt_cv_prog_gnu_ld=yes
lt_cv_prog_gnu_ldcxx=yes
lt_cv_sharedlib_from_linklib_cmd='printf %s\n'
lt_cv_shlibpath_overrides_runpath=no
lt_cv_sys_global_symbol_pipe='sed -n -e '\''s/^.*[	 ]\([ABCDGIRSTW][ABCDGIRSTW]*\)[	 ][	 ]*\([_A-Za-z][_A-Za-z0-9]*\)$/\1 \2 \2/p'\'' | sed '\''/ __gnu_lto/d'\'''
lt_cv_sys_global_symbol_to_c_name_address='sed -n -e '\''s/^: \([^ ]*\)[ ]*$/  {\"\1\", (void *) 0},/p'\'' -e '\''s/^[ABCDGIRSTW]* \([^ ]*\) \([^ ]*\)$/  {"\2", (void *) \&\2},/p'\'''
lt_cv_sys_global_symbol_to_c_name_address_lib_prefix='sed -n -e '\''s/^: \([^ ]*\)[ ]*$/  {\"\1\", (void *) 0},/p'\'' -e '\''s/^[ABCDGIRSTW]* \([^ ]*\) \(lib[^ ]*\)$/  {"\2", (void *) \&\2},/p'\'' -e '\''s/^[ABCDGIRSTW]* \([^ ]*\) \([^ ]*\)$/  {"lib\2", (void *) \&\2},/p'\'''
lt_cv_sys_global_symbol_to_cdecl='sed -n -e '\''s/^T .* \(.*\)$/extern int \1();/p'\'' -e '\''s/^[ABCDGIRSTW]* .* \(.*\)$/extern char \1;/p'\'''
lt_cv_sys_max_cmd_len=3458764513820540925
lt_cv_to_host_file_cmd=func_convert_file_noop
lt_cv_to_tool_file_cmd=func_convert_file_noop

## ----------------- ##
## Output variables. ##
## ----------------- ##

#include <sys/types.h>
ACLOCAL='${SHELL} /home/parallels/Documents/gnupg-2.1.8/PLAY/src/gpgme/build-aux/missing aclocal-1.14'
AMDEPBACKSLASH='\'
AMDEP_FALSE='#'
AMDEP_TRUE=''
AMTAR='$${TAR-tar}'
AM_BACKSLASH='\'
AM_DEFAULT_V='$(AM_DEFAULT_VERBOSITY)'
AM_DEFAULT_VERBOSITY='1'
AM_V='$(V)'
API__OFF_T='off_t'
API__SSIZE_T='ssize_t'
AR='ar'
AS='as'
AUTOCONF='${SHELL} /home/parallels/Documents/gnupg-2.1.8/PLAY/src/gpgme/build-aux/missing autoconf'
AUTOHEADER='${SHELL} /home/parallels/Documents/gnupg-2.1.8/PLAY/src/gpgme/build-aux/missing autoheader'
AUTOMAKE='${SHELL} /home/parallels/Documents/gnupg-2.1.8/PLAY/src/gpgme/build-aux/missing automake-1.14'
AWK='mawk'
BUILD_FILEVERSION='1,7,0,59307'
BUILD_REVISION='e7ab753'
BUILD_TIMESTAMP='<none>'
BUILD_W32_GLIB_FALSE=''
BUILD_W32_GLIB_TRUE='#'
CC='gcc'
CCDEPMODE='depmode=gcc3'
CC_FOR_BUILD='gcc'
CFLAGS='-g -O2 -Wall -Wcast-align -Wshadow -Wstrict-prototypes -Wformat -Wno-format-y2k -Wformat-security -W -Wextra -Wbad-function-cast -Wwrite-strings -Wdeclaration-after-statement -Wno-missing-field-initializers -Wno-sign-compare -Wpointer-arith'
CPP='gcc -E'
CPPFLAGS=''
CXX='g++ -std=c++11'
CXXCPP='g++ -E -std=c++11'
CXXDEPMODE='depmode=gcc3'
CXXFLAGS='-g -O2'
CYGPATH_W='echo'
DEFS='-DHAVE_CONFIG_H'
DEPDIR='.deps'
DLLTOOL='false'
DOXYGEN=''
DSYMUTIL=''
DUMPBIN=''
ECHO_C=''
ECHO_N='-n'
ECHO_T=''
EGREP='/bin/grep -E'
ENABLED_LANGUAGES='cl cpp '
EXEEXT=''
FGREP='/bin/grep -F'
GITLOG_TO_CHANGELOG='gitlog-to-changelog'
GLIBC21='yes'
GLIB_CFLAGS=''
GLIB_GENMARSHAL=''
GLIB_LIBS=''
GLIB_MKENUMS=''
GOBJECT_QUERY=''
GPGME_CONFIG_API_VERSION='1'
GPGME_CONFIG_AVAIL_LANG='cl cpp '
GPGME_CONFIG_CFLAGS=''
GPGME_CONFIG_HOST='x86_64-pc-linux-gnu'
GPGME_CONFIG_LIBS='-lgpgme'
GPGME_QTTEST_CFLAGS=''
GPGME_QTTEST_LIBS=''
GPGME_QT_CFLAGS=''
GPGME_QT_LIBS=''
GPG_ERROR_CFLAGS='-I/usr/local/include'
GPG_ERROR_CONFIG='/usr/local/bin/gpg-error-config'
GPG_ERROR_LIBS='-L/usr/local/lib -lgpg-error'
GPG_ERROR_MT_CFLAGS='-I/usr/local/include'
GPG_ERROR_MT_LIBS='-L/usr/local/lib -lgpg-error -lpthread'
GRAPHVIZ=''
GREP='/bin/grep'
HAVE_ANDROID_SYSTEM_FALSE=''
HAVE_ANDROID_SYSTEM_TRUE='#'
HAVE_CXX11='1'
HAVE_DOSISH_SYSTEM_FALSE=''
HAVE_DOSISH_SYSTEM_TRUE='#'
HAVE_DOT='NO'
HAVE_DOXYGEN_FALSE=''
HAVE_DOXYGEN_TRUE='#'
HAVE_LD_VERSION_SCRIPT_FALSE='#'
HAVE_LD_VERSION_SCRIPT_TRUE=''
HAVE_PTHREAD_FALSE='#'
HAVE_PTHREAD_TRUE=''
HAVE_UISERVER_FALSE='#'
HAVE_UISERVER_TRUE=''
HAVE_W32CE_SYSTEM_FALSE=''
HAVE_W32CE_SYSTEM_TRUE='#'
HAVE_W32_SYSTEM_FALSE=''
HAVE_W32_SYSTEM_TRUE='#'
HAVE_W64_SYSTEM_FALSE=''
HAVE_W64_SYSTEM_TRUE='#'
INSERT__TYPEDEFS_FOR_GPGME_H='
INSTALL_DATA='${INSTALL} -m 644'
INSTALL_PROGRAM='${INSTALL}'
INSTALL_SCRIPT='${INSTALL}'
INSTALL_STRIP_PROGRAM='$(install_sh) -c -s'
LD='/usr/bin/ld -m elf_x86_64'
LDFLAGS='-L/usr/local/lib'
LIBASSUAN_CFLAGS='-I/usr/local/include'
LIBASSUAN_CONFIG='/usr/local/bin/libassuan-config'
LIBASSUAN_LIBS='-lassuan -L/usr/local/lib -lgpg-error'
LIBGPGMEPP_LT_AGE='0'
LIBGPGMEPP_LT_CURRENT='6'
LIBGPGMEPP_LT_REVISION='1'
LIBGPGME_LT_AGE='15'
LIBGPGME_LT_CURRENT='26'
LIBGPGME_LT_REVISION='0'
LIBOBJS=' ${LIBOBJDIR}funopen$U.o'
LIBQGPGME_LT_AGE='0'
LIBQGPGME_LT_CURRENT='6'
LIBQGPGME_LT_REVISION='1'
LIBS=''
LIBTOOL='$(SHELL) $(top_builddir)/libtool'
LIPO=''
LN_S='ln -s'
LTLIBOBJS=' ${LIBOBJDIR}funopen$U.lo'
MAINT=''
MAINTAINER_MODE_FALSE='#'
MAINTAINER_MODE_TRUE=''
MAKEINFO='${SHELL} /home/parallels/Documents/gnupg-2.1.8/PLAY/src/gpgme/build-aux/missing makeinfo'
MANIFEST_TOOL=':'
MKDIR_P='/bin/mkdir -p'
MOC2=''
MOC=''
NEED__FILE_OFFSET_BITS='0'
NM='/usr/bin/nm -B'
NMEDIT=''
OBJDUMP='objdump'
OBJEXT='o'
OTOOL64=''
OTOOL=''
PACKAGE='gpgme'
PACKAGE_BUGREPORT='http://bugs.gnupg.org'
PACKAGE_NAME='gpgme'
PACKAGE_STRING='gpgme 1.7.0'
PACKAGE_TARNAME='gpgme'
PACKAGE_URL=''
PACKAGE_VERSION='1.7.0'
PATH_SEPARATOR=':'
PKG_CONFIG='/usr/bin/pkg-config'
PYTHON=''
PYTHONS=''
PYTHON_CPPFLAGS=''
PYTHON_EXEC_PREFIX=''
PYTHON_EXTRA_LDFLAGS=''
PYTHON_EXTRA_LIBS=''
PYTHON_LDFLAGS=''
PYTHON_PLATFORM=''
PYTHON_PREFIX=''
PYTHON_SITE_PKG=''
PYTHON_VERSION=''
PYTHON_VERSIONS=''
QTCHOOSER=''
RANLIB='ranlib'
RC=''
RUN_G13_TESTS_FALSE='#'
RUN_G13_TESTS_TRUE=''
RUN_GPGCONF_TESTS_FALSE='#'
RUN_GPGCONF_TESTS_TRUE=''
RUN_GPGSM_TESTS_FALSE='#'
RUN_GPGSM_TESTS_TRUE=''
RUN_GPG_TESTS_FALSE='#'
RUN_GPG_TESTS_TRUE=''
SED='/bin/sed'
SET_MAKE=''
SHELL='/bin/bash'
STRIP='strip'
SWIG=''
SWIG_LIB=''
SYSROOT='/usr/local'
USE_DESCRIPTOR_PASSING_FALSE='#'
USE_DESCRIPTOR_PASSING_TRUE=''
VERSION='1.7.0'
VERSION_NUMBER='0x010700'
ac_ct_AR='ar'
ac_ct_CC='gcc'
ac_ct_CXX='g++'
ac_ct_DUMPBIN=''
am__EXEEXT_FALSE=''
am__EXEEXT_TRUE='#'
am__fastdepCC_FALSE='#'
am__fastdepCC_TRUE=''
am__fastdepCXX_FALSE='#'
am__fastdepCXX_TRUE=''
am__include='include'
am__isrc=' -I$(srcdir)'
am__leading_dot='.'
am__nodep='_no'
am__quote=''
am__tar='$${TAR-tar} chof - "$$tardir"'
am__untar='$${TAR-tar} xf -'
bindir='${exec_prefix}/bin'
build='x86_64-pc-linux-gnu'
build_alias=''
build_cpu='x86_64'
build_os='linux-gnu'
build_vendor='pc'
datadir='${datarootdir}'
datarootdir='${prefix}/share'
docdir='${datarootdir}/doc/${PACKAGE_TARNAME}'
dvidir='${docdir}'
emacs_local_vars_begin='Local Variables:'
emacs_local_vars_end='End:'
emacs_local_vars_read_only='buffer-read-only: t'
exec_prefix='${prefix}'
host='x86_64-pc-linux-gnu'
host_alias=''
host_cpu='x86_64'
host_os='linux-gnu'
host_vendor='pc'
htmldir='${docdir}'
includedir='${prefix}/include'
infodir='${datarootdir}/info'
install_sh='${SHELL} /home/parallels/Documents/gnupg-2.1.8/PLAY/src/gpgme/build-aux/install-sh'
libdir='${exec_prefix}/lib'
libexecdir='${exec_prefix}/libexec'
localedir='${datarootdir}/locale'
localstatedir='${prefix}/var'
mandir='${datarootdir}/man'
mkdir_p='$(MKDIR_P)'
oldincludedir='/usr/include'
pdfdir='${docdir}'
pkgpyexecdir=''
pkgpythondir=''
prefix='/usr/local'
program_transform_name='s,x,x,'
psdir='${docdir}'
pyexecdir=''
pythondir=''
sbindir='${exec_prefix}/sbin'
sharedstatedir='${prefix}/com'
sysconfdir='${prefix}/etc'
target_alias=''
typedef off_t   gpgme_off_t;
typedef ssize_t gpgme_ssize_t;'

## ----------- ##
## confdefs.h. ##
## ----------- ##

/* confdefs.h */
#define PACKAGE_NAME "gpgme"
#define PACKAGE_TARNAME "gpgme"
#define PACKAGE_VERSION "1.7.0"
#define PACKAGE_STRING "gpgme 1.7.0"
#define PACKAGE_BUGREPORT "http://bugs.gnupg.org"
#define PACKAGE_URL ""
#define PACKAGE "gpgme"
#define VERSION "1.7.0"
#define STDC_HEADERS 1
#define HAVE_SYS_TYPES_H 1
#define HAVE_SYS_STAT_H 1
#define HAVE_STDLIB_H 1
#define HAVE_STRING_H 1
#define HAVE_MEMORY_H 1
#define HAVE_STRINGS_H 1
#define HAVE_INTTYPES_H 1
#define HAVE_STDINT_H 1
#define HAVE_UNISTD_H 1
#define __EXTENSIONS__ 1
#define _ALL_SOURCE 1
#define _GNU_SOURCE 1
#define _POSIX_PTHREAD_SEMANTICS 1
#define _TANDEM_SOURCE 1
#define PACKAGE "gpgme"
#define VERSION "1.7.0"
#define HAVE_DLFCN_H 1
#define LT_OBJDIR ".libs/"
#define HAVE_PTHREAD /**/
#define HAVE_CXX11 1
#define BUILD_REVISION "e7ab753"
#define BUILD_TIMESTAMP "<none>"
#define HAVE_LOCALE_H 1
#define HAVE_SYS_SELECT_H 1
#define HAVE_SYS_UIO_H 1
#define HAVE_ARGP_H 1
#define HAVE_UNISTD_H 1
#define HAVE_SYS_TIME_H 1
#define HAVE_SYS_TYPES_H 1
#define HAVE_SYS_STAT_H 1
#define SIZEOF_UNSIGNED_INT 4
#define HAVE_UINTPTR_T 1
#define HAVE_TLS 1
#define HAVE_FSEEKO 1
#define HAVE_VASPRINTF 1
#define HAVE_DECL_TTYNAME_R 1
#define HAVE_UNISTD_H 1
#define HAVE_TTYNAME_R 1
#define HAVE_POSIXDECL_TTYNAME_R 1
#define HAVE_THREAD_SAFE_GETENV 1
#define HAVE_TIMEGM 1
#define HAVE_SETLOCALE 1
#define GPG_ERR_SOURCE_DEFAULT GPG_ERR_SOURCE_GPGME
#define GPGME_LIBASSUAN_VERSION ""
#define HAVE_FOPENCOOKIE 1
#define HAVE_GETGID 1
#define HAVE_GETEGID 1
#define HAVE_STPCPY 1
#define HAVE_SETENV 1
#define USE_DESCRIPTOR_PASSING 1
#define ENABLE_UISERVER 1
#define HAVE_ERROR_T 1

configure: exit 0
